running egg_info
writing /home/haruki/dev_ws/build/py_pubsub/py_pubsub.egg-info/PKG-INFO
writing dependency_links to /home/haruki/dev_ws/build/py_pubsub/py_pubsub.egg-info/dependency_links.txt
writing entry points to /home/haruki/dev_ws/build/py_pubsub/py_pubsub.egg-info/entry_points.txt
writing requirements to /home/haruki/dev_ws/build/py_pubsub/py_pubsub.egg-info/requires.txt
writing top-level names to /home/haruki/dev_ws/build/py_pubsub/py_pubsub.egg-info/top_level.txt
reading manifest file '/home/haruki/dev_ws/build/py_pubsub/py_pubsub.egg-info/SOURCES.txt'
writing manifest file '/home/haruki/dev_ws/build/py_pubsub/py_pubsub.egg-info/SOURCES.txt'
running build
running build_py
running install
running install_lib
running install_data
running install_egg_info
removing '/home/haruki/dev_ws/install/py_pubsub/lib/python3.8/site-packages/py_pubsub-0.0.0-py3.8.egg-info' (and everything under it)
Copying /home/haruki/dev_ws/build/py_pubsub/py_pubsub.egg-info to /home/haruki/dev_ws/install/py_pubsub/lib/python3.8/site-packages/py_pubsub-0.0.0-py3.8.egg-info
running install_scripts
Installing listener script to /home/haruki/dev_ws/install/py_pubsub/lib/py_pubsub
Installing talker script to /home/haruki/dev_ws/install/py_pubsub/lib/py_pubsub
writing list of installed files to '/home/haruki/dev_ws/build/py_pubsub/install.log'
