[0.469s] Invoking command in '/home/haruki/dev_ws/src/py_pubsub': PYTHONPATH=/home/haruki/dev_ws/install/py_pubsub/lib/python3.8/site-packages:${PYTHONPATH} /usr/bin/python3 setup.py egg_info --egg-base /home/haruki/dev_ws/build/py_pubsub build --build-base /home/haruki/dev_ws/build/py_pubsub/build install --prefix /home/haruki/dev_ws/install/py_pubsub --record /home/haruki/dev_ws/build/py_pubsub/install.log --single-version-externally-managed
[0.754s] running egg_info
[0.755s] writing /home/haruki/dev_ws/build/py_pubsub/py_pubsub.egg-info/PKG-INFO
[0.759s] writing dependency_links to /home/haruki/dev_ws/build/py_pubsub/py_pubsub.egg-info/dependency_links.txt
[0.759s] writing entry points to /home/haruki/dev_ws/build/py_pubsub/py_pubsub.egg-info/entry_points.txt
[0.759s] writing requirements to /home/haruki/dev_ws/build/py_pubsub/py_pubsub.egg-info/requires.txt
[0.759s] writing top-level names to /home/haruki/dev_ws/build/py_pubsub/py_pubsub.egg-info/top_level.txt
[0.797s] reading manifest file '/home/haruki/dev_ws/build/py_pubsub/py_pubsub.egg-info/SOURCES.txt'
[0.798s] writing manifest file '/home/haruki/dev_ws/build/py_pubsub/py_pubsub.egg-info/SOURCES.txt'
[0.799s] running build
[0.799s] running build_py
[0.799s] running install
[0.801s] running install_lib
[0.802s] running install_data
[0.803s] running install_egg_info
[0.805s] removing '/home/haruki/dev_ws/install/py_pubsub/lib/python3.8/site-packages/py_pubsub-0.0.0-py3.8.egg-info' (and everything under it)
[0.805s] Copying /home/haruki/dev_ws/build/py_pubsub/py_pubsub.egg-info to /home/haruki/dev_ws/install/py_pubsub/lib/python3.8/site-packages/py_pubsub-0.0.0-py3.8.egg-info
[0.806s] running install_scripts
[0.827s] Installing listener script to /home/haruki/dev_ws/install/py_pubsub/lib/py_pubsub
[0.827s] Installing talker script to /home/haruki/dev_ws/install/py_pubsub/lib/py_pubsub
[0.827s] writing list of installed files to '/home/haruki/dev_ws/build/py_pubsub/install.log'
[0.851s] Invoked command in '/home/haruki/dev_ws/src/py_pubsub' returned '0': PYTHONPATH=/home/haruki/dev_ws/install/py_pubsub/lib/python3.8/site-packages:${PYTHONPATH} /usr/bin/python3 setup.py egg_info --egg-base /home/haruki/dev_ws/build/py_pubsub build --build-base /home/haruki/dev_ws/build/py_pubsub/build install --prefix /home/haruki/dev_ws/install/py_pubsub --record /home/haruki/dev_ws/build/py_pubsub/install.log --single-version-externally-managed
