[0.029s] Invoking command in '/home/haruki/dev_ws/build/my_package': CMAKE_PREFIX_PATH=/opt/ros/foxy /usr/bin/cmake --build /home/haruki/dev_ws/build/my_package -- -j12 -l12
[0.379s] [100%] Built target my_node
[0.380s] Invoked command in '/home/haruki/dev_ws/build/my_package' returned '0': CMAKE_PREFIX_PATH=/opt/ros/foxy /usr/bin/cmake --build /home/haruki/dev_ws/build/my_package -- -j12 -l12
[0.412s] Invoking command in '/home/haruki/dev_ws/build/my_package': CMAKE_PREFIX_PATH=/opt/ros/foxy /usr/bin/cmake --install /home/haruki/dev_ws/build/my_package
[0.422s] -- Install configuration: ""
[0.422s] -- Up-to-date: /home/haruki/dev_ws/install/my_package/lib/my_package/my_node
[0.423s] -- Up-to-date: /home/haruki/dev_ws/install/my_package/share/ament_index/resource_index/package_run_dependencies/my_package
[0.423s] -- Up-to-date: /home/haruki/dev_ws/install/my_package/share/ament_index/resource_index/parent_prefix_path/my_package
[0.423s] -- Up-to-date: /home/haruki/dev_ws/install/my_package/share/my_package/environment/ament_prefix_path.sh
[0.424s] -- Up-to-date: /home/haruki/dev_ws/install/my_package/share/my_package/environment/ament_prefix_path.dsv
[0.424s] -- Up-to-date: /home/haruki/dev_ws/install/my_package/share/my_package/environment/path.sh
[0.424s] -- Up-to-date: /home/haruki/dev_ws/install/my_package/share/my_package/environment/path.dsv
[0.424s] -- Up-to-date: /home/haruki/dev_ws/install/my_package/share/my_package/local_setup.bash
[0.424s] -- Up-to-date: /home/haruki/dev_ws/install/my_package/share/my_package/local_setup.sh
[0.424s] -- Up-to-date: /home/haruki/dev_ws/install/my_package/share/my_package/local_setup.zsh
[0.424s] -- Up-to-date: /home/haruki/dev_ws/install/my_package/share/my_package/local_setup.dsv
[0.424s] -- Installing: /home/haruki/dev_ws/install/my_package/share/my_package/package.dsv
[0.425s] -- Up-to-date: /home/haruki/dev_ws/install/my_package/share/ament_index/resource_index/packages/my_package
[0.425s] -- Up-to-date: /home/haruki/dev_ws/install/my_package/share/my_package/cmake/my_packageConfig.cmake
[0.425s] -- Up-to-date: /home/haruki/dev_ws/install/my_package/share/my_package/cmake/my_packageConfig-version.cmake
[0.425s] -- Up-to-date: /home/haruki/dev_ws/install/my_package/share/my_package/package.xml
[0.427s] Invoked command in '/home/haruki/dev_ws/build/my_package' returned '0': CMAKE_PREFIX_PATH=/opt/ros/foxy /usr/bin/cmake --install /home/haruki/dev_ws/build/my_package
