[0.188s] Invoking command in '/home/haruki/dev_ws/src/py_pubsub': PYTHONPATH=/home/haruki/dev_ws/install/py_pubsub/lib/python3.8/site-packages:${PYTHONPATH} /usr/bin/python3 setup.py egg_info --egg-base /home/haruki/dev_ws/build/py_pubsub build --build-base /home/haruki/dev_ws/build/py_pubsub/build install --prefix /home/haruki/dev_ws/install/py_pubsub --record /home/haruki/dev_ws/build/py_pubsub/install.log --single-version-externally-managed
[0.357s] running egg_info
[0.358s] creating /home/haruki/dev_ws/build/py_pubsub/py_pubsub.egg-info
[0.358s] writing /home/haruki/dev_ws/build/py_pubsub/py_pubsub.egg-info/PKG-INFO
[0.358s] writing dependency_links to /home/haruki/dev_ws/build/py_pubsub/py_pubsub.egg-info/dependency_links.txt
[0.358s] writing entry points to /home/haruki/dev_ws/build/py_pubsub/py_pubsub.egg-info/entry_points.txt
[0.358s] writing requirements to /home/haruki/dev_ws/build/py_pubsub/py_pubsub.egg-info/requires.txt
[0.358s] writing top-level names to /home/haruki/dev_ws/build/py_pubsub/py_pubsub.egg-info/top_level.txt
[0.360s] writing manifest file '/home/haruki/dev_ws/build/py_pubsub/py_pubsub.egg-info/SOURCES.txt'
[0.388s] reading manifest file '/home/haruki/dev_ws/build/py_pubsub/py_pubsub.egg-info/SOURCES.txt'
[0.388s] writing manifest file '/home/haruki/dev_ws/build/py_pubsub/py_pubsub.egg-info/SOURCES.txt'
[0.388s] running build
[0.388s] running build_py
[0.388s] creating /home/haruki/dev_ws/build/py_pubsub/build
[0.389s] creating /home/haruki/dev_ws/build/py_pubsub/build/lib
[0.389s] creating /home/haruki/dev_ws/build/py_pubsub/build/lib/py_pubsub
[0.389s] copying py_pubsub/subscriber_member_function.py -> /home/haruki/dev_ws/build/py_pubsub/build/lib/py_pubsub
[0.389s] copying py_pubsub/publisher_member_function.py -> /home/haruki/dev_ws/build/py_pubsub/build/lib/py_pubsub
[0.389s] copying py_pubsub/__init__.py -> /home/haruki/dev_ws/build/py_pubsub/build/lib/py_pubsub
[0.389s] running install
[0.389s] running install_lib
[0.390s] creating /home/haruki/dev_ws/install/py_pubsub/lib/python3.8/site-packages/py_pubsub
[0.391s] copying /home/haruki/dev_ws/build/py_pubsub/build/lib/py_pubsub/subscriber_member_function.py -> /home/haruki/dev_ws/install/py_pubsub/lib/python3.8/site-packages/py_pubsub
[0.391s] copying /home/haruki/dev_ws/build/py_pubsub/build/lib/py_pubsub/publisher_member_function.py -> /home/haruki/dev_ws/install/py_pubsub/lib/python3.8/site-packages/py_pubsub
[0.391s] copying /home/haruki/dev_ws/build/py_pubsub/build/lib/py_pubsub/__init__.py -> /home/haruki/dev_ws/install/py_pubsub/lib/python3.8/site-packages/py_pubsub
[0.391s] byte-compiling /home/haruki/dev_ws/install/py_pubsub/lib/python3.8/site-packages/py_pubsub/subscriber_member_function.py to subscriber_member_function.cpython-38.pyc
[0.392s] byte-compiling /home/haruki/dev_ws/install/py_pubsub/lib/python3.8/site-packages/py_pubsub/publisher_member_function.py to publisher_member_function.cpython-38.pyc
[0.392s] byte-compiling /home/haruki/dev_ws/install/py_pubsub/lib/python3.8/site-packages/py_pubsub/__init__.py to __init__.cpython-38.pyc
[0.392s] running install_data
[0.393s] creating /home/haruki/dev_ws/install/py_pubsub/share/ament_index
[0.393s] creating /home/haruki/dev_ws/install/py_pubsub/share/ament_index/resource_index
[0.393s] creating /home/haruki/dev_ws/install/py_pubsub/share/ament_index/resource_index/packages
[0.393s] copying resource/py_pubsub -> /home/haruki/dev_ws/install/py_pubsub/share/ament_index/resource_index/packages
[0.393s] copying package.xml -> /home/haruki/dev_ws/install/py_pubsub/share/py_pubsub
[0.393s] running install_egg_info
[0.395s] Copying /home/haruki/dev_ws/build/py_pubsub/py_pubsub.egg-info to /home/haruki/dev_ws/install/py_pubsub/lib/python3.8/site-packages/py_pubsub-0.0.0-py3.8.egg-info
[0.395s] running install_scripts
[0.410s] Installing listener script to /home/haruki/dev_ws/install/py_pubsub/lib/py_pubsub
[0.410s] Installing talker script to /home/haruki/dev_ws/install/py_pubsub/lib/py_pubsub
[0.410s] writing list of installed files to '/home/haruki/dev_ws/build/py_pubsub/install.log'
[0.425s] Invoked command in '/home/haruki/dev_ws/src/py_pubsub' returned '0': PYTHONPATH=/home/haruki/dev_ws/install/py_pubsub/lib/python3.8/site-packages:${PYTHONPATH} /usr/bin/python3 setup.py egg_info --egg-base /home/haruki/dev_ws/build/py_pubsub build --build-base /home/haruki/dev_ws/build/py_pubsub/build install --prefix /home/haruki/dev_ws/install/py_pubsub --record /home/haruki/dev_ws/build/py_pubsub/install.log --single-version-externally-managed
