[0.019s] Invoking command in '/home/haruki/dev_ws/build/my_package': CMAKE_PREFIX_PATH=/opt/ros/foxy /usr/bin/cmake /home/haruki/dev_ws/src/my_package -DCMAKE_INSTALL_PREFIX=/home/haruki/dev_ws/install/my_package
[0.140s] -- The C compiler identification is GNU 9.3.0
[0.225s] -- The CXX compiler identification is GNU 9.3.0
[0.231s] -- Check for working C compiler: /usr/bin/cc
[0.283s] -- Check for working C compiler: /usr/bin/cc -- works
[0.284s] -- Detecting C compiler ABI info
[0.347s] -- Detecting C compiler ABI info - done
[0.359s] -- Detecting C compile features
[0.360s] -- Detecting C compile features - done
[0.363s] -- Check for working CXX compiler: /usr/bin/c++
[0.429s] -- Check for working CXX compiler: /usr/bin/c++ -- works
[0.429s] -- Detecting CXX compiler ABI info
[0.491s] -- Detecting CXX compiler ABI info - done
[0.502s] -- Detecting CXX compile features
[0.502s] -- Detecting CXX compile features - done
[0.505s] -- Found ament_cmake: 0.9.6 (/opt/ros/foxy/share/ament_cmake/cmake)
[0.526s] -- Found PythonInterp: /usr/bin/python3 (found suitable version "3.8.2", minimum required is "3") 
[0.526s] -- Using PYTHON_EXECUTABLE: /usr/bin/python3
[0.687s] -- Found ament_lint_auto: 0.9.5 (/opt/ros/foxy/share/ament_lint_auto/cmake)
[0.747s] -- Added test 'copyright' to check source files copyright and LICENSE
[0.748s] -- Added test 'cppcheck' to perform static code analysis on C / C++ code
[0.748s] -- Configured cppcheck include dirs: $<BUILD_INTERFACE:/home/haruki/dev_ws/src/my_package/include>
[0.749s] -- Configured cppcheck exclude dirs and/or files: 
[0.749s] -- Added test 'cpplint' to check C / C++ code against the Google style
[0.749s] -- Configured cpplint exclude dirs and/or files: 
[0.750s] -- Added test 'lint_cmake' to check CMake code style
[0.751s] -- Added test 'uncrustify' to check C / C++ code style
[0.751s] -- Configured uncrustify additional arguments: 
[0.751s] -- Added test 'xmllint' to check XML markup files
[0.753s] -- Configuring done
[0.755s] -- Generating done
[0.756s] -- Build files have been written to: /home/haruki/dev_ws/build/my_package
[0.759s] Invoked command in '/home/haruki/dev_ws/build/my_package' returned '0': CMAKE_PREFIX_PATH=/opt/ros/foxy /usr/bin/cmake /home/haruki/dev_ws/src/my_package -DCMAKE_INSTALL_PREFIX=/home/haruki/dev_ws/install/my_package
[0.760s] Invoking command in '/home/haruki/dev_ws/build/my_package': CMAKE_PREFIX_PATH=/opt/ros/foxy /usr/bin/cmake --build /home/haruki/dev_ws/build/my_package -- -j12 -l12
[0.792s] [35m[1mScanning dependencies of target my_node[0m
[0.800s] [ 50%] [32mBuilding CXX object CMakeFiles/my_node.dir/src/my_node.cpp.o[0m
[0.827s] [100%] [32m[1mLinking CXX executable my_node[0m
[0.861s] [100%] Built target my_node
[0.869s] Invoked command in '/home/haruki/dev_ws/build/my_package' returned '0': CMAKE_PREFIX_PATH=/opt/ros/foxy /usr/bin/cmake --build /home/haruki/dev_ws/build/my_package -- -j12 -l12
[0.888s] Invoking command in '/home/haruki/dev_ws/build/my_package': CMAKE_PREFIX_PATH=/opt/ros/foxy /usr/bin/cmake --install /home/haruki/dev_ws/build/my_package
[0.895s] -- Install configuration: ""
[0.895s] -- Installing: /home/haruki/dev_ws/install/my_package/lib/my_package/my_node
[0.895s] -- Installing: /home/haruki/dev_ws/install/my_package/share/ament_index/resource_index/package_run_dependencies/my_package
[0.895s] -- Installing: /home/haruki/dev_ws/install/my_package/share/ament_index/resource_index/parent_prefix_path/my_package
[0.895s] -- Installing: /home/haruki/dev_ws/install/my_package/share/my_package/environment/ament_prefix_path.sh
[0.895s] -- Installing: /home/haruki/dev_ws/install/my_package/share/my_package/environment/ament_prefix_path.dsv
[0.896s] -- Installing: /home/haruki/dev_ws/install/my_package/share/my_package/environment/path.sh
[0.896s] -- Installing: /home/haruki/dev_ws/install/my_package/share/my_package/environment/path.dsv
[0.896s] -- Installing: /home/haruki/dev_ws/install/my_package/share/my_package/local_setup.bash
[0.896s] -- Installing: /home/haruki/dev_ws/install/my_package/share/my_package/local_setup.sh
[0.896s] -- Installing: /home/haruki/dev_ws/install/my_package/share/my_package/local_setup.zsh
[0.896s] -- Installing: /home/haruki/dev_ws/install/my_package/share/my_package/local_setup.dsv
[0.896s] -- Installing: /home/haruki/dev_ws/install/my_package/share/my_package/package.dsv
[0.896s] -- Installing: /home/haruki/dev_ws/install/my_package/share/ament_index/resource_index/packages/my_package
[0.896s] -- Installing: /home/haruki/dev_ws/install/my_package/share/my_package/cmake/my_packageConfig.cmake
[0.896s] -- Installing: /home/haruki/dev_ws/install/my_package/share/my_package/cmake/my_packageConfig-version.cmake
[0.896s] -- Installing: /home/haruki/dev_ws/install/my_package/share/my_package/package.xml
[0.899s] Invoked command in '/home/haruki/dev_ws/build/my_package' returned '0': CMAKE_PREFIX_PATH=/opt/ros/foxy /usr/bin/cmake --install /home/haruki/dev_ws/build/my_package
