[0.465s] Invoking command in '/home/haruki/dev_ws/src/py_srvcli': PYTHONPATH=/home/haruki/dev_ws/install/py_srvcli/lib/python3.8/site-packages:${PYTHONPATH} /usr/bin/python3 setup.py egg_info --egg-base /home/haruki/dev_ws/build/py_srvcli build --build-base /home/haruki/dev_ws/build/py_srvcli/build install --prefix /home/haruki/dev_ws/install/py_srvcli --record /home/haruki/dev_ws/build/py_srvcli/install.log --single-version-externally-managed
[0.746s] running egg_info
[0.747s] writing /home/haruki/dev_ws/build/py_srvcli/py_srvcli.egg-info/PKG-INFO
[0.750s] writing dependency_links to /home/haruki/dev_ws/build/py_srvcli/py_srvcli.egg-info/dependency_links.txt
[0.751s] writing entry points to /home/haruki/dev_ws/build/py_srvcli/py_srvcli.egg-info/entry_points.txt
[0.751s] writing requirements to /home/haruki/dev_ws/build/py_srvcli/py_srvcli.egg-info/requires.txt
[0.751s] writing top-level names to /home/haruki/dev_ws/build/py_srvcli/py_srvcli.egg-info/top_level.txt
[0.791s] reading manifest file '/home/haruki/dev_ws/build/py_srvcli/py_srvcli.egg-info/SOURCES.txt'
[0.792s] writing manifest file '/home/haruki/dev_ws/build/py_srvcli/py_srvcli.egg-info/SOURCES.txt'
[0.792s] running build
[0.792s] running build_py
[0.793s] running install
[0.794s] running install_lib
[0.795s] running install_data
[0.796s] running install_egg_info
[0.797s] removing '/home/haruki/dev_ws/install/py_srvcli/lib/python3.8/site-packages/py_srvcli-0.0.0-py3.8.egg-info' (and everything under it)
[0.797s] Copying /home/haruki/dev_ws/build/py_srvcli/py_srvcli.egg-info to /home/haruki/dev_ws/install/py_srvcli/lib/python3.8/site-packages/py_srvcli-0.0.0-py3.8.egg-info
[0.798s] running install_scripts
[0.818s] Installing client script to /home/haruki/dev_ws/install/py_srvcli/lib/py_srvcli
[0.819s] Installing service script to /home/haruki/dev_ws/install/py_srvcli/lib/py_srvcli
[0.819s] writing list of installed files to '/home/haruki/dev_ws/build/py_srvcli/install.log'
[0.868s] Invoked command in '/home/haruki/dev_ws/src/py_srvcli' returned '0': PYTHONPATH=/home/haruki/dev_ws/install/py_srvcli/lib/python3.8/site-packages:${PYTHONPATH} /usr/bin/python3 setup.py egg_info --egg-base /home/haruki/dev_ws/build/py_srvcli build --build-base /home/haruki/dev_ws/build/py_srvcli/build install --prefix /home/haruki/dev_ws/install/py_srvcli --record /home/haruki/dev_ws/build/py_srvcli/install.log --single-version-externally-managed
