[0.343s] Invoking command in '/home/haruki/dev_ws/build/turtlesim': CMAKE_PREFIX_PATH=/opt/ros/foxy /usr/bin/cmake --build /home/haruki/dev_ws/build/turtlesim -- -j12 -l12
[0.409s] [  1%] Built target turtlesim__cpp
[0.415s] [  1%] Built target turtlesim__dds_connext_idl
[0.421s] [  7%] Built target turtlesim__rosidl_generator_c
[0.441s] [ 13%] Built target turtlesim__rosidl_typesupport_cpp
[0.442s] [ 19%] Built target turtlesim__rosidl_typesupport_introspection_cpp
[0.448s] [ 24%] Built target turtlesim__rosidl_typesupport_fastrtps_cpp
[0.448s] [ 30%] Built target turtlesim__rosidl_typesupport_introspection_c
[0.450s] [ 35%] Built target turtlesim__rosidl_typesupport_c
[0.475s] [ 40%] Built target turtlesim__rosidl_typesupport_fastrtps_c
[0.516s] [ 60%] Built target turtlesim__rosidl_typesupport_connext_cpp
[0.596s] [ 80%] Built target turtlesim__rosidl_typesupport_connext_c
[0.613s] [ 80%] Built target turtlesim
[0.635s] [ 81%] Built target turtlesim__py
[0.647s] [ 83%] Built target mimic
[0.648s] [ 83%] Built target draw_square
[0.650s] [ 84%] Built target turtle_teleop_key
[0.661s] [ 88%] Built target turtlesim_node
[0.664s] [ 93%] Built target turtlesim__python
[0.686s] [ 96%] Built target turtlesim__rosidl_typesupport_introspection_c__pyext
[0.686s] [ 96%] Built target turtlesim__rosidl_typesupport_fastrtps_c__pyext
[0.688s] [ 98%] Built target turtlesim__rosidl_typesupport_c__pyext
[0.688s] [100%] Built target turtlesim__rosidl_typesupport_connext_c__pyext
[0.699s] Invoked command in '/home/haruki/dev_ws/build/turtlesim' returned '0': CMAKE_PREFIX_PATH=/opt/ros/foxy /usr/bin/cmake --build /home/haruki/dev_ws/build/turtlesim -- -j12 -l12
[0.865s] Invoking command in '/home/haruki/dev_ws/build/turtlesim': CMAKE_PREFIX_PATH=/opt/ros/foxy /usr/bin/cmake --install /home/haruki/dev_ws/build/turtlesim
[0.874s] -- Install configuration: ""
[0.874s] -- Up-to-date: /home/haruki/dev_ws/install/turtlesim/share/ament_index/resource_index/rosidl_interfaces/turtlesim
[0.874s] -- Up-to-date: /home/haruki/dev_ws/install/turtlesim/include/turtlesim
[0.874s] -- Up-to-date: /home/haruki/dev_ws/install/turtlesim/include/turtlesim/action
[0.874s] -- Up-to-date: /home/haruki/dev_ws/install/turtlesim/include/turtlesim/action/rotate_absolute.h
[0.875s] -- Up-to-date: /home/haruki/dev_ws/install/turtlesim/include/turtlesim/action/detail
[0.875s] -- Up-to-date: /home/haruki/dev_ws/install/turtlesim/include/turtlesim/action/detail/rotate_absolute__functions.c
[0.875s] -- Up-to-date: /home/haruki/dev_ws/install/turtlesim/include/turtlesim/action/detail/rotate_absolute__struct.h
[0.875s] -- Up-to-date: /home/haruki/dev_ws/install/turtlesim/include/turtlesim/action/detail/rotate_absolute__functions.h
[0.875s] -- Up-to-date: /home/haruki/dev_ws/install/turtlesim/include/turtlesim/action/detail/rotate_absolute__type_support.h
[0.875s] -- Up-to-date: /home/haruki/dev_ws/install/turtlesim/include/turtlesim/srv
[0.875s] -- Up-to-date: /home/haruki/dev_ws/install/turtlesim/include/turtlesim/srv/spawn.h
[0.875s] -- Up-to-date: /home/haruki/dev_ws/install/turtlesim/include/turtlesim/srv/kill.h
[0.875s] -- Up-to-date: /home/haruki/dev_ws/install/turtlesim/include/turtlesim/srv/teleport_absolute.h
[0.876s] -- Up-to-date: /home/haruki/dev_ws/install/turtlesim/include/turtlesim/srv/set_pen.h
[0.876s] -- Up-to-date: /home/haruki/dev_ws/install/turtlesim/include/turtlesim/srv/detail
[0.876s] -- Up-to-date: /home/haruki/dev_ws/install/turtlesim/include/turtlesim/srv/detail/kill__functions.c
[0.876s] -- Up-to-date: /home/haruki/dev_ws/install/turtlesim/include/turtlesim/srv/detail/teleport_relative__type_support.h
[0.876s] -- Up-to-date: /home/haruki/dev_ws/install/turtlesim/include/turtlesim/srv/detail/teleport_relative__functions.h
[0.876s] -- Up-to-date: /home/haruki/dev_ws/install/turtlesim/include/turtlesim/srv/detail/teleport_absolute__type_support.h
[0.876s] -- Up-to-date: /home/haruki/dev_ws/install/turtlesim/include/turtlesim/srv/detail/teleport_absolute__functions.c
[0.876s] -- Up-to-date: /home/haruki/dev_ws/install/turtlesim/include/turtlesim/srv/detail/spawn__functions.c
[0.876s] -- Up-to-date: /home/haruki/dev_ws/install/turtlesim/include/turtlesim/srv/detail/set_pen__functions.c
[0.876s] -- Up-to-date: /home/haruki/dev_ws/install/turtlesim/include/turtlesim/srv/detail/teleport_relative__functions.c
[0.876s] -- Up-to-date: /home/haruki/dev_ws/install/turtlesim/include/turtlesim/srv/detail/set_pen__struct.h
[0.876s] -- Up-to-date: /home/haruki/dev_ws/install/turtlesim/include/turtlesim/srv/detail/set_pen__functions.h
[0.876s] -- Up-to-date: /home/haruki/dev_ws/install/turtlesim/include/turtlesim/srv/detail/spawn__functions.h
[0.876s] -- Up-to-date: /home/haruki/dev_ws/install/turtlesim/include/turtlesim/srv/detail/teleport_relative__struct.h
[0.877s] -- Up-to-date: /home/haruki/dev_ws/install/turtlesim/include/turtlesim/srv/detail/kill__type_support.h
[0.877s] -- Up-to-date: /home/haruki/dev_ws/install/turtlesim/include/turtlesim/srv/detail/kill__functions.h
[0.877s] -- Up-to-date: /home/haruki/dev_ws/install/turtlesim/include/turtlesim/srv/detail/teleport_absolute__functions.h
[0.877s] -- Up-to-date: /home/haruki/dev_ws/install/turtlesim/include/turtlesim/srv/detail/teleport_absolute__struct.h
[0.877s] -- Up-to-date: /home/haruki/dev_ws/install/turtlesim/include/turtlesim/srv/detail/spawn__type_support.h
[0.877s] -- Up-to-date: /home/haruki/dev_ws/install/turtlesim/include/turtlesim/srv/detail/set_pen__type_support.h
[0.877s] -- Up-to-date: /home/haruki/dev_ws/install/turtlesim/include/turtlesim/srv/detail/kill__struct.h
[0.877s] -- Up-to-date: /home/haruki/dev_ws/install/turtlesim/include/turtlesim/srv/detail/spawn__struct.h
[0.877s] -- Up-to-date: /home/haruki/dev_ws/install/turtlesim/include/turtlesim/srv/teleport_relative.h
[0.877s] -- Up-to-date: /home/haruki/dev_ws/install/turtlesim/include/turtlesim/msg
[0.877s] -- Up-to-date: /home/haruki/dev_ws/install/turtlesim/include/turtlesim/msg/color.h
[0.877s] -- Up-to-date: /home/haruki/dev_ws/install/turtlesim/include/turtlesim/msg/pose.h
[0.877s] -- Up-to-date: /home/haruki/dev_ws/install/turtlesim/include/turtlesim/msg/detail
[0.877s] -- Up-to-date: /home/haruki/dev_ws/install/turtlesim/include/turtlesim/msg/detail/color__functions.h
[0.878s] -- Up-to-date: /home/haruki/dev_ws/install/turtlesim/include/turtlesim/msg/detail/pose__struct.h
[0.878s] -- Up-to-date: /home/haruki/dev_ws/install/turtlesim/include/turtlesim/msg/detail/pose__type_support.h
[0.878s] -- Up-to-date: /home/haruki/dev_ws/install/turtlesim/include/turtlesim/msg/detail/color__functions.c
[0.878s] -- Up-to-date: /home/haruki/dev_ws/install/turtlesim/include/turtlesim/msg/detail/color__struct.h
[0.878s] -- Up-to-date: /home/haruki/dev_ws/install/turtlesim/include/turtlesim/msg/detail/color__type_support.h
[0.878s] -- Up-to-date: /home/haruki/dev_ws/install/turtlesim/include/turtlesim/msg/detail/pose__functions.h
[0.878s] -- Up-to-date: /home/haruki/dev_ws/install/turtlesim/include/turtlesim/msg/detail/pose__functions.c
[0.878s] -- Up-to-date: /home/haruki/dev_ws/install/turtlesim/include/turtlesim/msg/rosidl_generator_c__visibility_control.h
[0.878s] -- Up-to-date: /home/haruki/dev_ws/install/turtlesim/share/turtlesim/environment/library_path.sh
[0.878s] -- Up-to-date: /home/haruki/dev_ws/install/turtlesim/share/turtlesim/environment/library_path.dsv
[0.878s] -- Up-to-date: /home/haruki/dev_ws/install/turtlesim/lib/libturtlesim__rosidl_generator_c.so
[0.879s] -- Up-to-date: /home/haruki/dev_ws/install/turtlesim/include/turtlesim
[0.879s] -- Up-to-date: /home/haruki/dev_ws/install/turtlesim/include/turtlesim/action
[0.879s] -- Up-to-date: /home/haruki/dev_ws/install/turtlesim/include/turtlesim/action/rotate_absolute__rosidl_typesupport_connext_c.h
[0.879s] -- Up-to-date: /home/haruki/dev_ws/install/turtlesim/include/turtlesim/action/dds_connext
[0.879s] -- Up-to-date: /home/haruki/dev_ws/install/turtlesim/include/turtlesim/srv
[0.880s] -- Up-to-date: /home/haruki/dev_ws/install/turtlesim/include/turtlesim/srv/set_pen__rosidl_typesupport_connext_c.h
[0.880s] -- Up-to-date: /home/haruki/dev_ws/install/turtlesim/include/turtlesim/srv/kill__rosidl_typesupport_connext_c.h
[0.880s] -- Up-to-date: /home/haruki/dev_ws/install/turtlesim/include/turtlesim/srv/spawn__rosidl_typesupport_connext_c.h
[0.880s] -- Up-to-date: /home/haruki/dev_ws/install/turtlesim/include/turtlesim/srv/teleport_relative__rosidl_typesupport_connext_c.h
[0.880s] -- Up-to-date: /home/haruki/dev_ws/install/turtlesim/include/turtlesim/srv/teleport_absolute__rosidl_typesupport_connext_c.h
[0.880s] -- Up-to-date: /home/haruki/dev_ws/install/turtlesim/include/turtlesim/srv/dds_connext
[0.880s] -- Up-to-date: /home/haruki/dev_ws/install/turtlesim/include/turtlesim/msg
[0.880s] -- Up-to-date: /home/haruki/dev_ws/install/turtlesim/include/turtlesim/msg/color__rosidl_typesupport_connext_c.h
[0.880s] -- Up-to-date: /home/haruki/dev_ws/install/turtlesim/include/turtlesim/msg/pose__rosidl_typesupport_connext_c.h
[0.880s] -- Up-to-date: /home/haruki/dev_ws/install/turtlesim/include/turtlesim/msg/dds_connext
[0.880s] -- Up-to-date: /home/haruki/dev_ws/install/turtlesim/include/turtlesim/msg/rosidl_typesupport_connext_c__visibility_control.h
[0.880s] -- Up-to-date: /home/haruki/dev_ws/install/turtlesim/lib/libturtlesim__rosidl_typesupport_connext_c.so
[0.880s] -- Up-to-date: /home/haruki/dev_ws/install/turtlesim/share/turtlesim/action/dds_connext
[0.880s] -- Up-to-date: /home/haruki/dev_ws/install/turtlesim/share/turtlesim/action/dds_connext/RotateAbsolute_.idl
[0.881s] -- Up-to-date: /home/haruki/dev_ws/install/turtlesim/share/turtlesim/msg/dds_connext
[0.881s] -- Up-to-date: /home/haruki/dev_ws/install/turtlesim/share/turtlesim/msg/dds_connext/Pose_.idl
[0.881s] -- Up-to-date: /home/haruki/dev_ws/install/turtlesim/share/turtlesim/msg/dds_connext/Color_.idl
[0.881s] -- Up-to-date: /home/haruki/dev_ws/install/turtlesim/share/turtlesim/srv/dds_connext
[0.881s] -- Up-to-date: /home/haruki/dev_ws/install/turtlesim/share/turtlesim/srv/dds_connext/TeleportRelative_.idl
[0.881s] -- Up-to-date: /home/haruki/dev_ws/install/turtlesim/share/turtlesim/srv/dds_connext/TeleportAbsolute_.idl
[0.881s] -- Up-to-date: /home/haruki/dev_ws/install/turtlesim/share/turtlesim/srv/dds_connext/Kill_.idl
[0.881s] -- Up-to-date: /home/haruki/dev_ws/install/turtlesim/share/turtlesim/srv/dds_connext/Spawn_.idl
[0.881s] -- Up-to-date: /home/haruki/dev_ws/install/turtlesim/share/turtlesim/srv/dds_connext/SetPen_.idl
[0.881s] -- Up-to-date: /home/haruki/dev_ws/install/turtlesim/include/turtlesim
[0.881s] -- Up-to-date: /home/haruki/dev_ws/install/turtlesim/include/turtlesim/action
[0.881s] -- Up-to-date: /home/haruki/dev_ws/install/turtlesim/include/turtlesim/action/rotate_absolute__rosidl_typesupport_connext_cpp.hpp
[0.881s] -- Up-to-date: /home/haruki/dev_ws/install/turtlesim/include/turtlesim/action/dds_connext
[0.882s] -- Up-to-date: /home/haruki/dev_ws/install/turtlesim/include/turtlesim/action/dds_connext/RotateAbsolute_Plugin.h
[0.882s] -- Up-to-date: /home/haruki/dev_ws/install/turtlesim/include/turtlesim/action/dds_connext/RotateAbsolute_.cxx
[0.882s] -- Up-to-date: /home/haruki/dev_ws/install/turtlesim/include/turtlesim/action/dds_connext/RotateAbsolute_Support.cxx
[0.882s] -- Up-to-date: /home/haruki/dev_ws/install/turtlesim/include/turtlesim/action/dds_connext/RotateAbsolute_.h
[0.882s] -- Up-to-date: /home/haruki/dev_ws/install/turtlesim/include/turtlesim/action/dds_connext/RotateAbsolute_Support.h
[0.882s] -- Up-to-date: /home/haruki/dev_ws/install/turtlesim/include/turtlesim/action/dds_connext/RotateAbsolute_Plugin.cxx
[0.882s] -- Up-to-date: /home/haruki/dev_ws/install/turtlesim/include/turtlesim/srv
[0.882s] -- Up-to-date: /home/haruki/dev_ws/install/turtlesim/include/turtlesim/srv/kill__rosidl_typesupport_connext_cpp.hpp
[0.882s] -- Up-to-date: /home/haruki/dev_ws/install/turtlesim/include/turtlesim/srv/teleport_relative__rosidl_typesupport_connext_cpp.hpp
[0.882s] -- Up-to-date: /home/haruki/dev_ws/install/turtlesim/include/turtlesim/srv/spawn__rosidl_typesupport_connext_cpp.hpp
[0.882s] -- Up-to-date: /home/haruki/dev_ws/install/turtlesim/include/turtlesim/srv/teleport_absolute__rosidl_typesupport_connext_cpp.hpp
[0.883s] -- Up-to-date: /home/haruki/dev_ws/install/turtlesim/include/turtlesim/srv/set_pen__rosidl_typesupport_connext_cpp.hpp
[0.883s] -- Up-to-date: /home/haruki/dev_ws/install/turtlesim/include/turtlesim/srv/dds_connext
[0.883s] -- Up-to-date: /home/haruki/dev_ws/install/turtlesim/include/turtlesim/srv/dds_connext/Spawn_Plugin.h
[0.883s] -- Up-to-date: /home/haruki/dev_ws/install/turtlesim/include/turtlesim/srv/dds_connext/SetPen_Plugin.cxx
[0.883s] -- Up-to-date: /home/haruki/dev_ws/install/turtlesim/include/turtlesim/srv/dds_connext/Spawn_Plugin.cxx
[0.883s] -- Up-to-date: /home/haruki/dev_ws/install/turtlesim/include/turtlesim/srv/dds_connext/TeleportAbsolute_.h
[0.883s] -- Up-to-date: /home/haruki/dev_ws/install/turtlesim/include/turtlesim/srv/dds_connext/Kill_.cxx
[0.883s] -- Up-to-date: /home/haruki/dev_ws/install/turtlesim/include/turtlesim/srv/dds_connext/TeleportRelative_.cxx
[0.883s] -- Up-to-date: /home/haruki/dev_ws/install/turtlesim/include/turtlesim/srv/dds_connext/SetPen_Support.cxx
[0.883s] -- Up-to-date: /home/haruki/dev_ws/install/turtlesim/include/turtlesim/srv/dds_connext/TeleportRelative_Plugin.cxx
[0.883s] -- Up-to-date: /home/haruki/dev_ws/install/turtlesim/include/turtlesim/srv/dds_connext/Kill_Support.cxx
[0.883s] -- Up-to-date: /home/haruki/dev_ws/install/turtlesim/include/turtlesim/srv/dds_connext/Spawn_.h
[0.883s] -- Up-to-date: /home/haruki/dev_ws/install/turtlesim/include/turtlesim/srv/dds_connext/TeleportAbsolute_Support.cxx
[0.884s] -- Up-to-date: /home/haruki/dev_ws/install/turtlesim/include/turtlesim/srv/dds_connext/Kill_.h
[0.884s] -- Up-to-date: /home/haruki/dev_ws/install/turtlesim/include/turtlesim/srv/dds_connext/TeleportRelative_.h
[0.884s] -- Up-to-date: /home/haruki/dev_ws/install/turtlesim/include/turtlesim/srv/dds_connext/TeleportAbsolute_Plugin.cxx
[0.884s] -- Up-to-date: /home/haruki/dev_ws/install/turtlesim/include/turtlesim/srv/dds_connext/SetPen_Plugin.h
[0.884s] -- Up-to-date: /home/haruki/dev_ws/install/turtlesim/include/turtlesim/srv/dds_connext/Kill_Support.h
[0.884s] -- Up-to-date: /home/haruki/dev_ws/install/turtlesim/include/turtlesim/srv/dds_connext/Kill_Plugin.h
[0.884s] -- Up-to-date: /home/haruki/dev_ws/install/turtlesim/include/turtlesim/srv/dds_connext/Spawn_.cxx
[0.884s] -- Up-to-date: /home/haruki/dev_ws/install/turtlesim/include/turtlesim/srv/dds_connext/Spawn_Support.cxx
[0.884s] -- Up-to-date: /home/haruki/dev_ws/install/turtlesim/include/turtlesim/srv/dds_connext/TeleportRelative_Support.h
[0.884s] -- Up-to-date: /home/haruki/dev_ws/install/turtlesim/include/turtlesim/srv/dds_connext/TeleportAbsolute_Plugin.h
[0.884s] -- Up-to-date: /home/haruki/dev_ws/install/turtlesim/include/turtlesim/srv/dds_connext/SetPen_Support.h
[0.884s] -- Up-to-date: /home/haruki/dev_ws/install/turtlesim/include/turtlesim/srv/dds_connext/SetPen_.h
[0.884s] -- Up-to-date: /home/haruki/dev_ws/install/turtlesim/include/turtlesim/srv/dds_connext/SetPen_.cxx
[0.884s] -- Up-to-date: /home/haruki/dev_ws/install/turtlesim/include/turtlesim/srv/dds_connext/TeleportRelative_Plugin.h
[0.885s] -- Up-to-date: /home/haruki/dev_ws/install/turtlesim/include/turtlesim/srv/dds_connext/TeleportRelative_Support.cxx
[0.885s] -- Up-to-date: /home/haruki/dev_ws/install/turtlesim/include/turtlesim/srv/dds_connext/Kill_Plugin.cxx
[0.885s] -- Up-to-date: /home/haruki/dev_ws/install/turtlesim/include/turtlesim/srv/dds_connext/TeleportAbsolute_.cxx
[0.885s] -- Up-to-date: /home/haruki/dev_ws/install/turtlesim/include/turtlesim/srv/dds_connext/Spawn_Support.h
[0.885s] -- Up-to-date: /home/haruki/dev_ws/install/turtlesim/include/turtlesim/srv/dds_connext/TeleportAbsolute_Support.h
[0.885s] -- Up-to-date: /home/haruki/dev_ws/install/turtlesim/include/turtlesim/msg
[0.885s] -- Up-to-date: /home/haruki/dev_ws/install/turtlesim/include/turtlesim/msg/rosidl_typesupport_connext_cpp__visibility_control.h
[0.885s] -- Up-to-date: /home/haruki/dev_ws/install/turtlesim/include/turtlesim/msg/color__rosidl_typesupport_connext_cpp.hpp
[0.885s] -- Up-to-date: /home/haruki/dev_ws/install/turtlesim/include/turtlesim/msg/pose__rosidl_typesupport_connext_cpp.hpp
[0.885s] -- Up-to-date: /home/haruki/dev_ws/install/turtlesim/include/turtlesim/msg/dds_connext
[0.885s] -- Up-to-date: /home/haruki/dev_ws/install/turtlesim/include/turtlesim/msg/dds_connext/Color_.h
[0.886s] -- Up-to-date: /home/haruki/dev_ws/install/turtlesim/include/turtlesim/msg/dds_connext/Color_Support.cxx
[0.886s] -- Up-to-date: /home/haruki/dev_ws/install/turtlesim/include/turtlesim/msg/dds_connext/Pose_Support.cxx
[0.886s] -- Up-to-date: /home/haruki/dev_ws/install/turtlesim/include/turtlesim/msg/dds_connext/Pose_Plugin.cxx
[0.886s] -- Up-to-date: /home/haruki/dev_ws/install/turtlesim/include/turtlesim/msg/dds_connext/Pose_.h
[0.886s] -- Up-to-date: /home/haruki/dev_ws/install/turtlesim/include/turtlesim/msg/dds_connext/Color_Plugin.h
[0.886s] -- Up-to-date: /home/haruki/dev_ws/install/turtlesim/include/turtlesim/msg/dds_connext/Color_Support.h
[0.886s] -- Up-to-date: /home/haruki/dev_ws/install/turtlesim/include/turtlesim/msg/dds_connext/Color_.cxx
[0.886s] -- Up-to-date: /home/haruki/dev_ws/install/turtlesim/include/turtlesim/msg/dds_connext/Pose_Support.h
[0.886s] -- Up-to-date: /home/haruki/dev_ws/install/turtlesim/include/turtlesim/msg/dds_connext/Pose_Plugin.h
[0.887s] -- Up-to-date: /home/haruki/dev_ws/install/turtlesim/include/turtlesim/msg/dds_connext/Pose_.cxx
[0.887s] -- Up-to-date: /home/haruki/dev_ws/install/turtlesim/include/turtlesim/msg/dds_connext/Color_Plugin.cxx
[0.887s] -- Up-to-date: /home/haruki/dev_ws/install/turtlesim/lib/libturtlesim__rosidl_typesupport_connext_cpp.so
[0.887s] -- Up-to-date: /home/haruki/dev_ws/install/turtlesim/include/turtlesim
[0.887s] -- Up-to-date: /home/haruki/dev_ws/install/turtlesim/include/turtlesim/action
[0.887s] -- Up-to-date: /home/haruki/dev_ws/install/turtlesim/include/turtlesim/action/detail
[0.887s] -- Up-to-date: /home/haruki/dev_ws/install/turtlesim/include/turtlesim/action/detail/rotate_absolute__rosidl_typesupport_fastrtps_c.h
[0.887s] -- Up-to-date: /home/haruki/dev_ws/install/turtlesim/include/turtlesim/srv
[0.887s] -- Up-to-date: /home/haruki/dev_ws/install/turtlesim/include/turtlesim/srv/detail
[0.887s] -- Up-to-date: /home/haruki/dev_ws/install/turtlesim/include/turtlesim/srv/detail/teleport_absolute__rosidl_typesupport_fastrtps_c.h
[0.887s] -- Up-to-date: /home/haruki/dev_ws/install/turtlesim/include/turtlesim/srv/detail/kill__rosidl_typesupport_fastrtps_c.h
[0.887s] -- Up-to-date: /home/haruki/dev_ws/install/turtlesim/include/turtlesim/srv/detail/spawn__rosidl_typesupport_fastrtps_c.h
[0.887s] -- Up-to-date: /home/haruki/dev_ws/install/turtlesim/include/turtlesim/srv/detail/set_pen__rosidl_typesupport_fastrtps_c.h
[0.887s] -- Up-to-date: /home/haruki/dev_ws/install/turtlesim/include/turtlesim/srv/detail/teleport_relative__rosidl_typesupport_fastrtps_c.h
[0.887s] -- Up-to-date: /home/haruki/dev_ws/install/turtlesim/include/turtlesim/msg
[0.887s] -- Up-to-date: /home/haruki/dev_ws/install/turtlesim/include/turtlesim/msg/detail
[0.887s] -- Up-to-date: /home/haruki/dev_ws/install/turtlesim/include/turtlesim/msg/detail/pose__rosidl_typesupport_fastrtps_c.h
[0.888s] -- Up-to-date: /home/haruki/dev_ws/install/turtlesim/include/turtlesim/msg/detail/color__rosidl_typesupport_fastrtps_c.h
[0.888s] -- Up-to-date: /home/haruki/dev_ws/install/turtlesim/include/turtlesim/msg/rosidl_typesupport_fastrtps_c__visibility_control.h
[0.888s] -- Up-to-date: /home/haruki/dev_ws/install/turtlesim/lib/libturtlesim__rosidl_typesupport_fastrtps_c.so
[0.888s] -- Up-to-date: /home/haruki/dev_ws/install/turtlesim/include/turtlesim
[0.888s] -- Up-to-date: /home/haruki/dev_ws/install/turtlesim/include/turtlesim/action
[0.888s] -- Up-to-date: /home/haruki/dev_ws/install/turtlesim/include/turtlesim/action/detail
[0.888s] -- Up-to-date: /home/haruki/dev_ws/install/turtlesim/include/turtlesim/action/detail/rotate_absolute__rosidl_typesupport_fastrtps_cpp.hpp
[0.888s] -- Up-to-date: /home/haruki/dev_ws/install/turtlesim/include/turtlesim/action/detail/dds_fastrtps
[0.888s] -- Up-to-date: /home/haruki/dev_ws/install/turtlesim/include/turtlesim/srv
[0.888s] -- Up-to-date: /home/haruki/dev_ws/install/turtlesim/include/turtlesim/srv/detail
[0.888s] -- Up-to-date: /home/haruki/dev_ws/install/turtlesim/include/turtlesim/srv/detail/kill__rosidl_typesupport_fastrtps_cpp.hpp
[0.888s] -- Up-to-date: /home/haruki/dev_ws/install/turtlesim/include/turtlesim/srv/detail/set_pen__rosidl_typesupport_fastrtps_cpp.hpp
[0.888s] -- Up-to-date: /home/haruki/dev_ws/install/turtlesim/include/turtlesim/srv/detail/spawn__rosidl_typesupport_fastrtps_cpp.hpp
[0.888s] -- Up-to-date: /home/haruki/dev_ws/install/turtlesim/include/turtlesim/srv/detail/dds_fastrtps
[0.888s] -- Up-to-date: /home/haruki/dev_ws/install/turtlesim/include/turtlesim/srv/detail/teleport_absolute__rosidl_typesupport_fastrtps_cpp.hpp
[0.889s] -- Up-to-date: /home/haruki/dev_ws/install/turtlesim/include/turtlesim/srv/detail/teleport_relative__rosidl_typesupport_fastrtps_cpp.hpp
[0.889s] -- Up-to-date: /home/haruki/dev_ws/install/turtlesim/include/turtlesim/msg
[0.889s] -- Up-to-date: /home/haruki/dev_ws/install/turtlesim/include/turtlesim/msg/rosidl_typesupport_fastrtps_cpp__visibility_control.h
[0.889s] -- Up-to-date: /home/haruki/dev_ws/install/turtlesim/include/turtlesim/msg/detail
[0.889s] -- Up-to-date: /home/haruki/dev_ws/install/turtlesim/include/turtlesim/msg/detail/dds_fastrtps
[0.889s] -- Up-to-date: /home/haruki/dev_ws/install/turtlesim/include/turtlesim/msg/detail/pose__rosidl_typesupport_fastrtps_cpp.hpp
[0.889s] -- Up-to-date: /home/haruki/dev_ws/install/turtlesim/include/turtlesim/msg/detail/color__rosidl_typesupport_fastrtps_cpp.hpp
[0.889s] -- Up-to-date: /home/haruki/dev_ws/install/turtlesim/lib/libturtlesim__rosidl_typesupport_fastrtps_cpp.so
[0.889s] -- Up-to-date: /home/haruki/dev_ws/install/turtlesim/include/turtlesim
[0.889s] -- Up-to-date: /home/haruki/dev_ws/install/turtlesim/include/turtlesim/action
[0.889s] -- Up-to-date: /home/haruki/dev_ws/install/turtlesim/include/turtlesim/action/detail
[0.889s] -- Up-to-date: /home/haruki/dev_ws/install/turtlesim/include/turtlesim/action/detail/rotate_absolute__rosidl_typesupport_introspection_c.h
[0.889s] -- Up-to-date: /home/haruki/dev_ws/install/turtlesim/include/turtlesim/action/detail/rotate_absolute__type_support.c
[0.889s] -- Up-to-date: /home/haruki/dev_ws/install/turtlesim/include/turtlesim/srv
[0.889s] -- Up-to-date: /home/haruki/dev_ws/install/turtlesim/include/turtlesim/srv/detail
[0.889s] -- Up-to-date: /home/haruki/dev_ws/install/turtlesim/include/turtlesim/srv/detail/set_pen__rosidl_typesupport_introspection_c.h
[0.889s] -- Up-to-date: /home/haruki/dev_ws/install/turtlesim/include/turtlesim/srv/detail/teleport_absolute__rosidl_typesupport_introspection_c.h
[0.889s] -- Up-to-date: /home/haruki/dev_ws/install/turtlesim/include/turtlesim/srv/detail/spawn__type_support.c
[0.890s] -- Up-to-date: /home/haruki/dev_ws/install/turtlesim/include/turtlesim/srv/detail/kill__type_support.c
[0.890s] -- Up-to-date: /home/haruki/dev_ws/install/turtlesim/include/turtlesim/srv/detail/spawn__rosidl_typesupport_introspection_c.h
[0.890s] -- Up-to-date: /home/haruki/dev_ws/install/turtlesim/include/turtlesim/srv/detail/teleport_absolute__type_support.c
[0.890s] -- Up-to-date: /home/haruki/dev_ws/install/turtlesim/include/turtlesim/srv/detail/teleport_relative__rosidl_typesupport_introspection_c.h
[0.890s] -- Up-to-date: /home/haruki/dev_ws/install/turtlesim/include/turtlesim/srv/detail/kill__rosidl_typesupport_introspection_c.h
[0.890s] -- Up-to-date: /home/haruki/dev_ws/install/turtlesim/include/turtlesim/srv/detail/teleport_relative__type_support.c
[0.890s] -- Up-to-date: /home/haruki/dev_ws/install/turtlesim/include/turtlesim/srv/detail/set_pen__type_support.c
[0.890s] -- Up-to-date: /home/haruki/dev_ws/install/turtlesim/include/turtlesim/msg
[0.890s] -- Up-to-date: /home/haruki/dev_ws/install/turtlesim/include/turtlesim/msg/detail
[0.890s] -- Up-to-date: /home/haruki/dev_ws/install/turtlesim/include/turtlesim/msg/detail/color__rosidl_typesupport_introspection_c.h
[0.890s] -- Up-to-date: /home/haruki/dev_ws/install/turtlesim/include/turtlesim/msg/detail/pose__type_support.c
[0.890s] -- Up-to-date: /home/haruki/dev_ws/install/turtlesim/include/turtlesim/msg/detail/color__type_support.c
[0.890s] -- Up-to-date: /home/haruki/dev_ws/install/turtlesim/include/turtlesim/msg/detail/pose__rosidl_typesupport_introspection_c.h
[0.890s] -- Up-to-date: /home/haruki/dev_ws/install/turtlesim/include/turtlesim/msg/rosidl_typesupport_introspection_c__visibility_control.h
[0.890s] -- Up-to-date: /home/haruki/dev_ws/install/turtlesim/lib/libturtlesim__rosidl_typesupport_introspection_c.so
[0.890s] -- Up-to-date: /home/haruki/dev_ws/install/turtlesim/lib/libturtlesim__rosidl_typesupport_c.so
[0.890s] -- Up-to-date: /home/haruki/dev_ws/install/turtlesim/include/turtlesim
[0.890s] -- Up-to-date: /home/haruki/dev_ws/install/turtlesim/include/turtlesim/action
[0.891s] -- Up-to-date: /home/haruki/dev_ws/install/turtlesim/include/turtlesim/action/rotate_absolute.hpp
[0.891s] -- Up-to-date: /home/haruki/dev_ws/install/turtlesim/include/turtlesim/action/detail
[0.891s] -- Up-to-date: /home/haruki/dev_ws/install/turtlesim/include/turtlesim/action/detail/rotate_absolute__struct.hpp
[0.891s] -- Up-to-date: /home/haruki/dev_ws/install/turtlesim/include/turtlesim/action/detail/rotate_absolute__traits.hpp
[0.891s] -- Up-to-date: /home/haruki/dev_ws/install/turtlesim/include/turtlesim/action/detail/rotate_absolute__builder.hpp
[0.891s] -- Up-to-date: /home/haruki/dev_ws/install/turtlesim/include/turtlesim/srv
[0.891s] -- Up-to-date: /home/haruki/dev_ws/install/turtlesim/include/turtlesim/srv/set_pen.hpp
[0.891s] -- Up-to-date: /home/haruki/dev_ws/install/turtlesim/include/turtlesim/srv/teleport_absolute.hpp
[0.891s] -- Up-to-date: /home/haruki/dev_ws/install/turtlesim/include/turtlesim/srv/spawn.hpp
[0.891s] -- Up-to-date: /home/haruki/dev_ws/install/turtlesim/include/turtlesim/srv/kill.hpp
[0.891s] -- Up-to-date: /home/haruki/dev_ws/install/turtlesim/include/turtlesim/srv/detail
[0.891s] -- Up-to-date: /home/haruki/dev_ws/install/turtlesim/include/turtlesim/srv/detail/teleport_relative__traits.hpp
[0.891s] -- Up-to-date: /home/haruki/dev_ws/install/turtlesim/include/turtlesim/srv/detail/teleport_relative__struct.hpp
[0.891s] -- Up-to-date: /home/haruki/dev_ws/install/turtlesim/include/turtlesim/srv/detail/spawn__struct.hpp
[0.891s] -- Up-to-date: /home/haruki/dev_ws/install/turtlesim/include/turtlesim/srv/detail/teleport_absolute__struct.hpp
[0.891s] -- Up-to-date: /home/haruki/dev_ws/install/turtlesim/include/turtlesim/srv/detail/kill__struct.hpp
[0.891s] -- Up-to-date: /home/haruki/dev_ws/install/turtlesim/include/turtlesim/srv/detail/teleport_absolute__builder.hpp
[0.891s] -- Up-to-date: /home/haruki/dev_ws/install/turtlesim/include/turtlesim/srv/detail/spawn__traits.hpp
[0.891s] -- Up-to-date: /home/haruki/dev_ws/install/turtlesim/include/turtlesim/srv/detail/set_pen__traits.hpp
[0.892s] -- Up-to-date: /home/haruki/dev_ws/install/turtlesim/include/turtlesim/srv/detail/kill__traits.hpp
[0.892s] -- Up-to-date: /home/haruki/dev_ws/install/turtlesim/include/turtlesim/srv/detail/kill__builder.hpp
[0.892s] -- Up-to-date: /home/haruki/dev_ws/install/turtlesim/include/turtlesim/srv/detail/set_pen__builder.hpp
[0.892s] -- Up-to-date: /home/haruki/dev_ws/install/turtlesim/include/turtlesim/srv/detail/teleport_relative__builder.hpp
[0.892s] -- Up-to-date: /home/haruki/dev_ws/install/turtlesim/include/turtlesim/srv/detail/teleport_absolute__traits.hpp
[0.892s] -- Up-to-date: /home/haruki/dev_ws/install/turtlesim/include/turtlesim/srv/detail/set_pen__struct.hpp
[0.892s] -- Up-to-date: /home/haruki/dev_ws/install/turtlesim/include/turtlesim/srv/detail/spawn__builder.hpp
[0.892s] -- Up-to-date: /home/haruki/dev_ws/install/turtlesim/include/turtlesim/srv/teleport_relative.hpp
[0.892s] -- Up-to-date: /home/haruki/dev_ws/install/turtlesim/include/turtlesim/msg
[0.892s] -- Up-to-date: /home/haruki/dev_ws/install/turtlesim/include/turtlesim/msg/pose.hpp
[0.892s] -- Up-to-date: /home/haruki/dev_ws/install/turtlesim/include/turtlesim/msg/color.hpp
[0.892s] -- Up-to-date: /home/haruki/dev_ws/install/turtlesim/include/turtlesim/msg/detail
[0.892s] -- Up-to-date: /home/haruki/dev_ws/install/turtlesim/include/turtlesim/msg/detail/pose__struct.hpp
[0.892s] -- Up-to-date: /home/haruki/dev_ws/install/turtlesim/include/turtlesim/msg/detail/color__builder.hpp
[0.892s] -- Up-to-date: /home/haruki/dev_ws/install/turtlesim/include/turtlesim/msg/detail/color__traits.hpp
[0.892s] -- Up-to-date: /home/haruki/dev_ws/install/turtlesim/include/turtlesim/msg/detail/color__struct.hpp
[0.892s] -- Up-to-date: /home/haruki/dev_ws/install/turtlesim/include/turtlesim/msg/detail/pose__traits.hpp
[0.892s] -- Up-to-date: /home/haruki/dev_ws/install/turtlesim/include/turtlesim/msg/detail/pose__builder.hpp
[0.893s] -- Up-to-date: /home/haruki/dev_ws/install/turtlesim/include/turtlesim
[0.893s] -- Up-to-date: /home/haruki/dev_ws/install/turtlesim/include/turtlesim/action
[0.893s] -- Up-to-date: /home/haruki/dev_ws/install/turtlesim/include/turtlesim/action/detail
[0.893s] -- Up-to-date: /home/haruki/dev_ws/install/turtlesim/include/turtlesim/action/detail/rotate_absolute__type_support.cpp
[0.893s] -- Up-to-date: /home/haruki/dev_ws/install/turtlesim/include/turtlesim/action/detail/rotate_absolute__rosidl_typesupport_introspection_cpp.hpp
[0.893s] -- Up-to-date: /home/haruki/dev_ws/install/turtlesim/include/turtlesim/srv
[0.893s] -- Up-to-date: /home/haruki/dev_ws/install/turtlesim/include/turtlesim/srv/detail
[0.893s] -- Up-to-date: /home/haruki/dev_ws/install/turtlesim/include/turtlesim/srv/detail/kill__type_support.cpp
[0.893s] -- Up-to-date: /home/haruki/dev_ws/install/turtlesim/include/turtlesim/srv/detail/spawn__rosidl_typesupport_introspection_cpp.hpp
[0.893s] -- Up-to-date: /home/haruki/dev_ws/install/turtlesim/include/turtlesim/srv/detail/teleport_relative__rosidl_typesupport_introspection_cpp.hpp
[0.893s] -- Up-to-date: /home/haruki/dev_ws/install/turtlesim/include/turtlesim/srv/detail/teleport_absolute__type_support.cpp
[0.893s] -- Up-to-date: /home/haruki/dev_ws/install/turtlesim/include/turtlesim/srv/detail/set_pen__type_support.cpp
[0.893s] -- Up-to-date: /home/haruki/dev_ws/install/turtlesim/include/turtlesim/srv/detail/spawn__type_support.cpp
[0.893s] -- Up-to-date: /home/haruki/dev_ws/install/turtlesim/include/turtlesim/srv/detail/kill__rosidl_typesupport_introspection_cpp.hpp
[0.893s] -- Up-to-date: /home/haruki/dev_ws/install/turtlesim/include/turtlesim/srv/detail/teleport_relative__type_support.cpp
[0.893s] -- Up-to-date: /home/haruki/dev_ws/install/turtlesim/include/turtlesim/srv/detail/set_pen__rosidl_typesupport_introspection_cpp.hpp
[0.893s] -- Up-to-date: /home/haruki/dev_ws/install/turtlesim/include/turtlesim/srv/detail/teleport_absolute__rosidl_typesupport_introspection_cpp.hpp
[0.893s] -- Up-to-date: /home/haruki/dev_ws/install/turtlesim/include/turtlesim/msg
[0.894s] -- Up-to-date: /home/haruki/dev_ws/install/turtlesim/include/turtlesim/msg/detail
[0.894s] -- Up-to-date: /home/haruki/dev_ws/install/turtlesim/include/turtlesim/msg/detail/pose__rosidl_typesupport_introspection_cpp.hpp
[0.894s] -- Up-to-date: /home/haruki/dev_ws/install/turtlesim/include/turtlesim/msg/detail/color__type_support.cpp
[0.894s] -- Up-to-date: /home/haruki/dev_ws/install/turtlesim/include/turtlesim/msg/detail/color__rosidl_typesupport_introspection_cpp.hpp
[0.894s] -- Up-to-date: /home/haruki/dev_ws/install/turtlesim/include/turtlesim/msg/detail/pose__type_support.cpp
[0.894s] -- Up-to-date: /home/haruki/dev_ws/install/turtlesim/lib/libturtlesim__rosidl_typesupport_introspection_cpp.so
[0.894s] -- Up-to-date: /home/haruki/dev_ws/install/turtlesim/lib/libturtlesim__rosidl_typesupport_cpp.so
[0.894s] -- Up-to-date: /home/haruki/dev_ws/install/turtlesim/share/turtlesim/environment/pythonpath.sh
[0.894s] -- Up-to-date: /home/haruki/dev_ws/install/turtlesim/share/turtlesim/environment/pythonpath.dsv
[0.894s] -- Up-to-date: /home/haruki/dev_ws/install/turtlesim/lib/python3.8/site-packages/turtlesim/__init__.py
[0.916s] -- Up-to-date: /home/haruki/dev_ws/install/turtlesim/lib/python3.8/site-packages/turtlesim/action
[0.916s] -- Up-to-date: /home/haruki/dev_ws/install/turtlesim/lib/python3.8/site-packages/turtlesim/action/_rotate_absolute_s.c
[0.917s] -- Up-to-date: /home/haruki/dev_ws/install/turtlesim/lib/python3.8/site-packages/turtlesim/action/__init__.py
[0.917s] -- Up-to-date: /home/haruki/dev_ws/install/turtlesim/lib/python3.8/site-packages/turtlesim/action/_rotate_absolute.py
[0.917s] -- Up-to-date: /home/haruki/dev_ws/install/turtlesim/lib/python3.8/site-packages/turtlesim/msg
[0.917s] -- Up-to-date: /home/haruki/dev_ws/install/turtlesim/lib/python3.8/site-packages/turtlesim/msg/_pose_s.c
[0.917s] -- Up-to-date: /home/haruki/dev_ws/install/turtlesim/lib/python3.8/site-packages/turtlesim/msg/_color.py
[0.917s] -- Up-to-date: /home/haruki/dev_ws/install/turtlesim/lib/python3.8/site-packages/turtlesim/msg/_color_s.c
[0.917s] -- Up-to-date: /home/haruki/dev_ws/install/turtlesim/lib/python3.8/site-packages/turtlesim/msg/__init__.py
[0.917s] -- Up-to-date: /home/haruki/dev_ws/install/turtlesim/lib/python3.8/site-packages/turtlesim/msg/_pose.py
[0.917s] -- Up-to-date: /home/haruki/dev_ws/install/turtlesim/lib/python3.8/site-packages/turtlesim/srv
[0.917s] -- Up-to-date: /home/haruki/dev_ws/install/turtlesim/lib/python3.8/site-packages/turtlesim/srv/_spawn_s.c
[0.917s] -- Up-to-date: /home/haruki/dev_ws/install/turtlesim/lib/python3.8/site-packages/turtlesim/srv/_set_pen.py
[0.917s] -- Up-to-date: /home/haruki/dev_ws/install/turtlesim/lib/python3.8/site-packages/turtlesim/srv/_set_pen_s.c
[0.917s] -- Up-to-date: /home/haruki/dev_ws/install/turtlesim/lib/python3.8/site-packages/turtlesim/srv/_teleport_absolute_s.c
[0.917s] -- Up-to-date: /home/haruki/dev_ws/install/turtlesim/lib/python3.8/site-packages/turtlesim/srv/_teleport_relative_s.c
[0.917s] -- Up-to-date: /home/haruki/dev_ws/install/turtlesim/lib/python3.8/site-packages/turtlesim/srv/_teleport_relative.py
[0.917s] -- Up-to-date: /home/haruki/dev_ws/install/turtlesim/lib/python3.8/site-packages/turtlesim/srv/_kill.py
[0.918s] -- Up-to-date: /home/haruki/dev_ws/install/turtlesim/lib/python3.8/site-packages/turtlesim/srv/__init__.py
[0.918s] -- Up-to-date: /home/haruki/dev_ws/install/turtlesim/lib/python3.8/site-packages/turtlesim/srv/_kill_s.c
[0.918s] -- Up-to-date: /home/haruki/dev_ws/install/turtlesim/lib/python3.8/site-packages/turtlesim/srv/_teleport_absolute.py
[0.918s] -- Up-to-date: /home/haruki/dev_ws/install/turtlesim/lib/python3.8/site-packages/turtlesim/srv/_spawn.py
[0.918s] -- Up-to-date: /home/haruki/dev_ws/install/turtlesim/lib/python3.8/site-packages/turtlesim/turtlesim_s__rosidl_typesupport_connext_c.cpython-38-x86_64-linux-gnu.so
[0.918s] -- Up-to-date: /home/haruki/dev_ws/install/turtlesim/lib/python3.8/site-packages/turtlesim/turtlesim_s__rosidl_typesupport_fastrtps_c.cpython-38-x86_64-linux-gnu.so
[0.919s] -- Up-to-date: /home/haruki/dev_ws/install/turtlesim/lib/python3.8/site-packages/turtlesim/turtlesim_s__rosidl_typesupport_introspection_c.cpython-38-x86_64-linux-gnu.so
[0.920s] -- Up-to-date: /home/haruki/dev_ws/install/turtlesim/lib/python3.8/site-packages/turtlesim/turtlesim_s__rosidl_typesupport_c.cpython-38-x86_64-linux-gnu.so
[0.921s] -- Up-to-date: /home/haruki/dev_ws/install/turtlesim/lib/libturtlesim__python.so
[0.921s] -- Up-to-date: /home/haruki/dev_ws/install/turtlesim/share/turtlesim/action/RotateAbsolute.idl
[0.921s] -- Up-to-date: /home/haruki/dev_ws/install/turtlesim/share/turtlesim/msg/Color.idl
[0.921s] -- Up-to-date: /home/haruki/dev_ws/install/turtlesim/share/turtlesim/msg/Pose.idl
[0.921s] -- Up-to-date: /home/haruki/dev_ws/install/turtlesim/share/turtlesim/srv/Kill.idl
[0.921s] -- Up-to-date: /home/haruki/dev_ws/install/turtlesim/share/turtlesim/srv/SetPen.idl
[0.921s] -- Up-to-date: /home/haruki/dev_ws/install/turtlesim/share/turtlesim/srv/Spawn.idl
[0.921s] -- Up-to-date: /home/haruki/dev_ws/install/turtlesim/share/turtlesim/srv/TeleportAbsolute.idl
[0.922s] -- Up-to-date: /home/haruki/dev_ws/install/turtlesim/share/turtlesim/srv/TeleportRelative.idl
[0.922s] -- Up-to-date: /home/haruki/dev_ws/install/turtlesim/share/turtlesim/action/RotateAbsolute.action
[0.922s] -- Up-to-date: /home/haruki/dev_ws/install/turtlesim/share/turtlesim/msg/Color.msg
[0.922s] -- Up-to-date: /home/haruki/dev_ws/install/turtlesim/share/turtlesim/msg/Pose.msg
[0.922s] -- Up-to-date: /home/haruki/dev_ws/install/turtlesim/share/turtlesim/srv/Kill.srv
[0.922s] -- Up-to-date: /home/haruki/dev_ws/install/turtlesim/share/turtlesim/srv/Kill_Request.msg
[0.922s] -- Up-to-date: /home/haruki/dev_ws/install/turtlesim/share/turtlesim/srv/Kill_Response.msg
[0.922s] -- Up-to-date: /home/haruki/dev_ws/install/turtlesim/share/turtlesim/srv/SetPen.srv
[0.922s] -- Up-to-date: /home/haruki/dev_ws/install/turtlesim/share/turtlesim/srv/SetPen_Request.msg
[0.922s] -- Up-to-date: /home/haruki/dev_ws/install/turtlesim/share/turtlesim/srv/SetPen_Response.msg
[0.922s] -- Up-to-date: /home/haruki/dev_ws/install/turtlesim/share/turtlesim/srv/Spawn.srv
[0.922s] -- Up-to-date: /home/haruki/dev_ws/install/turtlesim/share/turtlesim/srv/Spawn_Request.msg
[0.922s] -- Up-to-date: /home/haruki/dev_ws/install/turtlesim/share/turtlesim/srv/Spawn_Response.msg
[0.922s] -- Up-to-date: /home/haruki/dev_ws/install/turtlesim/share/turtlesim/srv/TeleportAbsolute.srv
[0.922s] -- Up-to-date: /home/haruki/dev_ws/install/turtlesim/share/turtlesim/srv/TeleportAbsolute_Request.msg
[0.922s] -- Up-to-date: /home/haruki/dev_ws/install/turtlesim/share/turtlesim/srv/TeleportAbsolute_Response.msg
[0.923s] -- Up-to-date: /home/haruki/dev_ws/install/turtlesim/share/turtlesim/srv/TeleportRelative.srv
[0.923s] -- Up-to-date: /home/haruki/dev_ws/install/turtlesim/share/turtlesim/srv/TeleportRelative_Request.msg
[0.923s] -- Up-to-date: /home/haruki/dev_ws/install/turtlesim/share/turtlesim/srv/TeleportRelative_Response.msg
[0.923s] -- Up-to-date: /home/haruki/dev_ws/install/turtlesim/lib/turtlesim/turtlesim_node
[0.923s] -- Up-to-date: /home/haruki/dev_ws/install/turtlesim/lib/turtlesim/turtle_teleop_key
[0.924s] -- Up-to-date: /home/haruki/dev_ws/install/turtlesim/lib/turtlesim/draw_square
[0.925s] -- Up-to-date: /home/haruki/dev_ws/install/turtlesim/lib/turtlesim/mimic
[0.925s] -- Up-to-date: /home/haruki/dev_ws/install/turtlesim/share/turtlesim/images
[0.925s] -- Up-to-date: /home/haruki/dev_ws/install/turtlesim/share/turtlesim/images/eloquent.png
[0.925s] -- Up-to-date: /home/haruki/dev_ws/install/turtlesim/share/turtlesim/images/ardent.png
[0.925s] -- Up-to-date: /home/haruki/dev_ws/install/turtlesim/share/turtlesim/images/bouncy.png
[0.925s] -- Up-to-date: /home/haruki/dev_ws/install/turtlesim/share/turtlesim/images/crystal.png
[0.925s] -- Up-to-date: /home/haruki/dev_ws/install/turtlesim/share/turtlesim/images/dashing.png
[0.925s] -- Up-to-date: /home/haruki/dev_ws/install/turtlesim/share/turtlesim/images/foxy.png
[0.925s] -- Up-to-date: /home/haruki/dev_ws/install/turtlesim/share/turtlesim/launch
[0.925s] -- Up-to-date: /home/haruki/dev_ws/install/turtlesim/share/turtlesim/launch/multisim.launch.py
[0.926s] -- Up-to-date: /home/haruki/dev_ws/install/turtlesim/share/ament_index/resource_index/package_run_dependencies/turtlesim
[0.926s] -- Up-to-date: /home/haruki/dev_ws/install/turtlesim/share/ament_index/resource_index/parent_prefix_path/turtlesim
[0.926s] -- Up-to-date: /home/haruki/dev_ws/install/turtlesim/share/turtlesim/environment/ament_prefix_path.sh
[0.926s] -- Up-to-date: /home/haruki/dev_ws/install/turtlesim/share/turtlesim/environment/ament_prefix_path.dsv
[0.926s] -- Up-to-date: /home/haruki/dev_ws/install/turtlesim/share/turtlesim/environment/path.sh
[0.926s] -- Up-to-date: /home/haruki/dev_ws/install/turtlesim/share/turtlesim/environment/path.dsv
[0.926s] -- Up-to-date: /home/haruki/dev_ws/install/turtlesim/share/turtlesim/local_setup.bash
[0.926s] -- Up-to-date: /home/haruki/dev_ws/install/turtlesim/share/turtlesim/local_setup.sh
[0.926s] -- Up-to-date: /home/haruki/dev_ws/install/turtlesim/share/turtlesim/local_setup.zsh
[0.926s] -- Up-to-date: /home/haruki/dev_ws/install/turtlesim/share/turtlesim/local_setup.dsv
[0.926s] -- Installing: /home/haruki/dev_ws/install/turtlesim/share/turtlesim/package.dsv
[0.926s] -- Up-to-date: /home/haruki/dev_ws/install/turtlesim/share/ament_index/resource_index/packages/turtlesim
[0.927s] -- Up-to-date: /home/haruki/dev_ws/install/turtlesim/share/turtlesim/cmake/turtlesim__rosidl_generator_cExport.cmake
[0.927s] -- Up-to-date: /home/haruki/dev_ws/install/turtlesim/share/turtlesim/cmake/turtlesim__rosidl_generator_cExport-noconfig.cmake
[0.927s] -- Up-to-date: /home/haruki/dev_ws/install/turtlesim/share/turtlesim/cmake/turtlesim__rosidl_typesupport_introspection_cExport.cmake
[0.927s] -- Up-to-date: /home/haruki/dev_ws/install/turtlesim/share/turtlesim/cmake/turtlesim__rosidl_typesupport_introspection_cExport-noconfig.cmake
[0.928s] -- Up-to-date: /home/haruki/dev_ws/install/turtlesim/share/turtlesim/cmake/turtlesim__rosidl_typesupport_cExport.cmake
[0.928s] -- Up-to-date: /home/haruki/dev_ws/install/turtlesim/share/turtlesim/cmake/turtlesim__rosidl_typesupport_cExport-noconfig.cmake
[0.928s] -- Up-to-date: /home/haruki/dev_ws/install/turtlesim/share/turtlesim/cmake/turtlesim__rosidl_generator_cppExport.cmake
[0.928s] -- Up-to-date: /home/haruki/dev_ws/install/turtlesim/share/turtlesim/cmake/turtlesim__rosidl_typesupport_introspection_cppExport.cmake
[0.928s] -- Up-to-date: /home/haruki/dev_ws/install/turtlesim/share/turtlesim/cmake/turtlesim__rosidl_typesupport_introspection_cppExport-noconfig.cmake
[0.929s] -- Up-to-date: /home/haruki/dev_ws/install/turtlesim/share/turtlesim/cmake/turtlesim__rosidl_typesupport_cppExport.cmake
[0.929s] -- Up-to-date: /home/haruki/dev_ws/install/turtlesim/share/turtlesim/cmake/turtlesim__rosidl_typesupport_cppExport-noconfig.cmake
[0.929s] -- Up-to-date: /home/haruki/dev_ws/install/turtlesim/share/turtlesim/cmake/rosidl_cmake-extras.cmake
[0.929s] -- Up-to-date: /home/haruki/dev_ws/install/turtlesim/share/turtlesim/cmake/ament_cmake_export_dependencies-extras.cmake
[0.929s] -- Up-to-date: /home/haruki/dev_ws/install/turtlesim/share/turtlesim/cmake/ament_cmake_export_libraries-extras.cmake
[0.929s] -- Up-to-date: /home/haruki/dev_ws/install/turtlesim/share/turtlesim/cmake/ament_cmake_export_targets-extras.cmake
[0.929s] -- Up-to-date: /home/haruki/dev_ws/install/turtlesim/share/turtlesim/cmake/ament_cmake_export_include_directories-extras.cmake
[0.929s] -- Up-to-date: /home/haruki/dev_ws/install/turtlesim/share/turtlesim/cmake/rosidl_cmake_export_typesupport_libraries-extras.cmake
[0.929s] -- Up-to-date: /home/haruki/dev_ws/install/turtlesim/share/turtlesim/cmake/rosidl_cmake_export_typesupport_targets-extras.cmake
[0.929s] -- Up-to-date: /home/haruki/dev_ws/install/turtlesim/share/turtlesim/cmake/turtlesimConfig.cmake
[0.929s] -- Up-to-date: /home/haruki/dev_ws/install/turtlesim/share/turtlesim/cmake/turtlesimConfig-version.cmake
[0.930s] -- Up-to-date: /home/haruki/dev_ws/install/turtlesim/share/turtlesim/package.xml
[0.932s] Invoked command in '/home/haruki/dev_ws/build/turtlesim' returned '0': CMAKE_PREFIX_PATH=/opt/ros/foxy /usr/bin/cmake --install /home/haruki/dev_ws/build/turtlesim
