[0.439s] Invoking command in '/home/haruki/dev_ws/build/tutorial_interfaces': CMAKE_PREFIX_PATH=/home/haruki/turtlebot3_ws/install/turtlebot3_teleop:/home/haruki/turtlebot3_ws/install/turtlebot3_example:/opt/ros/foxy:${CMAKE_PREFIX_PATH} /usr/bin/cmake --build /home/haruki/dev_ws/build/tutorial_interfaces -- -j12 -l12
[0.508s] [  1%] Built target tutorial_interfaces__cpp
[0.509s] [  3%] Built target tutorial_interfaces__dds_connext_idl
[0.513s] [  9%] Built target tutorial_interfaces__rosidl_generator_c
[0.555s] [ 15%] Built target tutorial_interfaces__rosidl_typesupport_cpp
[0.559s] [ 21%] Built target tutorial_interfaces__rosidl_typesupport_introspection_c
[0.566s] [ 27%] Built target tutorial_interfaces__rosidl_typesupport_introspection_cpp
[0.567s] [ 33%] Built target tutorial_interfaces__rosidl_typesupport_c
[0.567s] [ 40%] Built target tutorial_interfaces__rosidl_typesupport_fastrtps_cpp
[0.590s] [ 56%] Built target tutorial_interfaces__rosidl_typesupport_connext_cpp
[0.592s] [ 63%] Built target tutorial_interfaces__rosidl_typesupport_fastrtps_c
[0.631s] [ 81%] Built target tutorial_interfaces__rosidl_typesupport_connext_c
[0.648s] [ 81%] Built target tutorial_interfaces
[0.668s] [ 83%] Built target tutorial_interfaces__py
[0.693s] [ 87%] Built target tutorial_interfaces__python
[0.722s] [ 90%] Built target tutorial_interfaces__rosidl_typesupport_c__pyext
[0.723s] [ 96%] Built target tutorial_interfaces__rosidl_typesupport_fastrtps_c__pyext
[0.723s] [ 96%] Built target tutorial_interfaces__rosidl_typesupport_introspection_c__pyext
[0.723s] [100%] Built target tutorial_interfaces__rosidl_typesupport_connext_c__pyext
[0.736s] Invoked command in '/home/haruki/dev_ws/build/tutorial_interfaces' returned '0': CMAKE_PREFIX_PATH=/home/haruki/turtlebot3_ws/install/turtlebot3_teleop:/home/haruki/turtlebot3_ws/install/turtlebot3_example:/opt/ros/foxy:${CMAKE_PREFIX_PATH} /usr/bin/cmake --build /home/haruki/dev_ws/build/tutorial_interfaces -- -j12 -l12
[0.824s] Invoking command in '/home/haruki/dev_ws/build/tutorial_interfaces': CMAKE_PREFIX_PATH=/home/haruki/turtlebot3_ws/install/turtlebot3_teleop:/home/haruki/turtlebot3_ws/install/turtlebot3_example:/opt/ros/foxy:${CMAKE_PREFIX_PATH} /usr/bin/cmake --install /home/haruki/dev_ws/build/tutorial_interfaces
[0.835s] -- Install configuration: ""
[0.835s] -- Up-to-date: /home/haruki/dev_ws/install/tutorial_interfaces/share/ament_index/resource_index/rosidl_interfaces/tutorial_interfaces
[0.835s] -- Up-to-date: /home/haruki/dev_ws/install/tutorial_interfaces/include/tutorial_interfaces
[0.835s] -- Up-to-date: /home/haruki/dev_ws/install/tutorial_interfaces/include/tutorial_interfaces/srv
[0.835s] -- Up-to-date: /home/haruki/dev_ws/install/tutorial_interfaces/include/tutorial_interfaces/srv/add_three_ints.h
[0.836s] -- Up-to-date: /home/haruki/dev_ws/install/tutorial_interfaces/include/tutorial_interfaces/srv/detail
[0.836s] -- Up-to-date: /home/haruki/dev_ws/install/tutorial_interfaces/include/tutorial_interfaces/srv/detail/add_three_ints__functions.c
[0.836s] -- Up-to-date: /home/haruki/dev_ws/install/tutorial_interfaces/include/tutorial_interfaces/srv/detail/add_three_ints__struct.h
[0.836s] -- Up-to-date: /home/haruki/dev_ws/install/tutorial_interfaces/include/tutorial_interfaces/srv/detail/add_three_ints__type_support.h
[0.836s] -- Up-to-date: /home/haruki/dev_ws/install/tutorial_interfaces/include/tutorial_interfaces/srv/detail/add_three_ints__functions.h
[0.836s] -- Up-to-date: /home/haruki/dev_ws/install/tutorial_interfaces/include/tutorial_interfaces/msg
[0.836s] -- Up-to-date: /home/haruki/dev_ws/install/tutorial_interfaces/include/tutorial_interfaces/msg/num.h
[0.837s] -- Up-to-date: /home/haruki/dev_ws/install/tutorial_interfaces/include/tutorial_interfaces/msg/detail
[0.837s] -- Up-to-date: /home/haruki/dev_ws/install/tutorial_interfaces/include/tutorial_interfaces/msg/detail/num__type_support.h
[0.837s] -- Up-to-date: /home/haruki/dev_ws/install/tutorial_interfaces/include/tutorial_interfaces/msg/detail/num__struct.h
[0.837s] -- Up-to-date: /home/haruki/dev_ws/install/tutorial_interfaces/include/tutorial_interfaces/msg/detail/num__functions.h
[0.837s] -- Up-to-date: /home/haruki/dev_ws/install/tutorial_interfaces/include/tutorial_interfaces/msg/detail/num__functions.c
[0.838s] -- Up-to-date: /home/haruki/dev_ws/install/tutorial_interfaces/include/tutorial_interfaces/msg/rosidl_generator_c__visibility_control.h
[0.838s] -- Up-to-date: /home/haruki/dev_ws/install/tutorial_interfaces/share/tutorial_interfaces/environment/library_path.sh
[0.838s] -- Up-to-date: /home/haruki/dev_ws/install/tutorial_interfaces/share/tutorial_interfaces/environment/library_path.dsv
[0.839s] -- Up-to-date: /home/haruki/dev_ws/install/tutorial_interfaces/lib/libtutorial_interfaces__rosidl_generator_c.so
[0.840s] -- Up-to-date: /home/haruki/dev_ws/install/tutorial_interfaces/include/tutorial_interfaces
[0.840s] -- Up-to-date: /home/haruki/dev_ws/install/tutorial_interfaces/include/tutorial_interfaces/srv
[0.841s] -- Up-to-date: /home/haruki/dev_ws/install/tutorial_interfaces/include/tutorial_interfaces/srv/add_three_ints__rosidl_typesupport_connext_c.h
[0.842s] -- Up-to-date: /home/haruki/dev_ws/install/tutorial_interfaces/include/tutorial_interfaces/srv/dds_connext
[0.842s] -- Up-to-date: /home/haruki/dev_ws/install/tutorial_interfaces/include/tutorial_interfaces/msg
[0.842s] -- Up-to-date: /home/haruki/dev_ws/install/tutorial_interfaces/include/tutorial_interfaces/msg/num__rosidl_typesupport_connext_c.h
[0.842s] -- Up-to-date: /home/haruki/dev_ws/install/tutorial_interfaces/include/tutorial_interfaces/msg/dds_connext
[0.842s] -- Up-to-date: /home/haruki/dev_ws/install/tutorial_interfaces/include/tutorial_interfaces/msg/rosidl_typesupport_connext_c__visibility_control.h
[0.842s] -- Up-to-date: /home/haruki/dev_ws/install/tutorial_interfaces/lib/libtutorial_interfaces__rosidl_typesupport_connext_c.so
[0.842s] -- Up-to-date: /home/haruki/dev_ws/install/tutorial_interfaces/share/tutorial_interfaces/msg/dds_connext
[0.843s] -- Up-to-date: /home/haruki/dev_ws/install/tutorial_interfaces/share/tutorial_interfaces/msg/dds_connext/Num_.idl
[0.843s] -- Up-to-date: /home/haruki/dev_ws/install/tutorial_interfaces/share/tutorial_interfaces/srv/dds_connext
[0.843s] -- Up-to-date: /home/haruki/dev_ws/install/tutorial_interfaces/share/tutorial_interfaces/srv/dds_connext/AddThreeInts_.idl
[0.843s] -- Up-to-date: /home/haruki/dev_ws/install/tutorial_interfaces/include/tutorial_interfaces
[0.843s] -- Up-to-date: /home/haruki/dev_ws/install/tutorial_interfaces/include/tutorial_interfaces/srv
[0.843s] -- Up-to-date: /home/haruki/dev_ws/install/tutorial_interfaces/include/tutorial_interfaces/srv/add_three_ints__rosidl_typesupport_connext_cpp.hpp
[0.843s] -- Up-to-date: /home/haruki/dev_ws/install/tutorial_interfaces/include/tutorial_interfaces/srv/dds_connext
[0.843s] -- Up-to-date: /home/haruki/dev_ws/install/tutorial_interfaces/include/tutorial_interfaces/srv/dds_connext/AddThreeInts_Support.cxx
[0.843s] -- Up-to-date: /home/haruki/dev_ws/install/tutorial_interfaces/include/tutorial_interfaces/srv/dds_connext/AddThreeInts_Plugin.cxx
[0.843s] -- Up-to-date: /home/haruki/dev_ws/install/tutorial_interfaces/include/tutorial_interfaces/srv/dds_connext/AddThreeInts_Support.h
[0.843s] -- Up-to-date: /home/haruki/dev_ws/install/tutorial_interfaces/include/tutorial_interfaces/srv/dds_connext/AddThreeInts_.cxx
[0.844s] -- Up-to-date: /home/haruki/dev_ws/install/tutorial_interfaces/include/tutorial_interfaces/srv/dds_connext/AddThreeInts_.h
[0.844s] -- Up-to-date: /home/haruki/dev_ws/install/tutorial_interfaces/include/tutorial_interfaces/srv/dds_connext/AddThreeInts_Plugin.h
[0.844s] -- Up-to-date: /home/haruki/dev_ws/install/tutorial_interfaces/include/tutorial_interfaces/msg
[0.844s] -- Up-to-date: /home/haruki/dev_ws/install/tutorial_interfaces/include/tutorial_interfaces/msg/rosidl_typesupport_connext_cpp__visibility_control.h
[0.844s] -- Up-to-date: /home/haruki/dev_ws/install/tutorial_interfaces/include/tutorial_interfaces/msg/num__rosidl_typesupport_connext_cpp.hpp
[0.844s] -- Up-to-date: /home/haruki/dev_ws/install/tutorial_interfaces/include/tutorial_interfaces/msg/dds_connext
[0.844s] -- Up-to-date: /home/haruki/dev_ws/install/tutorial_interfaces/include/tutorial_interfaces/msg/dds_connext/Num_Plugin.cxx
[0.844s] -- Up-to-date: /home/haruki/dev_ws/install/tutorial_interfaces/include/tutorial_interfaces/msg/dds_connext/Num_Support.cxx
[0.845s] -- Up-to-date: /home/haruki/dev_ws/install/tutorial_interfaces/include/tutorial_interfaces/msg/dds_connext/Num_Support.h
[0.845s] -- Up-to-date: /home/haruki/dev_ws/install/tutorial_interfaces/include/tutorial_interfaces/msg/dds_connext/Num_.cxx
[0.845s] -- Up-to-date: /home/haruki/dev_ws/install/tutorial_interfaces/include/tutorial_interfaces/msg/dds_connext/Num_Plugin.h
[0.845s] -- Up-to-date: /home/haruki/dev_ws/install/tutorial_interfaces/include/tutorial_interfaces/msg/dds_connext/Num_.h
[0.845s] -- Up-to-date: /home/haruki/dev_ws/install/tutorial_interfaces/lib/libtutorial_interfaces__rosidl_typesupport_connext_cpp.so
[0.846s] -- Up-to-date: /home/haruki/dev_ws/install/tutorial_interfaces/include/tutorial_interfaces
[0.847s] -- Up-to-date: /home/haruki/dev_ws/install/tutorial_interfaces/include/tutorial_interfaces/srv
[0.848s] -- Up-to-date: /home/haruki/dev_ws/install/tutorial_interfaces/include/tutorial_interfaces/srv/detail
[0.848s] -- Up-to-date: /home/haruki/dev_ws/install/tutorial_interfaces/include/tutorial_interfaces/srv/detail/add_three_ints__rosidl_typesupport_fastrtps_c.h
[0.848s] -- Up-to-date: /home/haruki/dev_ws/install/tutorial_interfaces/include/tutorial_interfaces/msg
[0.848s] -- Up-to-date: /home/haruki/dev_ws/install/tutorial_interfaces/include/tutorial_interfaces/msg/detail
[0.848s] -- Up-to-date: /home/haruki/dev_ws/install/tutorial_interfaces/include/tutorial_interfaces/msg/detail/num__rosidl_typesupport_fastrtps_c.h
[0.849s] -- Up-to-date: /home/haruki/dev_ws/install/tutorial_interfaces/include/tutorial_interfaces/msg/rosidl_typesupport_fastrtps_c__visibility_control.h
[0.849s] -- Up-to-date: /home/haruki/dev_ws/install/tutorial_interfaces/lib/libtutorial_interfaces__rosidl_typesupport_fastrtps_c.so
[0.849s] -- Up-to-date: /home/haruki/dev_ws/install/tutorial_interfaces/include/tutorial_interfaces
[0.849s] -- Up-to-date: /home/haruki/dev_ws/install/tutorial_interfaces/include/tutorial_interfaces/srv
[0.849s] -- Up-to-date: /home/haruki/dev_ws/install/tutorial_interfaces/include/tutorial_interfaces/srv/detail
[0.850s] -- Up-to-date: /home/haruki/dev_ws/install/tutorial_interfaces/include/tutorial_interfaces/srv/detail/add_three_ints__rosidl_typesupport_fastrtps_cpp.hpp
[0.851s] -- Up-to-date: /home/haruki/dev_ws/install/tutorial_interfaces/include/tutorial_interfaces/srv/detail/dds_fastrtps
[0.851s] -- Up-to-date: /home/haruki/dev_ws/install/tutorial_interfaces/include/tutorial_interfaces/msg
[0.851s] -- Up-to-date: /home/haruki/dev_ws/install/tutorial_interfaces/include/tutorial_interfaces/msg/rosidl_typesupport_fastrtps_cpp__visibility_control.h
[0.851s] -- Up-to-date: /home/haruki/dev_ws/install/tutorial_interfaces/include/tutorial_interfaces/msg/detail
[0.852s] -- Up-to-date: /home/haruki/dev_ws/install/tutorial_interfaces/include/tutorial_interfaces/msg/detail/dds_fastrtps
[0.852s] -- Up-to-date: /home/haruki/dev_ws/install/tutorial_interfaces/include/tutorial_interfaces/msg/detail/num__rosidl_typesupport_fastrtps_cpp.hpp
[0.852s] -- Up-to-date: /home/haruki/dev_ws/install/tutorial_interfaces/lib/libtutorial_interfaces__rosidl_typesupport_fastrtps_cpp.so
[0.853s] -- Up-to-date: /home/haruki/dev_ws/install/tutorial_interfaces/include/tutorial_interfaces
[0.853s] -- Up-to-date: /home/haruki/dev_ws/install/tutorial_interfaces/include/tutorial_interfaces/srv
[0.853s] -- Up-to-date: /home/haruki/dev_ws/install/tutorial_interfaces/include/tutorial_interfaces/srv/detail
[0.853s] -- Up-to-date: /home/haruki/dev_ws/install/tutorial_interfaces/include/tutorial_interfaces/srv/detail/add_three_ints__rosidl_typesupport_introspection_c.h
[0.854s] -- Up-to-date: /home/haruki/dev_ws/install/tutorial_interfaces/include/tutorial_interfaces/srv/detail/add_three_ints__type_support.c
[0.854s] -- Up-to-date: /home/haruki/dev_ws/install/tutorial_interfaces/include/tutorial_interfaces/msg
[0.854s] -- Up-to-date: /home/haruki/dev_ws/install/tutorial_interfaces/include/tutorial_interfaces/msg/detail
[0.854s] -- Up-to-date: /home/haruki/dev_ws/install/tutorial_interfaces/include/tutorial_interfaces/msg/detail/num__rosidl_typesupport_introspection_c.h
[0.855s] -- Up-to-date: /home/haruki/dev_ws/install/tutorial_interfaces/include/tutorial_interfaces/msg/detail/num__type_support.c
[0.855s] -- Up-to-date: /home/haruki/dev_ws/install/tutorial_interfaces/include/tutorial_interfaces/msg/rosidl_typesupport_introspection_c__visibility_control.h
[0.855s] -- Up-to-date: /home/haruki/dev_ws/install/tutorial_interfaces/lib/libtutorial_interfaces__rosidl_typesupport_introspection_c.so
[0.856s] -- Up-to-date: /home/haruki/dev_ws/install/tutorial_interfaces/lib/libtutorial_interfaces__rosidl_typesupport_c.so
[0.856s] -- Up-to-date: /home/haruki/dev_ws/install/tutorial_interfaces/include/tutorial_interfaces
[0.856s] -- Up-to-date: /home/haruki/dev_ws/install/tutorial_interfaces/include/tutorial_interfaces/srv
[0.856s] -- Up-to-date: /home/haruki/dev_ws/install/tutorial_interfaces/include/tutorial_interfaces/srv/detail
[0.856s] -- Up-to-date: /home/haruki/dev_ws/install/tutorial_interfaces/include/tutorial_interfaces/srv/detail/add_three_ints__struct.hpp
[0.856s] -- Up-to-date: /home/haruki/dev_ws/install/tutorial_interfaces/include/tutorial_interfaces/srv/detail/add_three_ints__builder.hpp
[0.856s] -- Up-to-date: /home/haruki/dev_ws/install/tutorial_interfaces/include/tutorial_interfaces/srv/detail/add_three_ints__traits.hpp
[0.856s] -- Up-to-date: /home/haruki/dev_ws/install/tutorial_interfaces/include/tutorial_interfaces/srv/add_three_ints.hpp
[0.856s] -- Up-to-date: /home/haruki/dev_ws/install/tutorial_interfaces/include/tutorial_interfaces/msg
[0.856s] -- Up-to-date: /home/haruki/dev_ws/install/tutorial_interfaces/include/tutorial_interfaces/msg/num.hpp
[0.856s] -- Up-to-date: /home/haruki/dev_ws/install/tutorial_interfaces/include/tutorial_interfaces/msg/detail
[0.856s] -- Up-to-date: /home/haruki/dev_ws/install/tutorial_interfaces/include/tutorial_interfaces/msg/detail/num__traits.hpp
[0.856s] -- Up-to-date: /home/haruki/dev_ws/install/tutorial_interfaces/include/tutorial_interfaces/msg/detail/num__builder.hpp
[0.856s] -- Up-to-date: /home/haruki/dev_ws/install/tutorial_interfaces/include/tutorial_interfaces/msg/detail/num__struct.hpp
[0.857s] -- Up-to-date: /home/haruki/dev_ws/install/tutorial_interfaces/include/tutorial_interfaces
[0.857s] -- Up-to-date: /home/haruki/dev_ws/install/tutorial_interfaces/include/tutorial_interfaces/srv
[0.857s] -- Up-to-date: /home/haruki/dev_ws/install/tutorial_interfaces/include/tutorial_interfaces/srv/detail
[0.857s] -- Up-to-date: /home/haruki/dev_ws/install/tutorial_interfaces/include/tutorial_interfaces/srv/detail/add_three_ints__type_support.cpp
[0.857s] -- Up-to-date: /home/haruki/dev_ws/install/tutorial_interfaces/include/tutorial_interfaces/srv/detail/add_three_ints__rosidl_typesupport_introspection_cpp.hpp
[0.857s] -- Up-to-date: /home/haruki/dev_ws/install/tutorial_interfaces/include/tutorial_interfaces/msg
[0.857s] -- Up-to-date: /home/haruki/dev_ws/install/tutorial_interfaces/include/tutorial_interfaces/msg/detail
[0.857s] -- Up-to-date: /home/haruki/dev_ws/install/tutorial_interfaces/include/tutorial_interfaces/msg/detail/num__type_support.cpp
[0.857s] -- Up-to-date: /home/haruki/dev_ws/install/tutorial_interfaces/include/tutorial_interfaces/msg/detail/num__rosidl_typesupport_introspection_cpp.hpp
[0.857s] -- Up-to-date: /home/haruki/dev_ws/install/tutorial_interfaces/lib/libtutorial_interfaces__rosidl_typesupport_introspection_cpp.so
[0.857s] -- Up-to-date: /home/haruki/dev_ws/install/tutorial_interfaces/lib/libtutorial_interfaces__rosidl_typesupport_cpp.so
[0.857s] -- Up-to-date: /home/haruki/dev_ws/install/tutorial_interfaces/share/tutorial_interfaces/environment/pythonpath.sh
[0.857s] -- Up-to-date: /home/haruki/dev_ws/install/tutorial_interfaces/share/tutorial_interfaces/environment/pythonpath.dsv
[0.857s] -- Up-to-date: /home/haruki/dev_ws/install/tutorial_interfaces/lib/python3.8/site-packages/tutorial_interfaces/__init__.py
[0.878s] -- Up-to-date: /home/haruki/dev_ws/install/tutorial_interfaces/lib/python3.8/site-packages/tutorial_interfaces/msg
[0.879s] -- Up-to-date: /home/haruki/dev_ws/install/tutorial_interfaces/lib/python3.8/site-packages/tutorial_interfaces/msg/_num.py
[0.879s] -- Up-to-date: /home/haruki/dev_ws/install/tutorial_interfaces/lib/python3.8/site-packages/tutorial_interfaces/msg/__init__.py
[0.879s] -- Up-to-date: /home/haruki/dev_ws/install/tutorial_interfaces/lib/python3.8/site-packages/tutorial_interfaces/msg/_num_s.c
[0.879s] -- Up-to-date: /home/haruki/dev_ws/install/tutorial_interfaces/lib/python3.8/site-packages/tutorial_interfaces/srv
[0.879s] -- Up-to-date: /home/haruki/dev_ws/install/tutorial_interfaces/lib/python3.8/site-packages/tutorial_interfaces/srv/_add_three_ints.py
[0.879s] -- Up-to-date: /home/haruki/dev_ws/install/tutorial_interfaces/lib/python3.8/site-packages/tutorial_interfaces/srv/_add_three_ints_s.c
[0.879s] -- Up-to-date: /home/haruki/dev_ws/install/tutorial_interfaces/lib/python3.8/site-packages/tutorial_interfaces/srv/__init__.py
[0.879s] -- Up-to-date: /home/haruki/dev_ws/install/tutorial_interfaces/lib/python3.8/site-packages/tutorial_interfaces/tutorial_interfaces_s__rosidl_typesupport_connext_c.cpython-38-x86_64-linux-gnu.so
[0.880s] -- Up-to-date: /home/haruki/dev_ws/install/tutorial_interfaces/lib/python3.8/site-packages/tutorial_interfaces/tutorial_interfaces_s__rosidl_typesupport_fastrtps_c.cpython-38-x86_64-linux-gnu.so
[0.881s] -- Up-to-date: /home/haruki/dev_ws/install/tutorial_interfaces/lib/python3.8/site-packages/tutorial_interfaces/tutorial_interfaces_s__rosidl_typesupport_introspection_c.cpython-38-x86_64-linux-gnu.so
[0.882s] -- Up-to-date: /home/haruki/dev_ws/install/tutorial_interfaces/lib/python3.8/site-packages/tutorial_interfaces/tutorial_interfaces_s__rosidl_typesupport_c.cpython-38-x86_64-linux-gnu.so
[0.882s] -- Up-to-date: /home/haruki/dev_ws/install/tutorial_interfaces/lib/libtutorial_interfaces__python.so
[0.882s] -- Up-to-date: /home/haruki/dev_ws/install/tutorial_interfaces/share/tutorial_interfaces/msg/Num.idl
[0.883s] -- Up-to-date: /home/haruki/dev_ws/install/tutorial_interfaces/share/tutorial_interfaces/srv/AddThreeInts.idl
[0.883s] -- Up-to-date: /home/haruki/dev_ws/install/tutorial_interfaces/share/tutorial_interfaces/msg/Num.msg
[0.883s] -- Up-to-date: /home/haruki/dev_ws/install/tutorial_interfaces/share/tutorial_interfaces/srv/AddThreeInts.srv
[0.883s] -- Up-to-date: /home/haruki/dev_ws/install/tutorial_interfaces/share/tutorial_interfaces/srv/AddThreeInts_Request.msg
[0.883s] -- Up-to-date: /home/haruki/dev_ws/install/tutorial_interfaces/share/tutorial_interfaces/srv/AddThreeInts_Response.msg
[0.884s] -- Up-to-date: /home/haruki/dev_ws/install/tutorial_interfaces/share/ament_index/resource_index/package_run_dependencies/tutorial_interfaces
[0.884s] -- Up-to-date: /home/haruki/dev_ws/install/tutorial_interfaces/share/ament_index/resource_index/parent_prefix_path/tutorial_interfaces
[0.884s] -- Up-to-date: /home/haruki/dev_ws/install/tutorial_interfaces/share/tutorial_interfaces/environment/ament_prefix_path.sh
[0.884s] -- Up-to-date: /home/haruki/dev_ws/install/tutorial_interfaces/share/tutorial_interfaces/environment/ament_prefix_path.dsv
[0.884s] -- Up-to-date: /home/haruki/dev_ws/install/tutorial_interfaces/share/tutorial_interfaces/environment/path.sh
[0.884s] -- Up-to-date: /home/haruki/dev_ws/install/tutorial_interfaces/share/tutorial_interfaces/environment/path.dsv
[0.884s] -- Up-to-date: /home/haruki/dev_ws/install/tutorial_interfaces/share/tutorial_interfaces/local_setup.bash
[0.884s] -- Up-to-date: /home/haruki/dev_ws/install/tutorial_interfaces/share/tutorial_interfaces/local_setup.sh
[0.884s] -- Up-to-date: /home/haruki/dev_ws/install/tutorial_interfaces/share/tutorial_interfaces/local_setup.zsh
[0.884s] -- Up-to-date: /home/haruki/dev_ws/install/tutorial_interfaces/share/tutorial_interfaces/local_setup.dsv
[0.884s] -- Installing: /home/haruki/dev_ws/install/tutorial_interfaces/share/tutorial_interfaces/package.dsv
[0.884s] -- Up-to-date: /home/haruki/dev_ws/install/tutorial_interfaces/share/ament_index/resource_index/packages/tutorial_interfaces
[0.884s] -- Up-to-date: /home/haruki/dev_ws/install/tutorial_interfaces/share/tutorial_interfaces/cmake/tutorial_interfaces__rosidl_generator_cExport.cmake
[0.885s] -- Up-to-date: /home/haruki/dev_ws/install/tutorial_interfaces/share/tutorial_interfaces/cmake/tutorial_interfaces__rosidl_generator_cExport-noconfig.cmake
[0.885s] -- Up-to-date: /home/haruki/dev_ws/install/tutorial_interfaces/share/tutorial_interfaces/cmake/tutorial_interfaces__rosidl_typesupport_introspection_cExport.cmake
[0.885s] -- Up-to-date: /home/haruki/dev_ws/install/tutorial_interfaces/share/tutorial_interfaces/cmake/tutorial_interfaces__rosidl_typesupport_introspection_cExport-noconfig.cmake
[0.885s] -- Up-to-date: /home/haruki/dev_ws/install/tutorial_interfaces/share/tutorial_interfaces/cmake/tutorial_interfaces__rosidl_typesupport_cExport.cmake
[0.885s] -- Up-to-date: /home/haruki/dev_ws/install/tutorial_interfaces/share/tutorial_interfaces/cmake/tutorial_interfaces__rosidl_typesupport_cExport-noconfig.cmake
[0.885s] -- Up-to-date: /home/haruki/dev_ws/install/tutorial_interfaces/share/tutorial_interfaces/cmake/tutorial_interfaces__rosidl_generator_cppExport.cmake
[0.886s] -- Up-to-date: /home/haruki/dev_ws/install/tutorial_interfaces/share/tutorial_interfaces/cmake/tutorial_interfaces__rosidl_typesupport_introspection_cppExport.cmake
[0.886s] -- Up-to-date: /home/haruki/dev_ws/install/tutorial_interfaces/share/tutorial_interfaces/cmake/tutorial_interfaces__rosidl_typesupport_introspection_cppExport-noconfig.cmake
[0.886s] -- Up-to-date: /home/haruki/dev_ws/install/tutorial_interfaces/share/tutorial_interfaces/cmake/tutorial_interfaces__rosidl_typesupport_cppExport.cmake
[0.886s] -- Up-to-date: /home/haruki/dev_ws/install/tutorial_interfaces/share/tutorial_interfaces/cmake/tutorial_interfaces__rosidl_typesupport_cppExport-noconfig.cmake
[0.886s] -- Up-to-date: /home/haruki/dev_ws/install/tutorial_interfaces/share/tutorial_interfaces/cmake/rosidl_cmake-extras.cmake
[0.886s] -- Up-to-date: /home/haruki/dev_ws/install/tutorial_interfaces/share/tutorial_interfaces/cmake/ament_cmake_export_dependencies-extras.cmake
[0.886s] -- Up-to-date: /home/haruki/dev_ws/install/tutorial_interfaces/share/tutorial_interfaces/cmake/ament_cmake_export_libraries-extras.cmake
[0.887s] -- Up-to-date: /home/haruki/dev_ws/install/tutorial_interfaces/share/tutorial_interfaces/cmake/ament_cmake_export_targets-extras.cmake
[0.887s] -- Up-to-date: /home/haruki/dev_ws/install/tutorial_interfaces/share/tutorial_interfaces/cmake/ament_cmake_export_include_directories-extras.cmake
[0.887s] -- Up-to-date: /home/haruki/dev_ws/install/tutorial_interfaces/share/tutorial_interfaces/cmake/rosidl_cmake_export_typesupport_libraries-extras.cmake
[0.887s] -- Up-to-date: /home/haruki/dev_ws/install/tutorial_interfaces/share/tutorial_interfaces/cmake/rosidl_cmake_export_typesupport_targets-extras.cmake
[0.887s] -- Up-to-date: /home/haruki/dev_ws/install/tutorial_interfaces/share/tutorial_interfaces/cmake/tutorial_interfacesConfig.cmake
[0.887s] -- Up-to-date: /home/haruki/dev_ws/install/tutorial_interfaces/share/tutorial_interfaces/cmake/tutorial_interfacesConfig-version.cmake
[0.887s] -- Up-to-date: /home/haruki/dev_ws/install/tutorial_interfaces/share/tutorial_interfaces/package.xml
[0.889s] Invoked command in '/home/haruki/dev_ws/build/tutorial_interfaces' returned '0': CMAKE_PREFIX_PATH=/home/haruki/turtlebot3_ws/install/turtlebot3_teleop:/home/haruki/turtlebot3_ws/install/turtlebot3_example:/opt/ros/foxy:${CMAKE_PREFIX_PATH} /usr/bin/cmake --install /home/haruki/dev_ws/build/tutorial_interfaces
