[0.205s] Invoking command in '/home/haruki/dev_ws/src/py_pubsub': PYTHONPATH=/home/haruki/dev_ws/install/py_pubsub/lib/python3.8/site-packages:${PYTHONPATH} /usr/bin/python3 setup.py egg_info --egg-base /home/haruki/dev_ws/build/py_pubsub build --build-base /home/haruki/dev_ws/build/py_pubsub/build install --prefix /home/haruki/dev_ws/install/py_pubsub --record /home/haruki/dev_ws/build/py_pubsub/install.log --single-version-externally-managed
[0.383s] running egg_info
[0.384s] writing /home/haruki/dev_ws/build/py_pubsub/py_pubsub.egg-info/PKG-INFO
[0.384s] writing dependency_links to /home/haruki/dev_ws/build/py_pubsub/py_pubsub.egg-info/dependency_links.txt
[0.384s] writing entry points to /home/haruki/dev_ws/build/py_pubsub/py_pubsub.egg-info/entry_points.txt
[0.384s] writing requirements to /home/haruki/dev_ws/build/py_pubsub/py_pubsub.egg-info/requires.txt
[0.384s] writing top-level names to /home/haruki/dev_ws/build/py_pubsub/py_pubsub.egg-info/top_level.txt
[0.415s] reading manifest file '/home/haruki/dev_ws/build/py_pubsub/py_pubsub.egg-info/SOURCES.txt'
[0.415s] writing manifest file '/home/haruki/dev_ws/build/py_pubsub/py_pubsub.egg-info/SOURCES.txt'
[0.416s] running build
[0.416s] running build_py
[0.416s] copying py_pubsub/subscriber_member_function.py -> /home/haruki/dev_ws/build/py_pubsub/build/lib/py_pubsub
[0.416s] copying py_pubsub/publisher_member_function.py -> /home/haruki/dev_ws/build/py_pubsub/build/lib/py_pubsub
[0.416s] running install
[0.417s] running install_lib
[0.418s] copying /home/haruki/dev_ws/build/py_pubsub/build/lib/py_pubsub/subscriber_member_function.py -> /home/haruki/dev_ws/install/py_pubsub/lib/python3.8/site-packages/py_pubsub
[0.418s] copying /home/haruki/dev_ws/build/py_pubsub/build/lib/py_pubsub/publisher_member_function.py -> /home/haruki/dev_ws/install/py_pubsub/lib/python3.8/site-packages/py_pubsub
[0.418s] byte-compiling /home/haruki/dev_ws/install/py_pubsub/lib/python3.8/site-packages/py_pubsub/subscriber_member_function.py to subscriber_member_function.cpython-38.pyc
[0.419s] byte-compiling /home/haruki/dev_ws/install/py_pubsub/lib/python3.8/site-packages/py_pubsub/publisher_member_function.py to publisher_member_function.cpython-38.pyc
[0.419s] running install_data
[0.420s] copying package.xml -> /home/haruki/dev_ws/install/py_pubsub/share/py_pubsub
[0.420s] running install_egg_info
[0.422s] removing '/home/haruki/dev_ws/install/py_pubsub/lib/python3.8/site-packages/py_pubsub-0.0.0-py3.8.egg-info' (and everything under it)
[0.422s] Copying /home/haruki/dev_ws/build/py_pubsub/py_pubsub.egg-info to /home/haruki/dev_ws/install/py_pubsub/lib/python3.8/site-packages/py_pubsub-0.0.0-py3.8.egg-info
[0.423s] running install_scripts
[0.437s] Installing listener script to /home/haruki/dev_ws/install/py_pubsub/lib/py_pubsub
[0.438s] Installing talker script to /home/haruki/dev_ws/install/py_pubsub/lib/py_pubsub
[0.438s] writing list of installed files to '/home/haruki/dev_ws/build/py_pubsub/install.log'
[0.455s] Invoked command in '/home/haruki/dev_ws/src/py_pubsub' returned '0': PYTHONPATH=/home/haruki/dev_ws/install/py_pubsub/lib/python3.8/site-packages:${PYTHONPATH} /usr/bin/python3 setup.py egg_info --egg-base /home/haruki/dev_ws/build/py_pubsub build --build-base /home/haruki/dev_ws/build/py_pubsub/build install --prefix /home/haruki/dev_ws/install/py_pubsub --record /home/haruki/dev_ws/build/py_pubsub/install.log --single-version-externally-managed
