running egg_info
writing /home/haruki/dev_ws/build/py_srvcli/py_srvcli.egg-info/PKG-INFO
writing dependency_links to /home/haruki/dev_ws/build/py_srvcli/py_srvcli.egg-info/dependency_links.txt
writing entry points to /home/haruki/dev_ws/build/py_srvcli/py_srvcli.egg-info/entry_points.txt
writing requirements to /home/haruki/dev_ws/build/py_srvcli/py_srvcli.egg-info/requires.txt
writing top-level names to /home/haruki/dev_ws/build/py_srvcli/py_srvcli.egg-info/top_level.txt
reading manifest file '/home/haruki/dev_ws/build/py_srvcli/py_srvcli.egg-info/SOURCES.txt'
writing manifest file '/home/haruki/dev_ws/build/py_srvcli/py_srvcli.egg-info/SOURCES.txt'
running build
running build_py
running install
running install_lib
running install_data
running install_egg_info
removing '/home/haruki/dev_ws/install/py_srvcli/lib/python3.8/site-packages/py_srvcli-0.0.0-py3.8.egg-info' (and everything under it)
Copying /home/haruki/dev_ws/build/py_srvcli/py_srvcli.egg-info to /home/haruki/dev_ws/install/py_srvcli/lib/python3.8/site-packages/py_srvcli-0.0.0-py3.8.egg-info
running install_scripts
Installing client script to /home/haruki/dev_ws/install/py_srvcli/lib/py_srvcli
Installing service script to /home/haruki/dev_ws/install/py_srvcli/lib/py_srvcli
writing list of installed files to '/home/haruki/dev_ws/build/py_srvcli/install.log'
