[0.009s] Invoking command in '/home/haruki/dev_ws/build/tutorial_interfaces': CMAKE_PREFIX_PATH=${CMAKE_PREFIX_PATH}:/home/haruki/dev_ws/install/py_srvcli:/home/haruki/dev_ws/install/py_pubsub:/opt/ros/foxy /usr/bin/cmake /home/haruki/dev_ws/src/tutorial_interfaces -DCMAKE_INSTALL_PREFIX=/home/haruki/dev_ws/install/tutorial_interfaces
[0.022s] -- Found ament_cmake: 0.9.6 (/opt/ros/foxy/share/ament_cmake/cmake)
[0.039s] -- Using PYTHON_EXECUTABLE: /usr/bin/python3
[0.175s] -- Found ament_lint_auto: 0.9.5 (/opt/ros/foxy/share/ament_lint_auto/cmake)
[0.237s] -- Added test 'copyright' to check source files copyright and LICENSE
[0.239s] -- Added test 'lint_cmake' to check CMake code style
[0.240s] -- Added test 'xmllint' to check XML markup files
[0.242s] -- Found rosidl_default_generators: 1.0.0 (/opt/ros/foxy/share/rosidl_default_generators/cmake)
[0.245s] -- Using all available rosidl_typesupport_c: rosidl_typesupport_connext_c;rosidl_typesupport_fastrtps_c;rosidl_typesupport_introspection_c
[0.249s] -- Found rosidl_adapter: 1.0.1 (/opt/ros/foxy/share/rosidl_adapter/cmake)
[0.259s] -- Found RTI Connext: /opt/rti.com/rti_connext_dds-5.3.1
[0.672s] -- Using all available rosidl_typesupport_cpp: rosidl_typesupport_connext_cpp;rosidl_typesupport_fastrtps_cpp;rosidl_typesupport_introspection_cpp
[0.694s] CMake Error at /opt/ros/foxy/share/rosidl_cmake/cmake/rosidl_generate_interfaces.cmake:64 (message):
[0.694s]   rosidl_generate_interfaces() must be called before ament_package()
[0.694s] Call Stack (most recent call first):
[0.694s]   CMakeLists.txt:39 (rosidl_generate_interfaces)
[0.694s] 
[0.694s] 
[0.695s] -- Configuring incomplete, errors occurred!
[0.695s] See also "/home/haruki/dev_ws/build/tutorial_interfaces/CMakeFiles/CMakeOutput.log".
[0.699s] Invoked command in '/home/haruki/dev_ws/build/tutorial_interfaces' returned '1': CMAKE_PREFIX_PATH=${CMAKE_PREFIX_PATH}:/home/haruki/dev_ws/install/py_srvcli:/home/haruki/dev_ws/install/py_pubsub:/opt/ros/foxy /usr/bin/cmake /home/haruki/dev_ws/src/tutorial_interfaces -DCMAKE_INSTALL_PREFIX=/home/haruki/dev_ws/install/tutorial_interfaces
