[0.190s] Invoking command in '/home/haruki/dev_ws/src/py_srvcli': PYTHONPATH=/home/haruki/dev_ws/install/py_srvcli/lib/python3.8/site-packages:${PYTHONPATH} /usr/bin/python3 setup.py egg_info --egg-base /home/haruki/dev_ws/build/py_srvcli build --build-base /home/haruki/dev_ws/build/py_srvcli/build install --prefix /home/haruki/dev_ws/install/py_srvcli --record /home/haruki/dev_ws/build/py_srvcli/install.log --single-version-externally-managed
[0.348s] running egg_info
[0.349s] creating /home/haruki/dev_ws/build/py_srvcli/py_srvcli.egg-info
[0.349s] writing /home/haruki/dev_ws/build/py_srvcli/py_srvcli.egg-info/PKG-INFO
[0.349s] writing dependency_links to /home/haruki/dev_ws/build/py_srvcli/py_srvcli.egg-info/dependency_links.txt
[0.349s] writing entry points to /home/haruki/dev_ws/build/py_srvcli/py_srvcli.egg-info/entry_points.txt
[0.349s] writing requirements to /home/haruki/dev_ws/build/py_srvcli/py_srvcli.egg-info/requires.txt
[0.349s] writing top-level names to /home/haruki/dev_ws/build/py_srvcli/py_srvcli.egg-info/top_level.txt
[0.351s] writing manifest file '/home/haruki/dev_ws/build/py_srvcli/py_srvcli.egg-info/SOURCES.txt'
[0.377s] reading manifest file '/home/haruki/dev_ws/build/py_srvcli/py_srvcli.egg-info/SOURCES.txt'
[0.377s] writing manifest file '/home/haruki/dev_ws/build/py_srvcli/py_srvcli.egg-info/SOURCES.txt'
[0.378s] running build
[0.378s] running build_py
[0.378s] creating /home/haruki/dev_ws/build/py_srvcli/build
[0.378s] creating /home/haruki/dev_ws/build/py_srvcli/build/lib
[0.378s] creating /home/haruki/dev_ws/build/py_srvcli/build/lib/py_srvcli
[0.378s] copying py_srvcli/client_member_function.py -> /home/haruki/dev_ws/build/py_srvcli/build/lib/py_srvcli
[0.378s] copying py_srvcli/service_member_function.py -> /home/haruki/dev_ws/build/py_srvcli/build/lib/py_srvcli
[0.378s] copying py_srvcli/__init__.py -> /home/haruki/dev_ws/build/py_srvcli/build/lib/py_srvcli
[0.378s] running install
[0.379s] running install_lib
[0.379s] creating /home/haruki/dev_ws/install/py_srvcli/lib/python3.8/site-packages/py_srvcli
[0.380s] copying /home/haruki/dev_ws/build/py_srvcli/build/lib/py_srvcli/client_member_function.py -> /home/haruki/dev_ws/install/py_srvcli/lib/python3.8/site-packages/py_srvcli
[0.380s] copying /home/haruki/dev_ws/build/py_srvcli/build/lib/py_srvcli/service_member_function.py -> /home/haruki/dev_ws/install/py_srvcli/lib/python3.8/site-packages/py_srvcli
[0.380s] copying /home/haruki/dev_ws/build/py_srvcli/build/lib/py_srvcli/__init__.py -> /home/haruki/dev_ws/install/py_srvcli/lib/python3.8/site-packages/py_srvcli
[0.380s] byte-compiling /home/haruki/dev_ws/install/py_srvcli/lib/python3.8/site-packages/py_srvcli/client_member_function.py to client_member_function.cpython-38.pyc
[0.381s] byte-compiling /home/haruki/dev_ws/install/py_srvcli/lib/python3.8/site-packages/py_srvcli/service_member_function.py to service_member_function.cpython-38.pyc
[0.381s] byte-compiling /home/haruki/dev_ws/install/py_srvcli/lib/python3.8/site-packages/py_srvcli/__init__.py to __init__.cpython-38.pyc
[0.381s] running install_data
[0.382s] creating /home/haruki/dev_ws/install/py_srvcli/share/ament_index
[0.382s] creating /home/haruki/dev_ws/install/py_srvcli/share/ament_index/resource_index
[0.382s] creating /home/haruki/dev_ws/install/py_srvcli/share/ament_index/resource_index/packages
[0.382s] copying resource/py_srvcli -> /home/haruki/dev_ws/install/py_srvcli/share/ament_index/resource_index/packages
[0.382s] copying package.xml -> /home/haruki/dev_ws/install/py_srvcli/share/py_srvcli
[0.382s] running install_egg_info
[0.383s] Copying /home/haruki/dev_ws/build/py_srvcli/py_srvcli.egg-info to /home/haruki/dev_ws/install/py_srvcli/lib/python3.8/site-packages/py_srvcli-0.0.0-py3.8.egg-info
[0.384s] running install_scripts
[0.397s] Installing client script to /home/haruki/dev_ws/install/py_srvcli/lib/py_srvcli
[0.398s] Installing service script to /home/haruki/dev_ws/install/py_srvcli/lib/py_srvcli
[0.398s] writing list of installed files to '/home/haruki/dev_ws/build/py_srvcli/install.log'
[0.412s] Invoked command in '/home/haruki/dev_ws/src/py_srvcli' returned '0': PYTHONPATH=/home/haruki/dev_ws/install/py_srvcli/lib/python3.8/site-packages:${PYTHONPATH} /usr/bin/python3 setup.py egg_info --egg-base /home/haruki/dev_ws/build/py_srvcli build --build-base /home/haruki/dev_ws/build/py_srvcli/build install --prefix /home/haruki/dev_ws/install/py_srvcli --record /home/haruki/dev_ws/build/py_srvcli/install.log --single-version-externally-managed
