[0.030s] Invoking command in '/home/haruki/dev_ws/build/my_package': CMAKE_PREFIX_PATH=/opt/ros/foxy /usr/bin/cmake --build /home/haruki/dev_ws/build/my_package -- -j12 -l12
[0.367s] -- Found ament_cmake: 0.9.6 (/opt/ros/foxy/share/ament_cmake/cmake)
[0.368s] -- Using PYTHON_EXECUTABLE: /usr/bin/python3
[0.368s] -- Found ament_lint_auto: 0.9.5 (/opt/ros/foxy/share/ament_lint_auto/cmake)
[0.368s] -- Added test 'copyright' to check source files copyright and LICENSE
[0.368s] -- Added test 'cppcheck' to perform static code analysis on C / C++ code
[0.369s] -- Configured cppcheck include dirs: $<BUILD_INTERFACE:/home/haruki/dev_ws/src/my_package/include>
[0.369s] -- Configured cppcheck exclude dirs and/or files: 
[0.370s] -- Added test 'cpplint' to check C / C++ code against the Google style
[0.370s] -- Configured cpplint exclude dirs and/or files: 
[0.370s] -- Added test 'lint_cmake' to check CMake code style
[0.370s] -- Added test 'uncrustify' to check C / C++ code style
[0.370s] -- Configured uncrustify additional arguments: 
[0.370s] -- Added test 'xmllint' to check XML markup files
[0.370s] -- Configuring done
[0.370s] -- Generating done
[0.371s] -- Build files have been written to: /home/haruki/dev_ws/build/my_package
[0.371s] [35m[1mScanning dependencies of target my_node[0m
[0.371s] [ 50%] [32mBuilding CXX object CMakeFiles/my_node.dir/src/my_node.cpp.o[0m
[0.400s] [100%] [32m[1mLinking CXX executable my_node[0m
[0.457s] [100%] Built target my_node
[0.467s] Invoked command in '/home/haruki/dev_ws/build/my_package' returned '0': CMAKE_PREFIX_PATH=/opt/ros/foxy /usr/bin/cmake --build /home/haruki/dev_ws/build/my_package -- -j12 -l12
[0.501s] Invoking command in '/home/haruki/dev_ws/build/my_package': CMAKE_PREFIX_PATH=/opt/ros/foxy /usr/bin/cmake --install /home/haruki/dev_ws/build/my_package
[0.507s] -- Install configuration: ""
[0.508s] -- Installing: /home/haruki/dev_ws/install/my_package/lib/my_package/my_node
[0.508s] -- Up-to-date: /home/haruki/dev_ws/install/my_package/share/ament_index/resource_index/package_run_dependencies/my_package
[0.508s] -- Up-to-date: /home/haruki/dev_ws/install/my_package/share/ament_index/resource_index/parent_prefix_path/my_package
[0.509s] -- Up-to-date: /home/haruki/dev_ws/install/my_package/share/my_package/environment/ament_prefix_path.sh
[0.509s] -- Installing: /home/haruki/dev_ws/install/my_package/share/my_package/environment/ament_prefix_path.dsv
[0.509s] -- Up-to-date: /home/haruki/dev_ws/install/my_package/share/my_package/environment/path.sh
[0.509s] -- Installing: /home/haruki/dev_ws/install/my_package/share/my_package/environment/path.dsv
[0.509s] -- Up-to-date: /home/haruki/dev_ws/install/my_package/share/my_package/local_setup.bash
[0.509s] -- Up-to-date: /home/haruki/dev_ws/install/my_package/share/my_package/local_setup.sh
[0.509s] -- Up-to-date: /home/haruki/dev_ws/install/my_package/share/my_package/local_setup.zsh
[0.509s] -- Installing: /home/haruki/dev_ws/install/my_package/share/my_package/local_setup.dsv
[0.509s] -- Installing: /home/haruki/dev_ws/install/my_package/share/my_package/package.dsv
[0.509s] -- Up-to-date: /home/haruki/dev_ws/install/my_package/share/ament_index/resource_index/packages/my_package
[0.509s] -- Up-to-date: /home/haruki/dev_ws/install/my_package/share/my_package/cmake/my_packageConfig.cmake
[0.509s] -- Up-to-date: /home/haruki/dev_ws/install/my_package/share/my_package/cmake/my_packageConfig-version.cmake
[0.510s] -- Installing: /home/haruki/dev_ws/install/my_package/share/my_package/package.xml
[0.511s] Invoked command in '/home/haruki/dev_ws/build/my_package' returned '0': CMAKE_PREFIX_PATH=/opt/ros/foxy /usr/bin/cmake --install /home/haruki/dev_ws/build/my_package
