[0.009s] Invoking command in '/home/haruki/dev_ws/build/tutorial_interfaces': CMAKE_PREFIX_PATH=${CMAKE_PREFIX_PATH}:/home/haruki/dev_ws/install/py_srvcli:/home/haruki/dev_ws/install/py_pubsub:/opt/ros/foxy /usr/bin/cmake /home/haruki/dev_ws/src/tutorial_interfaces -DCMAKE_INSTALL_PREFIX=/home/haruki/dev_ws/install/tutorial_interfaces
[0.022s] -- Found ament_cmake: 0.9.6 (/opt/ros/foxy/share/ament_cmake/cmake)
[0.039s] -- Using PYTHON_EXECUTABLE: /usr/bin/python3
[0.175s] -- Found rosidl_default_generators: 1.0.0 (/opt/ros/foxy/share/rosidl_default_generators/cmake)
[0.177s] -- Using all available rosidl_typesupport_c: rosidl_typesupport_connext_c;rosidl_typesupport_fastrtps_c;rosidl_typesupport_introspection_c
[0.180s] -- Found rosidl_adapter: 1.0.1 (/opt/ros/foxy/share/rosidl_adapter/cmake)
[0.186s] -- Found RTI Connext: /opt/rti.com/rti_connext_dds-5.3.1
[0.491s] -- Using all available rosidl_typesupport_cpp: rosidl_typesupport_connext_cpp;rosidl_typesupport_fastrtps_cpp;rosidl_typesupport_introspection_cpp
[0.525s] -- Found PythonInterp: /usr/bin/python3 (found version "3.8.2") 
[0.636s] -- Found ament_cmake_ros: 0.9.0 (/opt/ros/foxy/share/ament_cmake_ros/cmake)
[0.716s] -- Using all available rosidl_typesupport_c: rosidl_typesupport_connext_c;rosidl_typesupport_fastrtps_c;rosidl_typesupport_introspection_c
[0.723s] -- Using all available rosidl_typesupport_cpp: rosidl_typesupport_connext_cpp;rosidl_typesupport_fastrtps_cpp;rosidl_typesupport_introspection_cpp
[0.741s] -- Found PythonInterp: /usr/bin/python3 (found suitable version "3.8.2", minimum required is "3.5") 
[0.742s] -- Found python_cmake_module: 0.8.0 (/opt/ros/foxy/share/python_cmake_module/cmake)
[0.765s] -- Found PythonLibs: /usr/lib/x86_64-linux-gnu/libpython3.8.so (found suitable version "3.8.2", minimum required is "3.5") 
[0.766s] -- Using PYTHON_EXECUTABLE: /usr/bin/python3
[0.766s] -- Using PYTHON_INCLUDE_DIRS: /usr/include/python3.8
[0.766s] -- Using PYTHON_LIBRARIES: /usr/lib/x86_64-linux-gnu/libpython3.8.so
[0.782s] -- Found PythonExtra: .so  
[0.814s] -- Found ament_lint_auto: 0.9.5 (/opt/ros/foxy/share/ament_lint_auto/cmake)
[0.823s] -- Added test 'copyright' to check source files copyright and LICENSE
[0.825s] -- Added test 'lint_cmake' to check CMake code style
[0.825s] -- Added test 'xmllint' to check XML markup files
[0.829s] -- Configuring done
[0.870s] -- Generating done
[0.873s] -- Build files have been written to: /home/haruki/dev_ws/build/tutorial_interfaces
[0.877s] Invoked command in '/home/haruki/dev_ws/build/tutorial_interfaces' returned '0': CMAKE_PREFIX_PATH=${CMAKE_PREFIX_PATH}:/home/haruki/dev_ws/install/py_srvcli:/home/haruki/dev_ws/install/py_pubsub:/opt/ros/foxy /usr/bin/cmake /home/haruki/dev_ws/src/tutorial_interfaces -DCMAKE_INSTALL_PREFIX=/home/haruki/dev_ws/install/tutorial_interfaces
[0.879s] Invoking command in '/home/haruki/dev_ws/build/tutorial_interfaces': CMAKE_PREFIX_PATH=${CMAKE_PREFIX_PATH}:/home/haruki/dev_ws/install/py_srvcli:/home/haruki/dev_ws/install/py_pubsub:/opt/ros/foxy /usr/bin/cmake --build /home/haruki/dev_ws/build/tutorial_interfaces -- -j12 -l12
[0.910s] [  1%] [34m[1mGenerating C code for ROS interfaces[0m
[0.910s] [35m[1mScanning dependencies of target tutorial_interfaces__dds_connext_idl[0m
[0.910s] [35m[1mScanning dependencies of target tutorial_interfaces__cpp[0m
[0.919s] [  4%] [34m[1mGenerating DDS interfaces[0m
[0.919s] [  4%] [34m[1mGenerating C++ code for ROS interfaces[0m
[1.082s] [  4%] Built target tutorial_interfaces__dds_connext_idl
[1.135s] [  4%] Built target tutorial_interfaces__cpp
[1.141s] [35m[1mScanning dependencies of target tutorial_interfaces__rosidl_generator_c[0m
[1.142s] [  6%] [34m[1mGenerating C++ type support dispatch for ROS interfaces[0m
[1.143s] [  7%] [34m[1mGenerating C++ introspection for ROS interfaces[0m
[1.143s] [  9%] [34m[1mGenerating C++ type support for RTI Connext (using '/opt/rti.com/rti_connext_dds-5.3.1/bin/rtiddsgen_server')[0m
[1.147s] [ 10%] [34m[1mGenerating C++ type support for eProsima Fast-RTPS[0m
[1.155s] [ 13%] [32mBuilding C object CMakeFiles/tutorial_interfaces__rosidl_generator_c.dir/rosidl_generator_c/tutorial_interfaces/srv/detail/add_three_ints__functions.c.o[0m
[1.155s] [ 13%] [32mBuilding C object CMakeFiles/tutorial_interfaces__rosidl_generator_c.dir/rosidl_generator_c/tutorial_interfaces/msg/detail/num__functions.c.o[0m
[1.240s] [ 15%] [32m[1mLinking C shared library libtutorial_interfaces__rosidl_generator_c.so[0m
[1.276s] [ 15%] Built target tutorial_interfaces__rosidl_generator_c
[1.287s] [ 18%] [34m[1mGenerating C type support dispatch for ROS interfaces[0m
[1.287s] [ 18%] [34m[1mGenerating C introspection for ROS interfaces[0m
[1.358s] [35m[1mScanning dependencies of target tutorial_interfaces__rosidl_typesupport_introspection_cpp[0m
[1.372s] [ 20%] [32mBuilding CXX object CMakeFiles/tutorial_interfaces__rosidl_typesupport_introspection_cpp.dir/rosidl_typesupport_introspection_cpp/tutorial_interfaces/srv/detail/add_three_ints__type_support.cpp.o[0m
[1.374s] [ 21%] [32mBuilding CXX object CMakeFiles/tutorial_interfaces__rosidl_typesupport_introspection_cpp.dir/rosidl_typesupport_introspection_cpp/tutorial_interfaces/msg/detail/num__type_support.cpp.o[0m
[1.382s] [35m[1mScanning dependencies of target tutorial_interfaces__rosidl_typesupport_cpp[0m
[1.395s] [35m[1mScanning dependencies of target tutorial_interfaces__rosidl_typesupport_fastrtps_cpp[0m
[1.395s] [ 23%] [32mBuilding CXX object CMakeFiles/tutorial_interfaces__rosidl_typesupport_cpp.dir/rosidl_typesupport_cpp/tutorial_interfaces/msg/num__type_support.cpp.o[0m
[1.396s] [ 24%] [32mBuilding CXX object CMakeFiles/tutorial_interfaces__rosidl_typesupport_cpp.dir/rosidl_typesupport_cpp/tutorial_interfaces/srv/add_three_ints__type_support.cpp.o[0m
[1.420s] [ 26%] [32mBuilding CXX object CMakeFiles/tutorial_interfaces__rosidl_typesupport_fastrtps_cpp.dir/rosidl_typesupport_fastrtps_cpp/tutorial_interfaces/srv/detail/dds_fastrtps/add_three_ints__type_support.cpp.o[0m
[1.422s] [ 27%] [32mBuilding CXX object CMakeFiles/tutorial_interfaces__rosidl_typesupport_fastrtps_cpp.dir/rosidl_typesupport_fastrtps_cpp/tutorial_interfaces/msg/detail/dds_fastrtps/num__type_support.cpp.o[0m
[1.567s] [35m[1mScanning dependencies of target tutorial_interfaces__rosidl_typesupport_c[0m
[1.570s] [35m[1mScanning dependencies of target tutorial_interfaces__rosidl_typesupport_introspection_c[0m
[1.578s] [ 29%] [32mBuilding CXX object CMakeFiles/tutorial_interfaces__rosidl_typesupport_c.dir/rosidl_typesupport_c/tutorial_interfaces/msg/num__type_support.cpp.o[0m
[1.581s] [ 30%] [32mBuilding CXX object CMakeFiles/tutorial_interfaces__rosidl_typesupport_c.dir/rosidl_typesupport_c/tutorial_interfaces/srv/add_three_ints__type_support.cpp.o[0m
[1.587s] [ 33%] [32mBuilding C object CMakeFiles/tutorial_interfaces__rosidl_typesupport_introspection_c.dir/rosidl_typesupport_introspection_c/tutorial_interfaces/msg/detail/num__type_support.c.o[0m
[1.587s] [ 33%] [32mBuilding C object CMakeFiles/tutorial_interfaces__rosidl_typesupport_introspection_c.dir/rosidl_typesupport_introspection_c/tutorial_interfaces/srv/detail/add_three_ints__type_support.c.o[0m
[1.634s] [ 35%] [32m[1mLinking CXX shared library libtutorial_interfaces__rosidl_typesupport_c.so[0m
[1.636s] [ 36%] [32m[1mLinking C shared library libtutorial_interfaces__rosidl_typesupport_introspection_c.so[0m
[1.673s] [ 36%] Built target tutorial_interfaces__rosidl_typesupport_introspection_c
[1.677s] [ 36%] Built target tutorial_interfaces__rosidl_typesupport_c
[1.739s] [ 38%] [32m[1mLinking CXX shared library libtutorial_interfaces__rosidl_typesupport_cpp.so[0m
[1.775s] [ 40%] [32m[1mLinking CXX shared library libtutorial_interfaces__rosidl_typesupport_introspection_cpp.so[0m
[1.783s] [ 40%] Built target tutorial_interfaces__rosidl_typesupport_cpp
[1.823s] [ 40%] Built target tutorial_interfaces__rosidl_typesupport_introspection_cpp
[1.919s] [ 41%] [32m[1mLinking CXX shared library libtutorial_interfaces__rosidl_typesupport_fastrtps_cpp.so[0m
[2.005s] [ 41%] Built target tutorial_interfaces__rosidl_typesupport_fastrtps_cpp
[2.017s] [ 43%] [34m[1mGenerating C type support for eProsima Fast-RTPS[0m
[2.123s] INFO com.rti.ndds.nddsgen.Main Running rtiddsgen version 2.5.2, please wait ...
[2.123s] INFO com.rti.ndds.nddsgen.Main Done
[2.267s] INFO com.rti.ndds.nddsgen.Main Running rtiddsgen version 2.5.2, please wait ...
[2.267s] INFO com.rti.ndds.nddsgen.Main Done
[2.273s] [35m[1mScanning dependencies of target tutorial_interfaces__rosidl_typesupport_fastrtps_c[0m
[2.292s] [ 44%] [32mBuilding CXX object CMakeFiles/tutorial_interfaces__rosidl_typesupport_fastrtps_c.dir/rosidl_typesupport_fastrtps_c/tutorial_interfaces/msg/detail/num__type_support_c.cpp.o[0m
[2.298s] [ 46%] [32mBuilding CXX object CMakeFiles/tutorial_interfaces__rosidl_typesupport_fastrtps_c.dir/rosidl_typesupport_fastrtps_c/tutorial_interfaces/srv/detail/add_three_ints__type_support_c.cpp.o[0m
[2.330s] [35m[1mScanning dependencies of target tutorial_interfaces__rosidl_typesupport_connext_cpp[0m
[2.430s] [ 47%] [32mBuilding CXX object CMakeFiles/tutorial_interfaces__rosidl_typesupport_connext_cpp.dir/rosidl_typesupport_connext_cpp/tutorial_interfaces/srv/dds_connext/add_three_ints__type_support.cpp.o[0m
[2.431s] [ 52%] [32mBuilding CXX object CMakeFiles/tutorial_interfaces__rosidl_typesupport_connext_cpp.dir/rosidl_typesupport_connext_cpp/tutorial_interfaces/msg/dds_connext/Num_Plugin.cxx.o[0m
[2.431s] [ 52%] [32mBuilding CXX object CMakeFiles/tutorial_interfaces__rosidl_typesupport_connext_cpp.dir/rosidl_typesupport_connext_cpp/tutorial_interfaces/msg/dds_connext/Num_.cxx.o[0m
[2.431s] [ 52%] [32mBuilding CXX object CMakeFiles/tutorial_interfaces__rosidl_typesupport_connext_cpp.dir/rosidl_typesupport_connext_cpp/tutorial_interfaces/msg/dds_connext/Num_Support.cxx.o[0m
[2.432s] [ 53%] [32mBuilding CXX object CMakeFiles/tutorial_interfaces__rosidl_typesupport_connext_cpp.dir/rosidl_typesupport_connext_cpp/tutorial_interfaces/srv/dds_connext/AddThreeInts_Plugin.cxx.o[0m
[2.432s] [ 55%] [32mBuilding CXX object CMakeFiles/tutorial_interfaces__rosidl_typesupport_connext_cpp.dir/rosidl_typesupport_connext_cpp/tutorial_interfaces/msg/dds_connext/num__type_support.cpp.o[0m
[2.433s] [ 56%] [32mBuilding CXX object CMakeFiles/tutorial_interfaces__rosidl_typesupport_connext_cpp.dir/rosidl_typesupport_connext_cpp/tutorial_interfaces/srv/dds_connext/AddThreeInts_Support.cxx.o[0m
[2.439s] [ 58%] [32mBuilding CXX object CMakeFiles/tutorial_interfaces__rosidl_typesupport_connext_cpp.dir/rosidl_typesupport_connext_cpp/tutorial_interfaces/srv/dds_connext/AddThreeInts_.cxx.o[0m
[2.747s] [ 60%] [32m[1mLinking CXX shared library libtutorial_interfaces__rosidl_typesupport_fastrtps_c.so[0m
[2.874s] [ 60%] Built target tutorial_interfaces__rosidl_typesupport_fastrtps_c
[3.280s] [ 61%] [32m[1mLinking CXX shared library libtutorial_interfaces__rosidl_typesupport_connext_cpp.so[0m
[3.389s] [ 63%] Built target tutorial_interfaces__rosidl_typesupport_connext_cpp
[3.397s] [ 64%] [34m[1mGenerating C type support for RTI Connext[0m
[3.595s] [35m[1mScanning dependencies of target tutorial_interfaces__rosidl_typesupport_connext_c[0m
[3.649s] [ 66%] [32mBuilding CXX object CMakeFiles/tutorial_interfaces__rosidl_typesupport_connext_c.dir/rosidl_typesupport_connext_cpp/tutorial_interfaces/msg/dds_connext/Num_Plugin.cxx.o[0m
[3.650s] [ 67%] [32mBuilding CXX object CMakeFiles/tutorial_interfaces__rosidl_typesupport_connext_c.dir/rosidl_typesupport_connext_cpp/tutorial_interfaces/srv/dds_connext/AddThreeInts_Support.cxx.o[0m
[3.650s] [ 69%] [32mBuilding CXX object CMakeFiles/tutorial_interfaces__rosidl_typesupport_connext_c.dir/rosidl_typesupport_connext_c/tutorial_interfaces/msg/dds_connext/num__type_support_c.cpp.o[0m
[3.651s] [ 70%] [32mBuilding CXX object CMakeFiles/tutorial_interfaces__rosidl_typesupport_connext_c.dir/rosidl_typesupport_connext_c/tutorial_interfaces/srv/dds_connext/add_three_ints__type_support_c.cpp.o[0m
[3.651s] [ 72%] [32mBuilding CXX object CMakeFiles/tutorial_interfaces__rosidl_typesupport_connext_c.dir/rosidl_typesupport_connext_cpp/tutorial_interfaces/msg/dds_connext/Num_.cxx.o[0m
[3.652s] [ 73%] [32mBuilding CXX object CMakeFiles/tutorial_interfaces__rosidl_typesupport_connext_c.dir/rosidl_typesupport_connext_cpp/tutorial_interfaces/msg/dds_connext/Num_Support.cxx.o[0m
[3.652s] [ 75%] [32mBuilding CXX object CMakeFiles/tutorial_interfaces__rosidl_typesupport_connext_c.dir/rosidl_typesupport_connext_cpp/tutorial_interfaces/srv/dds_connext/AddThreeInts_.cxx.o[0m
[3.652s] [ 76%] [32mBuilding CXX object CMakeFiles/tutorial_interfaces__rosidl_typesupport_connext_c.dir/rosidl_typesupport_connext_cpp/tutorial_interfaces/srv/dds_connext/AddThreeInts_Plugin.cxx.o[0m
[4.396s] [ 78%] [32m[1mLinking CXX shared library libtutorial_interfaces__rosidl_typesupport_connext_c.so[0m
[4.513s] [ 81%] Built target tutorial_interfaces__rosidl_typesupport_connext_c
[4.521s] [35m[1mScanning dependencies of target tutorial_interfaces[0m
[4.528s] [ 81%] Built target tutorial_interfaces
[4.536s] [35m[1mScanning dependencies of target tutorial_interfaces__py[0m
[4.545s] [ 83%] [34m[1mGenerating Python code for ROS interfaces[0m
[4.926s] [ 83%] Built target tutorial_interfaces__py
[4.934s] [35m[1mScanning dependencies of target tutorial_interfaces__python[0m
[4.960s] [ 86%] [32mBuilding C object CMakeFiles/tutorial_interfaces__python.dir/rosidl_generator_py/tutorial_interfaces/srv/_add_three_ints_s.c.o[0m
[4.960s] [ 86%] [32mBuilding C object CMakeFiles/tutorial_interfaces__python.dir/rosidl_generator_py/tutorial_interfaces/msg/_num_s.c.o[0m
[5.034s] [ 87%] [32m[1mLinking C shared library rosidl_generator_py/tutorial_interfaces/libtutorial_interfaces__python.so[0m
[5.063s] [ 87%] Built target tutorial_interfaces__python
[5.072s] [35m[1mScanning dependencies of target tutorial_interfaces__rosidl_typesupport_fastrtps_c__pyext[0m
[5.072s] [35m[1mScanning dependencies of target tutorial_interfaces__rosidl_typesupport_introspection_c__pyext[0m
[5.073s] [35m[1mScanning dependencies of target tutorial_interfaces__rosidl_typesupport_connext_c__pyext[0m
[5.073s] [35m[1mScanning dependencies of target tutorial_interfaces__rosidl_typesupport_c__pyext[0m
[5.087s] [ 89%] [32mBuilding C object CMakeFiles/tutorial_interfaces__rosidl_typesupport_introspection_c__pyext.dir/rosidl_generator_py/tutorial_interfaces/_tutorial_interfaces_s.ep.rosidl_typesupport_introspection_c.c.o[0m
[5.088s] [ 90%] [32mBuilding C object CMakeFiles/tutorial_interfaces__rosidl_typesupport_fastrtps_c__pyext.dir/rosidl_generator_py/tutorial_interfaces/_tutorial_interfaces_s.ep.rosidl_typesupport_fastrtps_c.c.o[0m
[5.089s] [ 92%] [32mBuilding C object CMakeFiles/tutorial_interfaces__rosidl_typesupport_c__pyext.dir/rosidl_generator_py/tutorial_interfaces/_tutorial_interfaces_s.ep.rosidl_typesupport_c.c.o[0m
[5.089s] [ 93%] [32mBuilding C object CMakeFiles/tutorial_interfaces__rosidl_typesupport_connext_c__pyext.dir/rosidl_generator_py/tutorial_interfaces/_tutorial_interfaces_s.ep.rosidl_typesupport_connext_c.c.o[0m
[5.156s] [ 95%] [32m[1mLinking C shared library rosidl_generator_py/tutorial_interfaces/tutorial_interfaces_s__rosidl_typesupport_c.cpython-38-x86_64-linux-gnu.so[0m
[5.156s] [ 96%] [32m[1mLinking C shared library rosidl_generator_py/tutorial_interfaces/tutorial_interfaces_s__rosidl_typesupport_introspection_c.cpython-38-x86_64-linux-gnu.so[0m
[5.159s] [ 98%] [32m[1mLinking CXX shared library rosidl_generator_py/tutorial_interfaces/tutorial_interfaces_s__rosidl_typesupport_fastrtps_c.cpython-38-x86_64-linux-gnu.so[0m
[5.160s] [100%] [32m[1mLinking C shared library rosidl_generator_py/tutorial_interfaces/tutorial_interfaces_s__rosidl_typesupport_connext_c.cpython-38-x86_64-linux-gnu.so[0m
[5.187s] [100%] Built target tutorial_interfaces__rosidl_typesupport_c__pyext
[5.189s] [100%] Built target tutorial_interfaces__rosidl_typesupport_introspection_c__pyext
[5.211s] [100%] Built target tutorial_interfaces__rosidl_typesupport_fastrtps_c__pyext
[5.217s] [100%] Built target tutorial_interfaces__rosidl_typesupport_connext_c__pyext
[22.349s] Invoked command in '/home/haruki/dev_ws/build/tutorial_interfaces' returned '0': CMAKE_PREFIX_PATH=${CMAKE_PREFIX_PATH}:/home/haruki/dev_ws/install/py_srvcli:/home/haruki/dev_ws/install/py_pubsub:/opt/ros/foxy /usr/bin/cmake --build /home/haruki/dev_ws/build/tutorial_interfaces -- -j12 -l12
[22.438s] Invoking command in '/home/haruki/dev_ws/build/tutorial_interfaces': CMAKE_PREFIX_PATH=${CMAKE_PREFIX_PATH}:/home/haruki/dev_ws/install/py_srvcli:/home/haruki/dev_ws/install/py_pubsub:/opt/ros/foxy /usr/bin/cmake --install /home/haruki/dev_ws/build/tutorial_interfaces
[22.446s] -- Install configuration: ""
[22.446s] -- Installing: /home/haruki/dev_ws/install/tutorial_interfaces/share/ament_index/resource_index/rosidl_interfaces/tutorial_interfaces
[22.446s] -- Installing: /home/haruki/dev_ws/install/tutorial_interfaces/include/tutorial_interfaces
[22.446s] -- Installing: /home/haruki/dev_ws/install/tutorial_interfaces/include/tutorial_interfaces/srv
[22.446s] -- Installing: /home/haruki/dev_ws/install/tutorial_interfaces/include/tutorial_interfaces/srv/add_three_ints.h
[22.446s] -- Installing: /home/haruki/dev_ws/install/tutorial_interfaces/include/tutorial_interfaces/srv/detail
[22.447s] -- Installing: /home/haruki/dev_ws/install/tutorial_interfaces/include/tutorial_interfaces/srv/detail/add_three_ints__functions.c
[22.447s] -- Installing: /home/haruki/dev_ws/install/tutorial_interfaces/include/tutorial_interfaces/srv/detail/add_three_ints__struct.h
[22.447s] -- Installing: /home/haruki/dev_ws/install/tutorial_interfaces/include/tutorial_interfaces/srv/detail/add_three_ints__type_support.h
[22.447s] -- Installing: /home/haruki/dev_ws/install/tutorial_interfaces/include/tutorial_interfaces/srv/detail/add_three_ints__functions.h
[22.447s] -- Installing: /home/haruki/dev_ws/install/tutorial_interfaces/include/tutorial_interfaces/msg
[22.447s] -- Installing: /home/haruki/dev_ws/install/tutorial_interfaces/include/tutorial_interfaces/msg/num.h
[22.447s] -- Installing: /home/haruki/dev_ws/install/tutorial_interfaces/include/tutorial_interfaces/msg/detail
[22.447s] -- Installing: /home/haruki/dev_ws/install/tutorial_interfaces/include/tutorial_interfaces/msg/detail/num__type_support.h
[22.447s] -- Installing: /home/haruki/dev_ws/install/tutorial_interfaces/include/tutorial_interfaces/msg/detail/num__struct.h
[22.447s] -- Installing: /home/haruki/dev_ws/install/tutorial_interfaces/include/tutorial_interfaces/msg/detail/num__functions.h
[22.447s] -- Installing: /home/haruki/dev_ws/install/tutorial_interfaces/include/tutorial_interfaces/msg/detail/num__functions.c
[22.447s] -- Installing: /home/haruki/dev_ws/install/tutorial_interfaces/include/tutorial_interfaces/msg/rosidl_generator_c__visibility_control.h
[22.447s] -- Installing: /home/haruki/dev_ws/install/tutorial_interfaces/share/tutorial_interfaces/environment/library_path.sh
[22.447s] -- Installing: /home/haruki/dev_ws/install/tutorial_interfaces/share/tutorial_interfaces/environment/library_path.dsv
[22.448s] -- Installing: /home/haruki/dev_ws/install/tutorial_interfaces/lib/libtutorial_interfaces__rosidl_generator_c.so
[22.448s] -- Set runtime path of "/home/haruki/dev_ws/install/tutorial_interfaces/lib/libtutorial_interfaces__rosidl_generator_c.so" to ""
[22.448s] -- Up-to-date: /home/haruki/dev_ws/install/tutorial_interfaces/include/tutorial_interfaces
[22.448s] -- Up-to-date: /home/haruki/dev_ws/install/tutorial_interfaces/include/tutorial_interfaces/srv
[22.448s] -- Installing: /home/haruki/dev_ws/install/tutorial_interfaces/include/tutorial_interfaces/srv/add_three_ints__rosidl_typesupport_connext_c.h
[22.448s] -- Installing: /home/haruki/dev_ws/install/tutorial_interfaces/include/tutorial_interfaces/srv/dds_connext
[22.448s] -- Up-to-date: /home/haruki/dev_ws/install/tutorial_interfaces/include/tutorial_interfaces/msg
[22.448s] -- Installing: /home/haruki/dev_ws/install/tutorial_interfaces/include/tutorial_interfaces/msg/num__rosidl_typesupport_connext_c.h
[22.448s] -- Installing: /home/haruki/dev_ws/install/tutorial_interfaces/include/tutorial_interfaces/msg/dds_connext
[22.448s] -- Installing: /home/haruki/dev_ws/install/tutorial_interfaces/include/tutorial_interfaces/msg/rosidl_typesupport_connext_c__visibility_control.h
[22.448s] -- Installing: /home/haruki/dev_ws/install/tutorial_interfaces/lib/libtutorial_interfaces__rosidl_typesupport_connext_c.so
[22.449s] -- Set runtime path of "/home/haruki/dev_ws/install/tutorial_interfaces/lib/libtutorial_interfaces__rosidl_typesupport_connext_c.so" to ""
[22.449s] -- Installing: /home/haruki/dev_ws/install/tutorial_interfaces/share/tutorial_interfaces/msg/dds_connext
[22.449s] -- Installing: /home/haruki/dev_ws/install/tutorial_interfaces/share/tutorial_interfaces/msg/dds_connext/Num_.idl
[22.449s] -- Installing: /home/haruki/dev_ws/install/tutorial_interfaces/share/tutorial_interfaces/srv/dds_connext
[22.449s] -- Installing: /home/haruki/dev_ws/install/tutorial_interfaces/share/tutorial_interfaces/srv/dds_connext/AddThreeInts_.idl
[22.450s] -- Up-to-date: /home/haruki/dev_ws/install/tutorial_interfaces/include/tutorial_interfaces
[22.450s] -- Up-to-date: /home/haruki/dev_ws/install/tutorial_interfaces/include/tutorial_interfaces/srv
[22.450s] -- Installing: /home/haruki/dev_ws/install/tutorial_interfaces/include/tutorial_interfaces/srv/add_three_ints__rosidl_typesupport_connext_cpp.hpp
[22.450s] -- Up-to-date: /home/haruki/dev_ws/install/tutorial_interfaces/include/tutorial_interfaces/srv/dds_connext
[22.450s] -- Installing: /home/haruki/dev_ws/install/tutorial_interfaces/include/tutorial_interfaces/srv/dds_connext/AddThreeInts_Support.cxx
[22.450s] -- Installing: /home/haruki/dev_ws/install/tutorial_interfaces/include/tutorial_interfaces/srv/dds_connext/AddThreeInts_Plugin.cxx
[22.450s] -- Installing: /home/haruki/dev_ws/install/tutorial_interfaces/include/tutorial_interfaces/srv/dds_connext/AddThreeInts_Support.h
[22.450s] -- Installing: /home/haruki/dev_ws/install/tutorial_interfaces/include/tutorial_interfaces/srv/dds_connext/AddThreeInts_.cxx
[22.450s] -- Installing: /home/haruki/dev_ws/install/tutorial_interfaces/include/tutorial_interfaces/srv/dds_connext/AddThreeInts_.h
[22.450s] -- Installing: /home/haruki/dev_ws/install/tutorial_interfaces/include/tutorial_interfaces/srv/dds_connext/AddThreeInts_Plugin.h
[22.450s] -- Up-to-date: /home/haruki/dev_ws/install/tutorial_interfaces/include/tutorial_interfaces/msg
[22.450s] -- Installing: /home/haruki/dev_ws/install/tutorial_interfaces/include/tutorial_interfaces/msg/rosidl_typesupport_connext_cpp__visibility_control.h
[22.451s] -- Installing: /home/haruki/dev_ws/install/tutorial_interfaces/include/tutorial_interfaces/msg/num__rosidl_typesupport_connext_cpp.hpp
[22.451s] -- Up-to-date: /home/haruki/dev_ws/install/tutorial_interfaces/include/tutorial_interfaces/msg/dds_connext
[22.451s] -- Installing: /home/haruki/dev_ws/install/tutorial_interfaces/include/tutorial_interfaces/msg/dds_connext/Num_Plugin.cxx
[22.451s] -- Installing: /home/haruki/dev_ws/install/tutorial_interfaces/include/tutorial_interfaces/msg/dds_connext/Num_Support.cxx
[22.451s] -- Installing: /home/haruki/dev_ws/install/tutorial_interfaces/include/tutorial_interfaces/msg/dds_connext/Num_Support.h
[22.451s] -- Installing: /home/haruki/dev_ws/install/tutorial_interfaces/include/tutorial_interfaces/msg/dds_connext/Num_.cxx
[22.451s] -- Installing: /home/haruki/dev_ws/install/tutorial_interfaces/include/tutorial_interfaces/msg/dds_connext/Num_Plugin.h
[22.451s] -- Installing: /home/haruki/dev_ws/install/tutorial_interfaces/include/tutorial_interfaces/msg/dds_connext/Num_.h
[22.451s] -- Installing: /home/haruki/dev_ws/install/tutorial_interfaces/lib/libtutorial_interfaces__rosidl_typesupport_connext_cpp.so
[22.452s] -- Set runtime path of "/home/haruki/dev_ws/install/tutorial_interfaces/lib/libtutorial_interfaces__rosidl_typesupport_connext_cpp.so" to ""
[22.452s] -- Up-to-date: /home/haruki/dev_ws/install/tutorial_interfaces/include/tutorial_interfaces
[22.452s] -- Up-to-date: /home/haruki/dev_ws/install/tutorial_interfaces/include/tutorial_interfaces/srv
[22.452s] -- Up-to-date: /home/haruki/dev_ws/install/tutorial_interfaces/include/tutorial_interfaces/srv/detail
[22.452s] -- Installing: /home/haruki/dev_ws/install/tutorial_interfaces/include/tutorial_interfaces/srv/detail/add_three_ints__rosidl_typesupport_fastrtps_c.h
[22.452s] -- Up-to-date: /home/haruki/dev_ws/install/tutorial_interfaces/include/tutorial_interfaces/msg
[22.452s] -- Up-to-date: /home/haruki/dev_ws/install/tutorial_interfaces/include/tutorial_interfaces/msg/detail
[22.452s] -- Installing: /home/haruki/dev_ws/install/tutorial_interfaces/include/tutorial_interfaces/msg/detail/num__rosidl_typesupport_fastrtps_c.h
[22.452s] -- Installing: /home/haruki/dev_ws/install/tutorial_interfaces/include/tutorial_interfaces/msg/rosidl_typesupport_fastrtps_c__visibility_control.h
[22.452s] -- Installing: /home/haruki/dev_ws/install/tutorial_interfaces/lib/libtutorial_interfaces__rosidl_typesupport_fastrtps_c.so
[22.453s] -- Set runtime path of "/home/haruki/dev_ws/install/tutorial_interfaces/lib/libtutorial_interfaces__rosidl_typesupport_fastrtps_c.so" to ""
[22.453s] -- Up-to-date: /home/haruki/dev_ws/install/tutorial_interfaces/include/tutorial_interfaces
[22.453s] -- Up-to-date: /home/haruki/dev_ws/install/tutorial_interfaces/include/tutorial_interfaces/srv
[22.453s] -- Up-to-date: /home/haruki/dev_ws/install/tutorial_interfaces/include/tutorial_interfaces/srv/detail
[22.453s] -- Installing: /home/haruki/dev_ws/install/tutorial_interfaces/include/tutorial_interfaces/srv/detail/add_three_ints__rosidl_typesupport_fastrtps_cpp.hpp
[22.453s] -- Installing: /home/haruki/dev_ws/install/tutorial_interfaces/include/tutorial_interfaces/srv/detail/dds_fastrtps
[22.453s] -- Up-to-date: /home/haruki/dev_ws/install/tutorial_interfaces/include/tutorial_interfaces/msg
[22.453s] -- Installing: /home/haruki/dev_ws/install/tutorial_interfaces/include/tutorial_interfaces/msg/rosidl_typesupport_fastrtps_cpp__visibility_control.h
[22.453s] -- Up-to-date: /home/haruki/dev_ws/install/tutorial_interfaces/include/tutorial_interfaces/msg/detail
[22.453s] -- Installing: /home/haruki/dev_ws/install/tutorial_interfaces/include/tutorial_interfaces/msg/detail/dds_fastrtps
[22.453s] -- Installing: /home/haruki/dev_ws/install/tutorial_interfaces/include/tutorial_interfaces/msg/detail/num__rosidl_typesupport_fastrtps_cpp.hpp
[22.453s] -- Installing: /home/haruki/dev_ws/install/tutorial_interfaces/lib/libtutorial_interfaces__rosidl_typesupport_fastrtps_cpp.so
[22.454s] -- Set runtime path of "/home/haruki/dev_ws/install/tutorial_interfaces/lib/libtutorial_interfaces__rosidl_typesupport_fastrtps_cpp.so" to ""
[22.454s] -- Up-to-date: /home/haruki/dev_ws/install/tutorial_interfaces/include/tutorial_interfaces
[22.454s] -- Up-to-date: /home/haruki/dev_ws/install/tutorial_interfaces/include/tutorial_interfaces/srv
[22.454s] -- Up-to-date: /home/haruki/dev_ws/install/tutorial_interfaces/include/tutorial_interfaces/srv/detail
[22.454s] -- Installing: /home/haruki/dev_ws/install/tutorial_interfaces/include/tutorial_interfaces/srv/detail/add_three_ints__rosidl_typesupport_introspection_c.h
[22.454s] -- Installing: /home/haruki/dev_ws/install/tutorial_interfaces/include/tutorial_interfaces/srv/detail/add_three_ints__type_support.c
[22.454s] -- Up-to-date: /home/haruki/dev_ws/install/tutorial_interfaces/include/tutorial_interfaces/msg
[22.454s] -- Up-to-date: /home/haruki/dev_ws/install/tutorial_interfaces/include/tutorial_interfaces/msg/detail
[22.454s] -- Installing: /home/haruki/dev_ws/install/tutorial_interfaces/include/tutorial_interfaces/msg/detail/num__rosidl_typesupport_introspection_c.h
[22.454s] -- Installing: /home/haruki/dev_ws/install/tutorial_interfaces/include/tutorial_interfaces/msg/detail/num__type_support.c
[22.454s] -- Installing: /home/haruki/dev_ws/install/tutorial_interfaces/include/tutorial_interfaces/msg/rosidl_typesupport_introspection_c__visibility_control.h
[22.454s] -- Installing: /home/haruki/dev_ws/install/tutorial_interfaces/lib/libtutorial_interfaces__rosidl_typesupport_introspection_c.so
[22.455s] -- Set runtime path of "/home/haruki/dev_ws/install/tutorial_interfaces/lib/libtutorial_interfaces__rosidl_typesupport_introspection_c.so" to ""
[22.455s] -- Installing: /home/haruki/dev_ws/install/tutorial_interfaces/lib/libtutorial_interfaces__rosidl_typesupport_c.so
[22.455s] -- Set runtime path of "/home/haruki/dev_ws/install/tutorial_interfaces/lib/libtutorial_interfaces__rosidl_typesupport_c.so" to ""
[22.455s] -- Up-to-date: /home/haruki/dev_ws/install/tutorial_interfaces/include/tutorial_interfaces
[22.455s] -- Up-to-date: /home/haruki/dev_ws/install/tutorial_interfaces/include/tutorial_interfaces/srv
[22.455s] -- Up-to-date: /home/haruki/dev_ws/install/tutorial_interfaces/include/tutorial_interfaces/srv/detail
[22.455s] -- Installing: /home/haruki/dev_ws/install/tutorial_interfaces/include/tutorial_interfaces/srv/detail/add_three_ints__struct.hpp
[22.456s] -- Installing: /home/haruki/dev_ws/install/tutorial_interfaces/include/tutorial_interfaces/srv/detail/add_three_ints__builder.hpp
[22.456s] -- Installing: /home/haruki/dev_ws/install/tutorial_interfaces/include/tutorial_interfaces/srv/detail/add_three_ints__traits.hpp
[22.456s] -- Installing: /home/haruki/dev_ws/install/tutorial_interfaces/include/tutorial_interfaces/srv/add_three_ints.hpp
[22.456s] -- Up-to-date: /home/haruki/dev_ws/install/tutorial_interfaces/include/tutorial_interfaces/msg
[22.456s] -- Installing: /home/haruki/dev_ws/install/tutorial_interfaces/include/tutorial_interfaces/msg/num.hpp
[22.456s] -- Up-to-date: /home/haruki/dev_ws/install/tutorial_interfaces/include/tutorial_interfaces/msg/detail
[22.456s] -- Installing: /home/haruki/dev_ws/install/tutorial_interfaces/include/tutorial_interfaces/msg/detail/num__traits.hpp
[22.456s] -- Installing: /home/haruki/dev_ws/install/tutorial_interfaces/include/tutorial_interfaces/msg/detail/num__builder.hpp
[22.456s] -- Installing: /home/haruki/dev_ws/install/tutorial_interfaces/include/tutorial_interfaces/msg/detail/num__struct.hpp
[22.456s] -- Up-to-date: /home/haruki/dev_ws/install/tutorial_interfaces/include/tutorial_interfaces
[22.457s] -- Up-to-date: /home/haruki/dev_ws/install/tutorial_interfaces/include/tutorial_interfaces/srv
[22.457s] -- Up-to-date: /home/haruki/dev_ws/install/tutorial_interfaces/include/tutorial_interfaces/srv/detail
[22.457s] -- Installing: /home/haruki/dev_ws/install/tutorial_interfaces/include/tutorial_interfaces/srv/detail/add_three_ints__type_support.cpp
[22.457s] -- Installing: /home/haruki/dev_ws/install/tutorial_interfaces/include/tutorial_interfaces/srv/detail/add_three_ints__rosidl_typesupport_introspection_cpp.hpp
[22.457s] -- Up-to-date: /home/haruki/dev_ws/install/tutorial_interfaces/include/tutorial_interfaces/msg
[22.457s] -- Up-to-date: /home/haruki/dev_ws/install/tutorial_interfaces/include/tutorial_interfaces/msg/detail
[22.457s] -- Installing: /home/haruki/dev_ws/install/tutorial_interfaces/include/tutorial_interfaces/msg/detail/num__type_support.cpp
[22.457s] -- Installing: /home/haruki/dev_ws/install/tutorial_interfaces/include/tutorial_interfaces/msg/detail/num__rosidl_typesupport_introspection_cpp.hpp
[22.457s] -- Installing: /home/haruki/dev_ws/install/tutorial_interfaces/lib/libtutorial_interfaces__rosidl_typesupport_introspection_cpp.so
[22.457s] -- Set runtime path of "/home/haruki/dev_ws/install/tutorial_interfaces/lib/libtutorial_interfaces__rosidl_typesupport_introspection_cpp.so" to ""
[22.457s] -- Installing: /home/haruki/dev_ws/install/tutorial_interfaces/lib/libtutorial_interfaces__rosidl_typesupport_cpp.so
[22.458s] -- Set runtime path of "/home/haruki/dev_ws/install/tutorial_interfaces/lib/libtutorial_interfaces__rosidl_typesupport_cpp.so" to ""
[22.458s] -- Installing: /home/haruki/dev_ws/install/tutorial_interfaces/share/tutorial_interfaces/environment/pythonpath.sh
[22.458s] -- Installing: /home/haruki/dev_ws/install/tutorial_interfaces/share/tutorial_interfaces/environment/pythonpath.dsv
[22.458s] -- Installing: /home/haruki/dev_ws/install/tutorial_interfaces/lib/python3.8/site-packages/tutorial_interfaces/__init__.py
[22.483s] Compiling '/home/haruki/dev_ws/install/tutorial_interfaces/lib/python3.8/site-packages/tutorial_interfaces/__init__.py'...
[22.486s] -- Installing: /home/haruki/dev_ws/install/tutorial_interfaces/lib/python3.8/site-packages/tutorial_interfaces/msg
[22.486s] -- Installing: /home/haruki/dev_ws/install/tutorial_interfaces/lib/python3.8/site-packages/tutorial_interfaces/msg/_num.py
[22.487s] -- Installing: /home/haruki/dev_ws/install/tutorial_interfaces/lib/python3.8/site-packages/tutorial_interfaces/msg/__init__.py
[22.487s] -- Installing: /home/haruki/dev_ws/install/tutorial_interfaces/lib/python3.8/site-packages/tutorial_interfaces/msg/_num_s.c
[22.487s] -- Installing: /home/haruki/dev_ws/install/tutorial_interfaces/lib/python3.8/site-packages/tutorial_interfaces/srv
[22.487s] -- Installing: /home/haruki/dev_ws/install/tutorial_interfaces/lib/python3.8/site-packages/tutorial_interfaces/srv/_add_three_ints.py
[22.487s] -- Installing: /home/haruki/dev_ws/install/tutorial_interfaces/lib/python3.8/site-packages/tutorial_interfaces/srv/_add_three_ints_s.c
[22.487s] -- Installing: /home/haruki/dev_ws/install/tutorial_interfaces/lib/python3.8/site-packages/tutorial_interfaces/srv/__init__.py
[22.487s] -- Installing: /home/haruki/dev_ws/install/tutorial_interfaces/lib/python3.8/site-packages/tutorial_interfaces/tutorial_interfaces_s__rosidl_typesupport_connext_c.cpython-38-x86_64-linux-gnu.so
[22.487s] -- Set runtime path of "/home/haruki/dev_ws/install/tutorial_interfaces/lib/python3.8/site-packages/tutorial_interfaces/tutorial_interfaces_s__rosidl_typesupport_connext_c.cpython-38-x86_64-linux-gnu.so" to ""
[22.488s] -- Installing: /home/haruki/dev_ws/install/tutorial_interfaces/lib/python3.8/site-packages/tutorial_interfaces/tutorial_interfaces_s__rosidl_typesupport_fastrtps_c.cpython-38-x86_64-linux-gnu.so
[22.488s] -- Set runtime path of "/home/haruki/dev_ws/install/tutorial_interfaces/lib/python3.8/site-packages/tutorial_interfaces/tutorial_interfaces_s__rosidl_typesupport_fastrtps_c.cpython-38-x86_64-linux-gnu.so" to ""
[22.488s] -- Installing: /home/haruki/dev_ws/install/tutorial_interfaces/lib/python3.8/site-packages/tutorial_interfaces/tutorial_interfaces_s__rosidl_typesupport_introspection_c.cpython-38-x86_64-linux-gnu.so
[22.489s] -- Set runtime path of "/home/haruki/dev_ws/install/tutorial_interfaces/lib/python3.8/site-packages/tutorial_interfaces/tutorial_interfaces_s__rosidl_typesupport_introspection_c.cpython-38-x86_64-linux-gnu.so" to ""
[22.489s] -- Installing: /home/haruki/dev_ws/install/tutorial_interfaces/lib/python3.8/site-packages/tutorial_interfaces/tutorial_interfaces_s__rosidl_typesupport_c.cpython-38-x86_64-linux-gnu.so
[22.489s] -- Set runtime path of "/home/haruki/dev_ws/install/tutorial_interfaces/lib/python3.8/site-packages/tutorial_interfaces/tutorial_interfaces_s__rosidl_typesupport_c.cpython-38-x86_64-linux-gnu.so" to ""
[22.490s] -- Installing: /home/haruki/dev_ws/install/tutorial_interfaces/lib/libtutorial_interfaces__python.so
[22.490s] -- Set runtime path of "/home/haruki/dev_ws/install/tutorial_interfaces/lib/libtutorial_interfaces__python.so" to ""
[22.490s] -- Installing: /home/haruki/dev_ws/install/tutorial_interfaces/share/tutorial_interfaces/msg/Num.idl
[22.490s] -- Installing: /home/haruki/dev_ws/install/tutorial_interfaces/share/tutorial_interfaces/srv/AddThreeInts.idl
[22.490s] -- Installing: /home/haruki/dev_ws/install/tutorial_interfaces/share/tutorial_interfaces/msg/Num.msg
[22.490s] -- Installing: /home/haruki/dev_ws/install/tutorial_interfaces/share/tutorial_interfaces/srv/AddThreeInts.srv
[22.490s] -- Installing: /home/haruki/dev_ws/install/tutorial_interfaces/share/tutorial_interfaces/srv/AddThreeInts_Request.msg
[22.490s] -- Installing: /home/haruki/dev_ws/install/tutorial_interfaces/share/tutorial_interfaces/srv/AddThreeInts_Response.msg
[22.490s] -- Installing: /home/haruki/dev_ws/install/tutorial_interfaces/share/ament_index/resource_index/package_run_dependencies/tutorial_interfaces
[22.491s] -- Installing: /home/haruki/dev_ws/install/tutorial_interfaces/share/ament_index/resource_index/parent_prefix_path/tutorial_interfaces
[22.491s] -- Installing: /home/haruki/dev_ws/install/tutorial_interfaces/share/tutorial_interfaces/environment/ament_prefix_path.sh
[22.491s] -- Installing: /home/haruki/dev_ws/install/tutorial_interfaces/share/tutorial_interfaces/environment/ament_prefix_path.dsv
[22.491s] -- Installing: /home/haruki/dev_ws/install/tutorial_interfaces/share/tutorial_interfaces/environment/path.sh
[22.491s] -- Installing: /home/haruki/dev_ws/install/tutorial_interfaces/share/tutorial_interfaces/environment/path.dsv
[22.491s] -- Installing: /home/haruki/dev_ws/install/tutorial_interfaces/share/tutorial_interfaces/local_setup.bash
[22.491s] -- Installing: /home/haruki/dev_ws/install/tutorial_interfaces/share/tutorial_interfaces/local_setup.sh
[22.491s] -- Installing: /home/haruki/dev_ws/install/tutorial_interfaces/share/tutorial_interfaces/local_setup.zsh
[22.491s] -- Installing: /home/haruki/dev_ws/install/tutorial_interfaces/share/tutorial_interfaces/local_setup.dsv
[22.491s] -- Installing: /home/haruki/dev_ws/install/tutorial_interfaces/share/tutorial_interfaces/package.dsv
[22.491s] -- Installing: /home/haruki/dev_ws/install/tutorial_interfaces/share/ament_index/resource_index/packages/tutorial_interfaces
[22.492s] -- Installing: /home/haruki/dev_ws/install/tutorial_interfaces/share/tutorial_interfaces/cmake/tutorial_interfaces__rosidl_generator_cExport.cmake
[22.492s] -- Installing: /home/haruki/dev_ws/install/tutorial_interfaces/share/tutorial_interfaces/cmake/tutorial_interfaces__rosidl_generator_cExport-noconfig.cmake
[22.492s] -- Installing: /home/haruki/dev_ws/install/tutorial_interfaces/share/tutorial_interfaces/cmake/tutorial_interfaces__rosidl_typesupport_introspection_cExport.cmake
[22.492s] -- Installing: /home/haruki/dev_ws/install/tutorial_interfaces/share/tutorial_interfaces/cmake/tutorial_interfaces__rosidl_typesupport_introspection_cExport-noconfig.cmake
[22.492s] -- Installing: /home/haruki/dev_ws/install/tutorial_interfaces/share/tutorial_interfaces/cmake/tutorial_interfaces__rosidl_typesupport_cExport.cmake
[22.492s] -- Installing: /home/haruki/dev_ws/install/tutorial_interfaces/share/tutorial_interfaces/cmake/tutorial_interfaces__rosidl_typesupport_cExport-noconfig.cmake
[22.492s] -- Installing: /home/haruki/dev_ws/install/tutorial_interfaces/share/tutorial_interfaces/cmake/tutorial_interfaces__rosidl_generator_cppExport.cmake
[22.493s] -- Installing: /home/haruki/dev_ws/install/tutorial_interfaces/share/tutorial_interfaces/cmake/tutorial_interfaces__rosidl_typesupport_introspection_cppExport.cmake
[22.493s] -- Installing: /home/haruki/dev_ws/install/tutorial_interfaces/share/tutorial_interfaces/cmake/tutorial_interfaces__rosidl_typesupport_introspection_cppExport-noconfig.cmake
[22.493s] -- Installing: /home/haruki/dev_ws/install/tutorial_interfaces/share/tutorial_interfaces/cmake/tutorial_interfaces__rosidl_typesupport_cppExport.cmake
[22.493s] -- Installing: /home/haruki/dev_ws/install/tutorial_interfaces/share/tutorial_interfaces/cmake/tutorial_interfaces__rosidl_typesupport_cppExport-noconfig.cmake
[22.493s] -- Installing: /home/haruki/dev_ws/install/tutorial_interfaces/share/tutorial_interfaces/cmake/rosidl_cmake-extras.cmake
[22.493s] -- Installing: /home/haruki/dev_ws/install/tutorial_interfaces/share/tutorial_interfaces/cmake/ament_cmake_export_dependencies-extras.cmake
[22.493s] -- Installing: /home/haruki/dev_ws/install/tutorial_interfaces/share/tutorial_interfaces/cmake/ament_cmake_export_libraries-extras.cmake
[22.493s] -- Installing: /home/haruki/dev_ws/install/tutorial_interfaces/share/tutorial_interfaces/cmake/ament_cmake_export_targets-extras.cmake
[22.493s] -- Installing: /home/haruki/dev_ws/install/tutorial_interfaces/share/tutorial_interfaces/cmake/ament_cmake_export_include_directories-extras.cmake
[22.493s] -- Installing: /home/haruki/dev_ws/install/tutorial_interfaces/share/tutorial_interfaces/cmake/rosidl_cmake_export_typesupport_libraries-extras.cmake
[22.494s] -- Installing: /home/haruki/dev_ws/install/tutorial_interfaces/share/tutorial_interfaces/cmake/rosidl_cmake_export_typesupport_targets-extras.cmake
[22.494s] -- Installing: /home/haruki/dev_ws/install/tutorial_interfaces/share/tutorial_interfaces/cmake/tutorial_interfacesConfig.cmake
[22.494s] -- Installing: /home/haruki/dev_ws/install/tutorial_interfaces/share/tutorial_interfaces/cmake/tutorial_interfacesConfig-version.cmake
[22.494s] -- Installing: /home/haruki/dev_ws/install/tutorial_interfaces/share/tutorial_interfaces/package.xml
[22.496s] Invoked command in '/home/haruki/dev_ws/build/tutorial_interfaces' returned '0': CMAKE_PREFIX_PATH=${CMAKE_PREFIX_PATH}:/home/haruki/dev_ws/install/py_srvcli:/home/haruki/dev_ws/install/py_pubsub:/opt/ros/foxy /usr/bin/cmake --install /home/haruki/dev_ws/build/tutorial_interfaces
