[0.011s] Invoking command in '/home/haruki/dev_ws/build/turtlesim': CMAKE_PREFIX_PATH=/opt/ros/foxy /usr/bin/cmake /home/haruki/dev_ws/src/ros_tutorials/turtlesim -DCMAKE_INSTALL_PREFIX=/home/haruki/dev_ws/install/turtlesim
[0.152s] -- The C compiler identification is GNU 9.3.0
[0.240s] -- The CXX compiler identification is GNU 9.3.0
[0.246s] -- Check for working C compiler: /usr/bin/cc
[0.297s] -- Check for working C compiler: /usr/bin/cc -- works
[0.298s] -- Detecting C compiler ABI info
[0.347s] -- Detecting C compiler ABI info - done
[0.356s] -- Detecting C compile features
[0.356s] -- Detecting C compile features - done
[0.358s] -- Check for working CXX compiler: /usr/bin/c++
[0.417s] -- Check for working CXX compiler: /usr/bin/c++ -- works
[0.418s] -- Detecting CXX compiler ABI info
[0.488s] -- Detecting CXX compiler ABI info - done
[0.500s] -- Detecting CXX compile features
[0.501s] -- Detecting CXX compile features - done
[0.506s] -- Found ament_cmake: 0.9.6 (/opt/ros/foxy/share/ament_cmake/cmake)
[0.531s] -- Found PythonInterp: /usr/bin/python3 (found suitable version "3.8.2", minimum required is "3") 
[0.531s] -- Using PYTHON_EXECUTABLE: /usr/bin/python3
[0.686s] -- Found ament_index_cpp: 1.0.0 (/opt/ros/foxy/share/ament_index_cpp/cmake)
[0.689s] -- Found geometry_msgs: 2.0.1 (/opt/ros/foxy/share/geometry_msgs/cmake)
[0.706s] -- Using all available rosidl_typesupport_c: rosidl_typesupport_connext_c;rosidl_typesupport_fastrtps_c;rosidl_typesupport_introspection_c
[0.713s] -- Found rosidl_adapter: 1.0.1 (/opt/ros/foxy/share/rosidl_adapter/cmake)
[0.718s] -- Found RTI Connext: /opt/rti.com/rti_connext_dds-5.3.1
[1.811s] -- Found OpenSSL: /usr/lib/x86_64-linux-gnu/libcrypto.so (found version "1.1.1f")  
[1.832s] -- Found FastRTPS: /opt/ros/foxy/include  
[1.889s] -- Using all available rosidl_typesupport_cpp: rosidl_typesupport_connext_cpp;rosidl_typesupport_fastrtps_cpp;rosidl_typesupport_introspection_cpp
[1.975s] -- Found rclcpp: 2.0.1 (/opt/ros/foxy/share/rclcpp/cmake)
[2.013s] -- Found rmw_implementation_cmake: 1.0.1 (/opt/ros/foxy/share/rmw_implementation_cmake/cmake)
[2.015s] -- Using RMW implementation 'rmw_fastrtps_cpp' as default
[2.016s] -- Looking for pthread.h
[2.068s] -- Looking for pthread.h - found
[2.068s] -- Performing Test CMAKE_HAVE_LIBC_PTHREAD
[2.120s] -- Performing Test CMAKE_HAVE_LIBC_PTHREAD - Failed
[2.120s] -- Looking for pthread_create in pthreads
[2.163s] -- Looking for pthread_create in pthreads - not found
[2.163s] -- Looking for pthread_create in pthread
[2.212s] -- Looking for pthread_create in pthread - found
[2.213s] -- Found Threads: TRUE  
[2.335s] -- Found rclcpp_action: 2.0.1 (/opt/ros/foxy/share/rclcpp_action/cmake)
[2.397s] -- Found rosidl_default_generators: 1.0.0 (/opt/ros/foxy/share/rosidl_default_generators/cmake)
[2.407s] -- Found std_srvs: 2.0.1 (/opt/ros/foxy/share/std_srvs/cmake)
[2.433s] -- Found PythonInterp: /usr/bin/python3 (found version "3.8.2") 
[2.601s] -- Found ament_cmake_ros: 0.9.0 (/opt/ros/foxy/share/ament_cmake_ros/cmake)
[2.698s] -- Using all available rosidl_typesupport_c: rosidl_typesupport_connext_c;rosidl_typesupport_fastrtps_c;rosidl_typesupport_introspection_c
[2.718s] -- Using all available rosidl_typesupport_cpp: rosidl_typesupport_connext_cpp;rosidl_typesupport_fastrtps_cpp;rosidl_typesupport_introspection_cpp
[2.736s] -- Found PythonInterp: /usr/bin/python3 (found suitable version "3.8.2", minimum required is "3.5") 
[2.738s] -- Found python_cmake_module: 0.8.0 (/opt/ros/foxy/share/python_cmake_module/cmake)
[2.758s] -- Found PythonLibs: /usr/lib/x86_64-linux-gnu/libpython3.8.so (found suitable version "3.8.2", minimum required is "3.5") 
[2.758s] -- Using PYTHON_EXECUTABLE: /usr/bin/python3
[2.758s] -- Using PYTHON_INCLUDE_DIRS: /usr/include/python3.8
[2.759s] -- Using PYTHON_LIBRARIES: /usr/lib/x86_64-linux-gnu/libpython3.8.so
[2.773s] -- Found PythonExtra: .so  
[2.829s] -- Configuring done
[2.934s] -- Generating done
[2.936s] -- Build files have been written to: /home/haruki/dev_ws/build/turtlesim
[2.944s] Invoked command in '/home/haruki/dev_ws/build/turtlesim' returned '0': CMAKE_PREFIX_PATH=/opt/ros/foxy /usr/bin/cmake /home/haruki/dev_ws/src/ros_tutorials/turtlesim -DCMAKE_INSTALL_PREFIX=/home/haruki/dev_ws/install/turtlesim
[2.946s] Invoking command in '/home/haruki/dev_ws/build/turtlesim': CMAKE_PREFIX_PATH=/opt/ros/foxy /usr/bin/cmake --build /home/haruki/dev_ws/build/turtlesim -- -j12 -l12
[2.979s] [35m[1mScanning dependencies of target turtlesim__dds_connext_idl[0m
[2.979s] [35m[1mScanning dependencies of target turtlesim__cpp[0m
[2.979s] [  0%] [34m[1mGenerating C code for ROS interfaces[0m
[2.987s] [  1%] [34m[1mGenerating C++ code for ROS interfaces[0m
[2.989s] [  1%] [34m[1mGenerating DDS interfaces[0m
[3.273s] [  1%] Built target turtlesim__dds_connext_idl
[3.595s] [  1%] Built target turtlesim__cpp
[3.608s] [  1%] [34m[1mGenerating C++ type support for eProsima Fast-RTPS[0m
[3.611s] [  1%] [34m[1mGenerating C++ type support for RTI Connext (using '/opt/rti.com/rti_connext_dds-5.3.1/bin/rtiddsgen_server')[0m
[3.614s] [  2%] [34m[1mGenerating C++ introspection for ROS interfaces[0m
[3.616s] [  2%] [34m[1mGenerating C++ type support dispatch for ROS interfaces[0m
[3.621s] [35m[1mScanning dependencies of target turtlesim__rosidl_generator_c[0m
[3.639s] [  3%] [32mBuilding C object CMakeFiles/turtlesim__rosidl_generator_c.dir/rosidl_generator_c/turtlesim/srv/detail/kill__functions.c.o[0m
[3.639s] [  4%] [32mBuilding C object CMakeFiles/turtlesim__rosidl_generator_c.dir/rosidl_generator_c/turtlesim/msg/detail/color__functions.c.o[0m
[3.639s] [  4%] [32mBuilding C object CMakeFiles/turtlesim__rosidl_generator_c.dir/rosidl_generator_c/turtlesim/srv/detail/set_pen__functions.c.o[0m
[3.640s] [  4%] [32mBuilding C object CMakeFiles/turtlesim__rosidl_generator_c.dir/rosidl_generator_c/turtlesim/msg/detail/pose__functions.c.o[0m
[3.640s] [  5%] [32mBuilding C object CMakeFiles/turtlesim__rosidl_generator_c.dir/rosidl_generator_c/turtlesim/action/detail/rotate_absolute__functions.c.o[0m
[3.640s] [  7%] [32mBuilding C object CMakeFiles/turtlesim__rosidl_generator_c.dir/rosidl_generator_c/turtlesim/srv/detail/teleport_absolute__functions.c.o[0m
[3.641s] [  7%] [32mBuilding C object CMakeFiles/turtlesim__rosidl_generator_c.dir/rosidl_generator_c/turtlesim/srv/detail/spawn__functions.c.o[0m
[3.646s] [  7%] [32mBuilding C object CMakeFiles/turtlesim__rosidl_generator_c.dir/rosidl_generator_c/turtlesim/srv/detail/teleport_relative__functions.c.o[0m
[3.725s] [  8%] [32m[1mLinking C shared library libturtlesim__rosidl_generator_c.so[0m
[3.767s] [  8%] Built target turtlesim__rosidl_generator_c
[3.778s] [  9%] [34m[1mGenerating C type support dispatch for ROS interfaces[0m
[3.778s] [  9%] [34m[1mGenerating C introspection for ROS interfaces[0m
[4.051s] [35m[1mScanning dependencies of target turtlesim__rosidl_typesupport_cpp[0m
[4.073s] [ 12%] [32mBuilding CXX object CMakeFiles/turtlesim__rosidl_typesupport_cpp.dir/rosidl_typesupport_cpp/turtlesim/srv/set_pen__type_support.cpp.o[0m
[4.073s] [ 12%] [32mBuilding CXX object CMakeFiles/turtlesim__rosidl_typesupport_cpp.dir/rosidl_typesupport_cpp/turtlesim/msg/pose__type_support.cpp.o[0m
[4.073s] [ 12%] [32mBuilding CXX object CMakeFiles/turtlesim__rosidl_typesupport_cpp.dir/rosidl_typesupport_cpp/turtlesim/srv/kill__type_support.cpp.o[0m
[4.073s] [ 12%] [32mBuilding CXX object CMakeFiles/turtlesim__rosidl_typesupport_cpp.dir/rosidl_typesupport_cpp/turtlesim/action/rotate_absolute__type_support.cpp.o[0m
[4.073s] [ 12%] [32mBuilding CXX object CMakeFiles/turtlesim__rosidl_typesupport_cpp.dir/rosidl_typesupport_cpp/turtlesim/msg/color__type_support.cpp.o[0m
[4.074s] [ 13%] [32mBuilding CXX object CMakeFiles/turtlesim__rosidl_typesupport_cpp.dir/rosidl_typesupport_cpp/turtlesim/srv/spawn__type_support.cpp.o[0m
[4.074s] [ 13%] [32mBuilding CXX object CMakeFiles/turtlesim__rosidl_typesupport_cpp.dir/rosidl_typesupport_cpp/turtlesim/srv/teleport_absolute__type_support.cpp.o[0m
[4.351s] [35m[1mScanning dependencies of target turtlesim__rosidl_typesupport_introspection_cpp[0m
[4.374s] [35m[1mScanning dependencies of target turtlesim__rosidl_typesupport_c[0m
[4.379s] [ 13%] [32mBuilding CXX object CMakeFiles/turtlesim__rosidl_typesupport_introspection_cpp.dir/rosidl_typesupport_introspection_cpp/turtlesim/action/detail/rotate_absolute__type_support.cpp.o[0m
[4.398s] [ 14%] [32mBuilding CXX object CMakeFiles/turtlesim__rosidl_typesupport_c.dir/rosidl_typesupport_c/turtlesim/action/rotate_absolute__type_support.cpp.o[0m
[4.464s] [ 14%] [32mBuilding CXX object CMakeFiles/turtlesim__rosidl_typesupport_c.dir/rosidl_typesupport_c/turtlesim/msg/color__type_support.cpp.o[0m
[4.470s] [ 15%] [32mBuilding CXX object CMakeFiles/turtlesim__rosidl_typesupport_c.dir/rosidl_typesupport_c/turtlesim/msg/pose__type_support.cpp.o[0m
[4.484s] [ 16%] [32mBuilding CXX object CMakeFiles/turtlesim__rosidl_typesupport_c.dir/rosidl_typesupport_c/turtlesim/srv/kill__type_support.cpp.o[0m
[4.486s] [ 17%] [32mBuilding CXX object CMakeFiles/turtlesim__rosidl_typesupport_c.dir/rosidl_typesupport_c/turtlesim/srv/set_pen__type_support.cpp.o[0m
[4.486s] [ 17%] [32mBuilding CXX object CMakeFiles/turtlesim__rosidl_typesupport_cpp.dir/rosidl_typesupport_cpp/turtlesim/srv/teleport_relative__type_support.cpp.o[0m
[4.498s] [ 18%] [32mBuilding CXX object CMakeFiles/turtlesim__rosidl_typesupport_c.dir/rosidl_typesupport_c/turtlesim/srv/spawn__type_support.cpp.o[0m
[4.500s] [ 19%] [32mBuilding CXX object CMakeFiles/turtlesim__rosidl_typesupport_introspection_cpp.dir/rosidl_typesupport_introspection_cpp/turtlesim/msg/detail/color__type_support.cpp.o[0m
[4.514s] [ 19%] [32mBuilding CXX object CMakeFiles/turtlesim__rosidl_typesupport_c.dir/rosidl_typesupport_c/turtlesim/srv/teleport_absolute__type_support.cpp.o[0m
[4.516s] [ 20%] [32mBuilding CXX object CMakeFiles/turtlesim__rosidl_typesupport_introspection_cpp.dir/rosidl_typesupport_introspection_cpp/turtlesim/msg/detail/pose__type_support.cpp.o[0m
[4.529s] [ 20%] [32mBuilding CXX object CMakeFiles/turtlesim__rosidl_typesupport_introspection_cpp.dir/rosidl_typesupport_introspection_cpp/turtlesim/srv/detail/kill__type_support.cpp.o[0m
[4.537s] [ 22%] [32mBuilding CXX object CMakeFiles/turtlesim__rosidl_typesupport_c.dir/rosidl_typesupport_c/turtlesim/srv/teleport_relative__type_support.cpp.o[0m
[4.537s] [ 22%] [32mBuilding CXX object CMakeFiles/turtlesim__rosidl_typesupport_introspection_cpp.dir/rosidl_typesupport_introspection_cpp/turtlesim/srv/detail/set_pen__type_support.cpp.o[0m
[4.549s] [ 22%] [32mBuilding CXX object CMakeFiles/turtlesim__rosidl_typesupport_introspection_cpp.dir/rosidl_typesupport_introspection_cpp/turtlesim/srv/detail/spawn__type_support.cpp.o[0m
[4.564s] [35m[1mScanning dependencies of target turtlesim__rosidl_typesupport_fastrtps_cpp[0m
[4.575s] [ 23%] [32mBuilding CXX object CMakeFiles/turtlesim__rosidl_typesupport_introspection_cpp.dir/rosidl_typesupport_introspection_cpp/turtlesim/srv/detail/teleport_absolute__type_support.cpp.o[0m
[4.582s] [ 23%] [32m[1mLinking CXX shared library libturtlesim__rosidl_typesupport_c.so[0m
[4.614s] [ 24%] [32mBuilding CXX object CMakeFiles/turtlesim__rosidl_typesupport_fastrtps_cpp.dir/rosidl_typesupport_fastrtps_cpp/turtlesim/action/detail/dds_fastrtps/rotate_absolute__type_support.cpp.o[0m
[4.642s] [ 24%] Built target turtlesim__rosidl_typesupport_c
[4.654s] [ 24%] [32mBuilding CXX object CMakeFiles/turtlesim__rosidl_typesupport_introspection_cpp.dir/rosidl_typesupport_introspection_cpp/turtlesim/srv/detail/teleport_relative__type_support.cpp.o[0m
[4.728s] [35m[1mScanning dependencies of target turtlesim__rosidl_typesupport_introspection_c[0m
[4.783s] [ 24%] [32mBuilding C object CMakeFiles/turtlesim__rosidl_typesupport_introspection_c.dir/rosidl_typesupport_introspection_c/turtlesim/action/detail/rotate_absolute__type_support.c.o[0m
[4.842s] [ 25%] [32mBuilding C object CMakeFiles/turtlesim__rosidl_typesupport_introspection_c.dir/rosidl_typesupport_introspection_c/turtlesim/msg/detail/color__type_support.c.o[0m
[4.925s] [ 25%] [32mBuilding C object CMakeFiles/turtlesim__rosidl_typesupport_introspection_c.dir/rosidl_typesupport_introspection_c/turtlesim/srv/detail/kill__type_support.c.o[0m
[4.937s] [ 26%] [32mBuilding C object CMakeFiles/turtlesim__rosidl_typesupport_introspection_c.dir/rosidl_typesupport_introspection_c/turtlesim/msg/detail/pose__type_support.c.o[0m
[4.938s] [ 27%] [32m[1mLinking CXX shared library libturtlesim__rosidl_typesupport_cpp.so[0m
[4.954s] [ 28%] [32mBuilding C object CMakeFiles/turtlesim__rosidl_typesupport_introspection_c.dir/rosidl_typesupport_introspection_c/turtlesim/srv/detail/set_pen__type_support.c.o[0m
[4.962s] [ 28%] [32mBuilding CXX object CMakeFiles/turtlesim__rosidl_typesupport_fastrtps_cpp.dir/rosidl_typesupport_fastrtps_cpp/turtlesim/msg/detail/dds_fastrtps/color__type_support.cpp.o[0m
[4.965s] [ 29%] [32mBuilding CXX object CMakeFiles/turtlesim__rosidl_typesupport_fastrtps_cpp.dir/rosidl_typesupport_fastrtps_cpp/turtlesim/msg/detail/dds_fastrtps/pose__type_support.cpp.o[0m
[4.975s] [ 29%] [32mBuilding C object CMakeFiles/turtlesim__rosidl_typesupport_introspection_c.dir/rosidl_typesupport_introspection_c/turtlesim/srv/detail/spawn__type_support.c.o[0m
[4.977s] [ 29%] [32mBuilding CXX object CMakeFiles/turtlesim__rosidl_typesupport_fastrtps_cpp.dir/rosidl_typesupport_fastrtps_cpp/turtlesim/srv/detail/dds_fastrtps/kill__type_support.cpp.o[0m
[4.994s] [ 30%] [32mBuilding C object CMakeFiles/turtlesim__rosidl_typesupport_introspection_c.dir/rosidl_typesupport_introspection_c/turtlesim/srv/detail/teleport_absolute__type_support.c.o[0m
[5.011s] [ 31%] [32mBuilding C object CMakeFiles/turtlesim__rosidl_typesupport_introspection_c.dir/rosidl_typesupport_introspection_c/turtlesim/srv/detail/teleport_relative__type_support.c.o[0m
[5.014s] [ 32%] [32mBuilding CXX object CMakeFiles/turtlesim__rosidl_typesupport_fastrtps_cpp.dir/rosidl_typesupport_fastrtps_cpp/turtlesim/srv/detail/dds_fastrtps/set_pen__type_support.cpp.o[0m
[5.025s] [ 33%] [32mBuilding CXX object CMakeFiles/turtlesim__rosidl_typesupport_fastrtps_cpp.dir/rosidl_typesupport_fastrtps_cpp/turtlesim/srv/detail/dds_fastrtps/spawn__type_support.cpp.o[0m
[5.028s] [ 33%] Built target turtlesim__rosidl_typesupport_cpp
[5.038s] [ 33%] [32mBuilding CXX object CMakeFiles/turtlesim__rosidl_typesupport_fastrtps_cpp.dir/rosidl_typesupport_fastrtps_cpp/turtlesim/srv/detail/dds_fastrtps/teleport_absolute__type_support.cpp.o[0m
[5.048s] [ 34%] [32mBuilding CXX object CMakeFiles/turtlesim__rosidl_typesupport_fastrtps_cpp.dir/rosidl_typesupport_fastrtps_cpp/turtlesim/srv/detail/dds_fastrtps/teleport_relative__type_support.cpp.o[0m
[5.068s] [ 34%] [32m[1mLinking C shared library libturtlesim__rosidl_typesupport_introspection_c.so[0m
[5.121s] [ 35%] [32m[1mLinking CXX shared library libturtlesim__rosidl_typesupport_introspection_cpp.so[0m
[5.270s] [ 35%] Built target turtlesim__rosidl_typesupport_introspection_c
[5.338s] [ 35%] Built target turtlesim__rosidl_typesupport_introspection_cpp
[5.557s] INFO com.rti.ndds.nddsgen.Main Running rtiddsgen version 2.5.2, please wait ...
[5.557s] INFO com.rti.ndds.nddsgen.Main Done
[5.662s] [ 35%] [32m[1mLinking CXX shared library libturtlesim__rosidl_typesupport_fastrtps_cpp.so[0m
[5.710s] INFO com.rti.ndds.nddsgen.Main Running rtiddsgen version 2.5.2, please wait ...
[5.711s] INFO com.rti.ndds.nddsgen.Main Done
[5.762s] [ 35%] Built target turtlesim__rosidl_typesupport_fastrtps_cpp
[5.773s] [ 35%] [34m[1mGenerating C type support for eProsima Fast-RTPS[0m
[5.829s] INFO com.rti.ndds.nddsgen.Main Running rtiddsgen version 2.5.2, please wait ...
[5.829s] INFO com.rti.ndds.nddsgen.Main Done
[5.961s] INFO com.rti.ndds.nddsgen.Main Running rtiddsgen version 2.5.2, please wait ...
[5.961s] INFO com.rti.ndds.nddsgen.Main Done
[6.053s] INFO com.rti.ndds.nddsgen.Main Running rtiddsgen version 2.5.2, please wait ...
[6.053s] INFO com.rti.ndds.nddsgen.Main Done
[6.149s] INFO com.rti.ndds.nddsgen.Main Running rtiddsgen version 2.5.2, please wait ...
[6.149s] INFO com.rti.ndds.nddsgen.Main Done
[6.249s] INFO com.rti.ndds.nddsgen.Main Running rtiddsgen version 2.5.2, please wait ...
[6.250s] INFO com.rti.ndds.nddsgen.Main Done
[6.342s] INFO com.rti.ndds.nddsgen.Main Running rtiddsgen version 2.5.2, please wait ...
[6.342s] INFO com.rti.ndds.nddsgen.Main Done
[6.431s] [35m[1mScanning dependencies of target turtlesim__rosidl_typesupport_connext_cpp[0m
[6.478s] [35m[1mScanning dependencies of target turtlesim__rosidl_typesupport_fastrtps_c[0m
[6.506s] [ 37%] [32mBuilding CXX object CMakeFiles/turtlesim__rosidl_typesupport_fastrtps_c.dir/rosidl_typesupport_fastrtps_c/turtlesim/msg/detail/color__type_support_c.cpp.o[0m
[6.506s] [ 37%] [32mBuilding CXX object CMakeFiles/turtlesim__rosidl_typesupport_fastrtps_c.dir/rosidl_typesupport_fastrtps_c/turtlesim/srv/detail/kill__type_support_c.cpp.o[0m
[6.506s] [ 37%] [32mBuilding CXX object CMakeFiles/turtlesim__rosidl_typesupport_fastrtps_c.dir/rosidl_typesupport_fastrtps_c/turtlesim/msg/detail/pose__type_support_c.cpp.o[0m
[6.506s] [ 37%] [32mBuilding CXX object CMakeFiles/turtlesim__rosidl_typesupport_fastrtps_c.dir/rosidl_typesupport_fastrtps_c/turtlesim/action/detail/rotate_absolute__type_support_c.cpp.o[0m
[6.506s] [ 38%] [32mBuilding CXX object CMakeFiles/turtlesim__rosidl_typesupport_fastrtps_c.dir/rosidl_typesupport_fastrtps_c/turtlesim/srv/detail/set_pen__type_support_c.cpp.o[0m
[6.506s] [ 38%] [32mBuilding CXX object CMakeFiles/turtlesim__rosidl_typesupport_fastrtps_c.dir/rosidl_typesupport_fastrtps_c/turtlesim/srv/detail/teleport_absolute__type_support_c.cpp.o[0m
[6.507s] [ 39%] [32mBuilding CXX object CMakeFiles/turtlesim__rosidl_typesupport_fastrtps_c.dir/rosidl_typesupport_fastrtps_c/turtlesim/srv/detail/spawn__type_support_c.cpp.o[0m
[6.507s] [ 40%] [32mBuilding CXX object CMakeFiles/turtlesim__rosidl_typesupport_fastrtps_c.dir/rosidl_typesupport_fastrtps_c/turtlesim/srv/detail/teleport_relative__type_support_c.cpp.o[0m
[6.671s] [ 41%] [32mBuilding CXX object CMakeFiles/turtlesim__rosidl_typesupport_connext_cpp.dir/rosidl_typesupport_connext_cpp/turtlesim/action/dds_connext/rotate_absolute__type_support.cpp.o[0m
[6.671s] [ 41%] [32mBuilding CXX object CMakeFiles/turtlesim__rosidl_typesupport_connext_cpp.dir/rosidl_typesupport_connext_cpp/turtlesim/msg/dds_connext/color__type_support.cpp.o[0m
[6.671s] [ 42%] [32mBuilding CXX object CMakeFiles/turtlesim__rosidl_typesupport_connext_cpp.dir/rosidl_typesupport_connext_cpp/turtlesim/srv/dds_connext/kill__type_support.cpp.o[0m
[6.672s] [ 42%] [32mBuilding CXX object CMakeFiles/turtlesim__rosidl_typesupport_connext_cpp.dir/rosidl_typesupport_connext_cpp/turtlesim/msg/dds_connext/pose__type_support.cpp.o[0m
[6.893s] [ 43%] [32mBuilding CXX object CMakeFiles/turtlesim__rosidl_typesupport_connext_cpp.dir/rosidl_typesupport_connext_cpp/turtlesim/srv/dds_connext/set_pen__type_support.cpp.o[0m
[6.909s] [ 43%] [32mBuilding CXX object CMakeFiles/turtlesim__rosidl_typesupport_connext_cpp.dir/rosidl_typesupport_connext_cpp/turtlesim/srv/dds_connext/spawn__type_support.cpp.o[0m
[6.945s] [ 44%] [32mBuilding CXX object CMakeFiles/turtlesim__rosidl_typesupport_connext_cpp.dir/rosidl_typesupport_connext_cpp/turtlesim/srv/dds_connext/teleport_absolute__type_support.cpp.o[0m
[6.984s] [ 44%] [32mBuilding CXX object CMakeFiles/turtlesim__rosidl_typesupport_connext_cpp.dir/rosidl_typesupport_connext_cpp/turtlesim/srv/dds_connext/teleport_relative__type_support.cpp.o[0m
[7.018s] [ 45%] [32mBuilding CXX object CMakeFiles/turtlesim__rosidl_typesupport_connext_cpp.dir/rosidl_typesupport_connext_cpp/turtlesim/action/dds_connext/RotateAbsolute_.cxx.o[0m
[7.036s] [ 46%] [32mBuilding CXX object CMakeFiles/turtlesim__rosidl_typesupport_connext_cpp.dir/rosidl_typesupport_connext_cpp/turtlesim/action/dds_connext/RotateAbsolute_Plugin.cxx.o[0m
[7.039s] [ 46%] [32mBuilding CXX object CMakeFiles/turtlesim__rosidl_typesupport_connext_cpp.dir/rosidl_typesupport_connext_cpp/turtlesim/action/dds_connext/RotateAbsolute_Support.cxx.o[0m
[7.081s] [ 46%] [32m[1mLinking CXX shared library libturtlesim__rosidl_typesupport_fastrtps_c.so[0m
[7.211s] [ 46%] Built target turtlesim__rosidl_typesupport_fastrtps_c
[7.223s] [ 47%] [32mBuilding CXX object CMakeFiles/turtlesim__rosidl_typesupport_connext_cpp.dir/rosidl_typesupport_connext_cpp/turtlesim/msg/dds_connext/Color_.cxx.o[0m
[7.466s] [ 47%] [32mBuilding CXX object CMakeFiles/turtlesim__rosidl_typesupport_connext_cpp.dir/rosidl_typesupport_connext_cpp/turtlesim/msg/dds_connext/Color_Plugin.cxx.o[0m
[7.469s] [ 48%] [32mBuilding CXX object CMakeFiles/turtlesim__rosidl_typesupport_connext_cpp.dir/rosidl_typesupport_connext_cpp/turtlesim/msg/dds_connext/Color_Support.cxx.o[0m
[7.913s] [ 48%] [32mBuilding CXX object CMakeFiles/turtlesim__rosidl_typesupport_connext_cpp.dir/rosidl_typesupport_connext_cpp/turtlesim/msg/dds_connext/Pose_.cxx.o[0m
[7.998s] [ 49%] [32mBuilding CXX object CMakeFiles/turtlesim__rosidl_typesupport_connext_cpp.dir/rosidl_typesupport_connext_cpp/turtlesim/msg/dds_connext/Pose_Plugin.cxx.o[0m
[8.124s] [ 50%] [32mBuilding CXX object CMakeFiles/turtlesim__rosidl_typesupport_connext_cpp.dir/rosidl_typesupport_connext_cpp/turtlesim/msg/dds_connext/Pose_Support.cxx.o[0m
[8.133s] [ 50%] [32mBuilding CXX object CMakeFiles/turtlesim__rosidl_typesupport_connext_cpp.dir/rosidl_typesupport_connext_cpp/turtlesim/srv/dds_connext/Kill_.cxx.o[0m
[8.166s] [ 51%] [32mBuilding CXX object CMakeFiles/turtlesim__rosidl_typesupport_connext_cpp.dir/rosidl_typesupport_connext_cpp/turtlesim/srv/dds_connext/Kill_Plugin.cxx.o[0m
[8.208s] [ 51%] [32mBuilding CXX object CMakeFiles/turtlesim__rosidl_typesupport_connext_cpp.dir/rosidl_typesupport_connext_cpp/turtlesim/srv/dds_connext/Kill_Support.cxx.o[0m
[8.243s] [ 52%] [32mBuilding CXX object CMakeFiles/turtlesim__rosidl_typesupport_connext_cpp.dir/rosidl_typesupport_connext_cpp/turtlesim/srv/dds_connext/SetPen_.cxx.o[0m
[8.271s] [ 52%] [32mBuilding CXX object CMakeFiles/turtlesim__rosidl_typesupport_connext_cpp.dir/rosidl_typesupport_connext_cpp/turtlesim/srv/dds_connext/SetPen_Plugin.cxx.o[0m
[8.301s] [ 53%] [32mBuilding CXX object CMakeFiles/turtlesim__rosidl_typesupport_connext_cpp.dir/rosidl_typesupport_connext_cpp/turtlesim/srv/dds_connext/SetPen_Support.cxx.o[0m
[8.377s] [ 54%] [32mBuilding CXX object CMakeFiles/turtlesim__rosidl_typesupport_connext_cpp.dir/rosidl_typesupport_connext_cpp/turtlesim/srv/dds_connext/Spawn_.cxx.o[0m
[8.685s] [ 54%] [32mBuilding CXX object CMakeFiles/turtlesim__rosidl_typesupport_connext_cpp.dir/rosidl_typesupport_connext_cpp/turtlesim/srv/dds_connext/Spawn_Plugin.cxx.o[0m
[8.732s] [ 55%] [32mBuilding CXX object CMakeFiles/turtlesim__rosidl_typesupport_connext_cpp.dir/rosidl_typesupport_connext_cpp/turtlesim/srv/dds_connext/Spawn_Support.cxx.o[0m
[8.749s] [ 55%] [32mBuilding CXX object CMakeFiles/turtlesim__rosidl_typesupport_connext_cpp.dir/rosidl_typesupport_connext_cpp/turtlesim/srv/dds_connext/TeleportAbsolute_.cxx.o[0m
[8.831s] [ 56%] [32mBuilding CXX object CMakeFiles/turtlesim__rosidl_typesupport_connext_cpp.dir/rosidl_typesupport_connext_cpp/turtlesim/srv/dds_connext/TeleportAbsolute_Plugin.cxx.o[0m
[8.951s] [ 57%] [32mBuilding CXX object CMakeFiles/turtlesim__rosidl_typesupport_connext_cpp.dir/rosidl_typesupport_connext_cpp/turtlesim/srv/dds_connext/TeleportAbsolute_Support.cxx.o[0m
[8.953s] [ 57%] [32mBuilding CXX object CMakeFiles/turtlesim__rosidl_typesupport_connext_cpp.dir/rosidl_typesupport_connext_cpp/turtlesim/srv/dds_connext/TeleportRelative_.cxx.o[0m
[9.051s] [ 58%] [32mBuilding CXX object CMakeFiles/turtlesim__rosidl_typesupport_connext_cpp.dir/rosidl_typesupport_connext_cpp/turtlesim/srv/dds_connext/TeleportRelative_Plugin.cxx.o[0m
[9.087s] [ 58%] [32mBuilding CXX object CMakeFiles/turtlesim__rosidl_typesupport_connext_cpp.dir/rosidl_typesupport_connext_cpp/turtlesim/srv/dds_connext/TeleportRelative_Support.cxx.o[0m
[9.707s] [ 59%] [32m[1mLinking CXX shared library libturtlesim__rosidl_typesupport_connext_cpp.so[0m
[9.929s] [ 60%] Built target turtlesim__rosidl_typesupport_connext_cpp
[9.937s] [ 60%] [34m[1mGenerating C type support for RTI Connext[0m
[10.458s] [35m[1mScanning dependencies of target turtlesim__rosidl_typesupport_connext_c[0m
[10.623s] [ 61%] [32mBuilding CXX object CMakeFiles/turtlesim__rosidl_typesupport_connext_c.dir/rosidl_typesupport_connext_c/turtlesim/msg/dds_connext/pose__type_support_c.cpp.o[0m
[10.623s] [ 61%] [32mBuilding CXX object CMakeFiles/turtlesim__rosidl_typesupport_connext_c.dir/rosidl_typesupport_connext_c/turtlesim/action/dds_connext/rotate_absolute__type_support_c.cpp.o[0m
[10.623s] [ 62%] [32mBuilding CXX object CMakeFiles/turtlesim__rosidl_typesupport_connext_c.dir/rosidl_typesupport_connext_c/turtlesim/msg/dds_connext/color__type_support_c.cpp.o[0m
[10.623s] [ 64%] [32mBuilding CXX object CMakeFiles/turtlesim__rosidl_typesupport_connext_c.dir/rosidl_typesupport_connext_c/turtlesim/srv/dds_connext/kill__type_support_c.cpp.o[0m
[10.624s] [ 64%] [32mBuilding CXX object CMakeFiles/turtlesim__rosidl_typesupport_connext_c.dir/rosidl_typesupport_connext_c/turtlesim/srv/dds_connext/spawn__type_support_c.cpp.o[0m
[10.624s] [ 64%] [32mBuilding CXX object CMakeFiles/turtlesim__rosidl_typesupport_connext_c.dir/rosidl_typesupport_connext_c/turtlesim/srv/dds_connext/teleport_absolute__type_support_c.cpp.o[0m
[10.624s] [ 64%] [32mBuilding CXX object CMakeFiles/turtlesim__rosidl_typesupport_connext_c.dir/rosidl_typesupport_connext_c/turtlesim/srv/dds_connext/set_pen__type_support_c.cpp.o[0m
[10.627s] [ 65%] [32mBuilding CXX object CMakeFiles/turtlesim__rosidl_typesupport_connext_c.dir/rosidl_typesupport_connext_c/turtlesim/srv/dds_connext/teleport_relative__type_support_c.cpp.o[0m
[10.627s] [ 66%] [32mBuilding CXX object CMakeFiles/turtlesim__rosidl_typesupport_connext_c.dir/rosidl_typesupport_connext_cpp/turtlesim/action/dds_connext/RotateAbsolute_.cxx.o[0m
[10.628s] [ 67%] [32mBuilding CXX object CMakeFiles/turtlesim__rosidl_typesupport_connext_c.dir/rosidl_typesupport_connext_cpp/turtlesim/action/dds_connext/RotateAbsolute_Support.cxx.o[0m
[10.628s] [ 67%] [32mBuilding CXX object CMakeFiles/turtlesim__rosidl_typesupport_connext_c.dir/rosidl_typesupport_connext_cpp/turtlesim/action/dds_connext/RotateAbsolute_Plugin.cxx.o[0m
[10.629s] [ 67%] [32mBuilding CXX object CMakeFiles/turtlesim__rosidl_typesupport_connext_c.dir/rosidl_typesupport_connext_cpp/turtlesim/msg/dds_connext/Color_.cxx.o[0m
[11.276s] [ 68%] [32mBuilding CXX object CMakeFiles/turtlesim__rosidl_typesupport_connext_c.dir/rosidl_typesupport_connext_cpp/turtlesim/msg/dds_connext/Color_Plugin.cxx.o[0m
[11.281s] [ 68%] [32mBuilding CXX object CMakeFiles/turtlesim__rosidl_typesupport_connext_c.dir/rosidl_typesupport_connext_cpp/turtlesim/msg/dds_connext/Color_Support.cxx.o[0m
[11.399s] [ 69%] [32mBuilding CXX object CMakeFiles/turtlesim__rosidl_typesupport_connext_c.dir/rosidl_typesupport_connext_cpp/turtlesim/msg/dds_connext/Pose_.cxx.o[0m
[11.816s] [ 70%] [32mBuilding CXX object CMakeFiles/turtlesim__rosidl_typesupport_connext_c.dir/rosidl_typesupport_connext_cpp/turtlesim/msg/dds_connext/Pose_Plugin.cxx.o[0m
[11.829s] [ 70%] [32mBuilding CXX object CMakeFiles/turtlesim__rosidl_typesupport_connext_c.dir/rosidl_typesupport_connext_cpp/turtlesim/msg/dds_connext/Pose_Support.cxx.o[0m
[11.838s] [ 71%] [32mBuilding CXX object CMakeFiles/turtlesim__rosidl_typesupport_connext_c.dir/rosidl_typesupport_connext_cpp/turtlesim/srv/dds_connext/Kill_.cxx.o[0m
[11.845s] [ 71%] [32mBuilding CXX object CMakeFiles/turtlesim__rosidl_typesupport_connext_c.dir/rosidl_typesupport_connext_cpp/turtlesim/srv/dds_connext/Kill_Plugin.cxx.o[0m
[11.877s] [ 72%] [32mBuilding CXX object CMakeFiles/turtlesim__rosidl_typesupport_connext_c.dir/rosidl_typesupport_connext_cpp/turtlesim/srv/dds_connext/Kill_Support.cxx.o[0m
[11.987s] [ 72%] [32mBuilding CXX object CMakeFiles/turtlesim__rosidl_typesupport_connext_c.dir/rosidl_typesupport_connext_cpp/turtlesim/srv/dds_connext/SetPen_.cxx.o[0m
[12.011s] [ 73%] [32mBuilding CXX object CMakeFiles/turtlesim__rosidl_typesupport_connext_c.dir/rosidl_typesupport_connext_cpp/turtlesim/srv/dds_connext/SetPen_Plugin.cxx.o[0m
[12.158s] [ 74%] [32mBuilding CXX object CMakeFiles/turtlesim__rosidl_typesupport_connext_c.dir/rosidl_typesupport_connext_cpp/turtlesim/srv/dds_connext/SetPen_Support.cxx.o[0m
[12.182s] [ 74%] [32mBuilding CXX object CMakeFiles/turtlesim__rosidl_typesupport_connext_c.dir/rosidl_typesupport_connext_cpp/turtlesim/srv/dds_connext/Spawn_.cxx.o[0m
[12.233s] [ 75%] [32mBuilding CXX object CMakeFiles/turtlesim__rosidl_typesupport_connext_c.dir/rosidl_typesupport_connext_cpp/turtlesim/srv/dds_connext/Spawn_Plugin.cxx.o[0m
[12.422s] [ 75%] [32mBuilding CXX object CMakeFiles/turtlesim__rosidl_typesupport_connext_c.dir/rosidl_typesupport_connext_cpp/turtlesim/srv/dds_connext/Spawn_Support.cxx.o[0m
[12.536s] [ 76%] [32mBuilding CXX object CMakeFiles/turtlesim__rosidl_typesupport_connext_c.dir/rosidl_typesupport_connext_cpp/turtlesim/srv/dds_connext/TeleportAbsolute_.cxx.o[0m
[12.613s] [ 77%] [32mBuilding CXX object CMakeFiles/turtlesim__rosidl_typesupport_connext_c.dir/rosidl_typesupport_connext_cpp/turtlesim/srv/dds_connext/TeleportAbsolute_Plugin.cxx.o[0m
[12.737s] [ 77%] [32mBuilding CXX object CMakeFiles/turtlesim__rosidl_typesupport_connext_c.dir/rosidl_typesupport_connext_cpp/turtlesim/srv/dds_connext/TeleportAbsolute_Support.cxx.o[0m
[12.740s] [ 78%] [32mBuilding CXX object CMakeFiles/turtlesim__rosidl_typesupport_connext_c.dir/rosidl_typesupport_connext_cpp/turtlesim/srv/dds_connext/TeleportRelative_.cxx.o[0m
[12.851s] [ 78%] [32mBuilding CXX object CMakeFiles/turtlesim__rosidl_typesupport_connext_c.dir/rosidl_typesupport_connext_cpp/turtlesim/srv/dds_connext/TeleportRelative_Plugin.cxx.o[0m
[12.915s] [ 79%] [32mBuilding CXX object CMakeFiles/turtlesim__rosidl_typesupport_connext_c.dir/rosidl_typesupport_connext_cpp/turtlesim/srv/dds_connext/TeleportRelative_Support.cxx.o[0m
[13.617s] [ 79%] [32m[1mLinking CXX shared library libturtlesim__rosidl_typesupport_connext_c.so[0m
[13.845s] [ 80%] Built target turtlesim__rosidl_typesupport_connext_c
[13.853s] [35m[1mScanning dependencies of target turtlesim[0m
[13.860s] [ 80%] Built target turtlesim
[13.869s] [ 81%] [34m[1mGenerating include/turtlesim/moc_turtle_frame.cpp[0m
[13.869s] [35m[1mScanning dependencies of target mimic[0m
[13.869s] [35m[1mScanning dependencies of target draw_square[0m
[13.871s] [35m[1mScanning dependencies of target turtle_teleop_key[0m
[13.871s] [35m[1mScanning dependencies of target turtlesim__py[0m
[13.880s] [ 82%] [34m[1mGenerating Python code for ROS interfaces[0m
[13.933s] [ 82%] [32mBuilding CXX object CMakeFiles/mimic.dir/tutorials/mimic.cpp.o[0m
[13.935s] [ 82%] [32mBuilding CXX object CMakeFiles/turtle_teleop_key.dir/tutorials/teleop_turtle_key.cpp.o[0m
[13.939s] [ 82%] [32mBuilding CXX object CMakeFiles/draw_square.dir/tutorials/draw_square.cpp.o[0m
[13.940s] [35m[1mScanning dependencies of target turtlesim_node[0m
[14.029s] [ 83%] [32mBuilding CXX object CMakeFiles/turtlesim_node.dir/src/turtlesim.cpp.o[0m
[14.030s] [ 83%] [32mBuilding CXX object CMakeFiles/turtlesim_node.dir/src/turtle.cpp.o[0m
[14.030s] [ 83%] [32mBuilding CXX object CMakeFiles/turtlesim_node.dir/src/turtle_frame.cpp.o[0m
[14.030s] [ 84%] [32mBuilding CXX object CMakeFiles/turtlesim_node.dir/include/turtlesim/moc_turtle_frame.cpp.o[0m
[15.643s] [ 84%] Built target turtlesim__py
[15.657s] [35m[1mScanning dependencies of target turtlesim__python[0m
[15.724s] [ 85%] [32mBuilding C object CMakeFiles/turtlesim__python.dir/rosidl_generator_py/turtlesim/action/_rotate_absolute_s.c.o[0m
[15.725s] [ 85%] [32mBuilding C object CMakeFiles/turtlesim__python.dir/rosidl_generator_py/turtlesim/msg/_pose_s.c.o[0m
[15.725s] [ 85%] [32mBuilding C object CMakeFiles/turtlesim__python.dir/rosidl_generator_py/turtlesim/msg/_color_s.c.o[0m
[15.725s] [ 86%] [32mBuilding C object CMakeFiles/turtlesim__python.dir/rosidl_generator_py/turtlesim/srv/_kill_s.c.o[0m
[15.725s] [ 87%] [32mBuilding C object CMakeFiles/turtlesim__python.dir/rosidl_generator_py/turtlesim/srv/_set_pen_s.c.o[0m
[15.874s] [ 87%] [32mBuilding C object CMakeFiles/turtlesim__python.dir/rosidl_generator_py/turtlesim/srv/_spawn_s.c.o[0m
[15.879s] [ 88%] [32mBuilding C object CMakeFiles/turtlesim__python.dir/rosidl_generator_py/turtlesim/srv/_teleport_absolute_s.c.o[0m
[15.886s] [ 88%] [32mBuilding C object CMakeFiles/turtlesim__python.dir/rosidl_generator_py/turtlesim/srv/_teleport_relative_s.c.o[0m
[16.032s] [ 89%] [32m[1mLinking C shared library rosidl_generator_py/turtlesim/libturtlesim__python.so[0m
[16.093s] [ 89%] Built target turtlesim__python
[16.106s] [35m[1mScanning dependencies of target turtlesim__rosidl_typesupport_introspection_c__pyext[0m
[16.106s] [35m[1mScanning dependencies of target turtlesim__rosidl_typesupport_c__pyext[0m
[16.107s] [35m[1mScanning dependencies of target turtlesim__rosidl_typesupport_connext_c__pyext[0m
[16.107s] [35m[1mScanning dependencies of target turtlesim__rosidl_typesupport_fastrtps_c__pyext[0m
[16.136s] [ 90%] [32mBuilding C object CMakeFiles/turtlesim__rosidl_typesupport_introspection_c__pyext.dir/rosidl_generator_py/turtlesim/_turtlesim_s.ep.rosidl_typesupport_introspection_c.c.o[0m
[16.138s] [ 91%] [32mBuilding C object CMakeFiles/turtlesim__rosidl_typesupport_c__pyext.dir/rosidl_generator_py/turtlesim/_turtlesim_s.ep.rosidl_typesupport_c.c.o[0m
[16.142s] [ 92%] [32mBuilding C object CMakeFiles/turtlesim__rosidl_typesupport_connext_c__pyext.dir/rosidl_generator_py/turtlesim/_turtlesim_s.ep.rosidl_typesupport_connext_c.c.o[0m
[16.145s] [ 93%] [32mBuilding C object CMakeFiles/turtlesim__rosidl_typesupport_fastrtps_c__pyext.dir/rosidl_generator_py/turtlesim/_turtlesim_s.ep.rosidl_typesupport_fastrtps_c.c.o[0m
[16.367s] [ 94%] [32m[1mLinking C shared library rosidl_generator_py/turtlesim/turtlesim_s__rosidl_typesupport_introspection_c.cpython-38-x86_64-linux-gnu.so[0m
[16.367s] [ 94%] [32m[1mLinking C shared library rosidl_generator_py/turtlesim/turtlesim_s__rosidl_typesupport_c.cpython-38-x86_64-linux-gnu.so[0m
[16.375s] [ 95%] [32m[1mLinking C shared library rosidl_generator_py/turtlesim/turtlesim_s__rosidl_typesupport_connext_c.cpython-38-x86_64-linux-gnu.so[0m
[16.382s] [ 96%] [32m[1mLinking CXX shared library rosidl_generator_py/turtlesim/turtlesim_s__rosidl_typesupport_fastrtps_c.cpython-38-x86_64-linux-gnu.so[0m
[16.431s] [ 96%] Built target turtlesim__rosidl_typesupport_introspection_c__pyext
[16.431s] [ 96%] Built target turtlesim__rosidl_typesupport_c__pyext
[16.488s] [ 96%] Built target turtlesim__rosidl_typesupport_fastrtps_c__pyext
[16.523s] [ 96%] Built target turtlesim__rosidl_typesupport_connext_c__pyext
[18.858s] [ 97%] [32m[1mLinking CXX executable turtle_teleop_key[0m
[19.078s] [ 97%] Built target turtle_teleop_key
[19.627s] [ 98%] [32m[1mLinking CXX executable mimic[0m
[19.851s] [ 99%] [32m[1mLinking CXX executable draw_square[0m
[19.855s] [ 99%] Built target mimic
[20.081s] [ 99%] Built target draw_square
[21.630s] [100%] [32m[1mLinking CXX executable turtlesim_node[0m
[22.700s] [100%] Built target turtlesim_node
[26.403s] Invoked command in '/home/haruki/dev_ws/build/turtlesim' returned '0': CMAKE_PREFIX_PATH=/opt/ros/foxy /usr/bin/cmake --build /home/haruki/dev_ws/build/turtlesim -- -j12 -l12
[26.565s] Invoking command in '/home/haruki/dev_ws/build/turtlesim': CMAKE_PREFIX_PATH=/opt/ros/foxy /usr/bin/cmake --install /home/haruki/dev_ws/build/turtlesim
[26.572s] -- Install configuration: ""
[26.572s] -- Installing: /home/haruki/dev_ws/install/turtlesim/share/ament_index/resource_index/rosidl_interfaces/turtlesim
[26.572s] -- Installing: /home/haruki/dev_ws/install/turtlesim/include/turtlesim
[26.572s] -- Installing: /home/haruki/dev_ws/install/turtlesim/include/turtlesim/action
[26.572s] -- Installing: /home/haruki/dev_ws/install/turtlesim/include/turtlesim/action/rotate_absolute.h
[26.572s] -- Installing: /home/haruki/dev_ws/install/turtlesim/include/turtlesim/action/detail
[26.572s] -- Installing: /home/haruki/dev_ws/install/turtlesim/include/turtlesim/action/detail/rotate_absolute__functions.c
[26.572s] -- Installing: /home/haruki/dev_ws/install/turtlesim/include/turtlesim/action/detail/rotate_absolute__struct.h
[26.573s] -- Installing: /home/haruki/dev_ws/install/turtlesim/include/turtlesim/action/detail/rotate_absolute__functions.h
[26.573s] -- Installing: /home/haruki/dev_ws/install/turtlesim/include/turtlesim/action/detail/rotate_absolute__type_support.h
[26.573s] -- Installing: /home/haruki/dev_ws/install/turtlesim/include/turtlesim/srv
[26.573s] -- Installing: /home/haruki/dev_ws/install/turtlesim/include/turtlesim/srv/spawn.h
[26.573s] -- Installing: /home/haruki/dev_ws/install/turtlesim/include/turtlesim/srv/kill.h
[26.573s] -- Installing: /home/haruki/dev_ws/install/turtlesim/include/turtlesim/srv/teleport_absolute.h
[26.573s] -- Installing: /home/haruki/dev_ws/install/turtlesim/include/turtlesim/srv/set_pen.h
[26.573s] -- Installing: /home/haruki/dev_ws/install/turtlesim/include/turtlesim/srv/detail
[26.573s] -- Installing: /home/haruki/dev_ws/install/turtlesim/include/turtlesim/srv/detail/kill__functions.c
[26.573s] -- Installing: /home/haruki/dev_ws/install/turtlesim/include/turtlesim/srv/detail/teleport_relative__type_support.h
[26.573s] -- Installing: /home/haruki/dev_ws/install/turtlesim/include/turtlesim/srv/detail/teleport_relative__functions.h
[26.573s] -- Installing: /home/haruki/dev_ws/install/turtlesim/include/turtlesim/srv/detail/teleport_absolute__type_support.h
[26.573s] -- Installing: /home/haruki/dev_ws/install/turtlesim/include/turtlesim/srv/detail/teleport_absolute__functions.c
[26.573s] -- Installing: /home/haruki/dev_ws/install/turtlesim/include/turtlesim/srv/detail/spawn__functions.c
[26.573s] -- Installing: /home/haruki/dev_ws/install/turtlesim/include/turtlesim/srv/detail/set_pen__functions.c
[26.573s] -- Installing: /home/haruki/dev_ws/install/turtlesim/include/turtlesim/srv/detail/teleport_relative__functions.c
[26.573s] -- Installing: /home/haruki/dev_ws/install/turtlesim/include/turtlesim/srv/detail/set_pen__struct.h
[26.574s] -- Installing: /home/haruki/dev_ws/install/turtlesim/include/turtlesim/srv/detail/set_pen__functions.h
[26.574s] -- Installing: /home/haruki/dev_ws/install/turtlesim/include/turtlesim/srv/detail/spawn__functions.h
[26.574s] -- Installing: /home/haruki/dev_ws/install/turtlesim/include/turtlesim/srv/detail/teleport_relative__struct.h
[26.574s] -- Installing: /home/haruki/dev_ws/install/turtlesim/include/turtlesim/srv/detail/kill__type_support.h
[26.574s] -- Installing: /home/haruki/dev_ws/install/turtlesim/include/turtlesim/srv/detail/kill__functions.h
[26.574s] -- Installing: /home/haruki/dev_ws/install/turtlesim/include/turtlesim/srv/detail/teleport_absolute__functions.h
[26.574s] -- Installing: /home/haruki/dev_ws/install/turtlesim/include/turtlesim/srv/detail/teleport_absolute__struct.h
[26.574s] -- Installing: /home/haruki/dev_ws/install/turtlesim/include/turtlesim/srv/detail/spawn__type_support.h
[26.574s] -- Installing: /home/haruki/dev_ws/install/turtlesim/include/turtlesim/srv/detail/set_pen__type_support.h
[26.574s] -- Installing: /home/haruki/dev_ws/install/turtlesim/include/turtlesim/srv/detail/kill__struct.h
[26.574s] -- Installing: /home/haruki/dev_ws/install/turtlesim/include/turtlesim/srv/detail/spawn__struct.h
[26.574s] -- Installing: /home/haruki/dev_ws/install/turtlesim/include/turtlesim/srv/teleport_relative.h
[26.574s] -- Installing: /home/haruki/dev_ws/install/turtlesim/include/turtlesim/msg
[26.574s] -- Installing: /home/haruki/dev_ws/install/turtlesim/include/turtlesim/msg/color.h
[26.574s] -- Installing: /home/haruki/dev_ws/install/turtlesim/include/turtlesim/msg/pose.h
[26.574s] -- Installing: /home/haruki/dev_ws/install/turtlesim/include/turtlesim/msg/detail
[26.574s] -- Installing: /home/haruki/dev_ws/install/turtlesim/include/turtlesim/msg/detail/color__functions.h
[26.575s] -- Installing: /home/haruki/dev_ws/install/turtlesim/include/turtlesim/msg/detail/pose__struct.h
[26.575s] -- Installing: /home/haruki/dev_ws/install/turtlesim/include/turtlesim/msg/detail/pose__type_support.h
[26.575s] -- Installing: /home/haruki/dev_ws/install/turtlesim/include/turtlesim/msg/detail/color__functions.c
[26.575s] -- Installing: /home/haruki/dev_ws/install/turtlesim/include/turtlesim/msg/detail/color__struct.h
[26.575s] -- Installing: /home/haruki/dev_ws/install/turtlesim/include/turtlesim/msg/detail/color__type_support.h
[26.575s] -- Installing: /home/haruki/dev_ws/install/turtlesim/include/turtlesim/msg/detail/pose__functions.h
[26.575s] -- Installing: /home/haruki/dev_ws/install/turtlesim/include/turtlesim/msg/detail/pose__functions.c
[26.575s] -- Installing: /home/haruki/dev_ws/install/turtlesim/include/turtlesim/msg/rosidl_generator_c__visibility_control.h
[26.575s] -- Installing: /home/haruki/dev_ws/install/turtlesim/share/turtlesim/environment/library_path.sh
[26.575s] -- Installing: /home/haruki/dev_ws/install/turtlesim/share/turtlesim/environment/library_path.dsv
[26.575s] -- Installing: /home/haruki/dev_ws/install/turtlesim/lib/libturtlesim__rosidl_generator_c.so
[26.575s] -- Set runtime path of "/home/haruki/dev_ws/install/turtlesim/lib/libturtlesim__rosidl_generator_c.so" to ""
[26.576s] -- Up-to-date: /home/haruki/dev_ws/install/turtlesim/include/turtlesim
[26.576s] -- Up-to-date: /home/haruki/dev_ws/install/turtlesim/include/turtlesim/action
[26.576s] -- Installing: /home/haruki/dev_ws/install/turtlesim/include/turtlesim/action/rotate_absolute__rosidl_typesupport_connext_c.h
[26.576s] -- Installing: /home/haruki/dev_ws/install/turtlesim/include/turtlesim/action/dds_connext
[26.576s] -- Up-to-date: /home/haruki/dev_ws/install/turtlesim/include/turtlesim/srv
[26.576s] -- Installing: /home/haruki/dev_ws/install/turtlesim/include/turtlesim/srv/set_pen__rosidl_typesupport_connext_c.h
[26.576s] -- Installing: /home/haruki/dev_ws/install/turtlesim/include/turtlesim/srv/kill__rosidl_typesupport_connext_c.h
[26.576s] -- Installing: /home/haruki/dev_ws/install/turtlesim/include/turtlesim/srv/spawn__rosidl_typesupport_connext_c.h
[26.576s] -- Installing: /home/haruki/dev_ws/install/turtlesim/include/turtlesim/srv/teleport_relative__rosidl_typesupport_connext_c.h
[26.576s] -- Installing: /home/haruki/dev_ws/install/turtlesim/include/turtlesim/srv/teleport_absolute__rosidl_typesupport_connext_c.h
[26.576s] -- Installing: /home/haruki/dev_ws/install/turtlesim/include/turtlesim/srv/dds_connext
[26.576s] -- Up-to-date: /home/haruki/dev_ws/install/turtlesim/include/turtlesim/msg
[26.576s] -- Installing: /home/haruki/dev_ws/install/turtlesim/include/turtlesim/msg/color__rosidl_typesupport_connext_c.h
[26.576s] -- Installing: /home/haruki/dev_ws/install/turtlesim/include/turtlesim/msg/pose__rosidl_typesupport_connext_c.h
[26.577s] -- Installing: /home/haruki/dev_ws/install/turtlesim/include/turtlesim/msg/dds_connext
[26.577s] -- Installing: /home/haruki/dev_ws/install/turtlesim/include/turtlesim/msg/rosidl_typesupport_connext_c__visibility_control.h
[26.577s] -- Installing: /home/haruki/dev_ws/install/turtlesim/lib/libturtlesim__rosidl_typesupport_connext_c.so
[26.579s] -- Set runtime path of "/home/haruki/dev_ws/install/turtlesim/lib/libturtlesim__rosidl_typesupport_connext_c.so" to ""
[26.579s] -- Installing: /home/haruki/dev_ws/install/turtlesim/share/turtlesim/action/dds_connext
[26.579s] -- Installing: /home/haruki/dev_ws/install/turtlesim/share/turtlesim/action/dds_connext/RotateAbsolute_.idl
[26.579s] -- Installing: /home/haruki/dev_ws/install/turtlesim/share/turtlesim/msg/dds_connext
[26.579s] -- Installing: /home/haruki/dev_ws/install/turtlesim/share/turtlesim/msg/dds_connext/Pose_.idl
[26.579s] -- Installing: /home/haruki/dev_ws/install/turtlesim/share/turtlesim/msg/dds_connext/Color_.idl
[26.579s] -- Installing: /home/haruki/dev_ws/install/turtlesim/share/turtlesim/srv/dds_connext
[26.579s] -- Installing: /home/haruki/dev_ws/install/turtlesim/share/turtlesim/srv/dds_connext/TeleportRelative_.idl
[26.580s] -- Installing: /home/haruki/dev_ws/install/turtlesim/share/turtlesim/srv/dds_connext/TeleportAbsolute_.idl
[26.580s] -- Installing: /home/haruki/dev_ws/install/turtlesim/share/turtlesim/srv/dds_connext/Kill_.idl
[26.580s] -- Installing: /home/haruki/dev_ws/install/turtlesim/share/turtlesim/srv/dds_connext/Spawn_.idl
[26.580s] -- Installing: /home/haruki/dev_ws/install/turtlesim/share/turtlesim/srv/dds_connext/SetPen_.idl
[26.580s] -- Up-to-date: /home/haruki/dev_ws/install/turtlesim/include/turtlesim
[26.580s] -- Up-to-date: /home/haruki/dev_ws/install/turtlesim/include/turtlesim/action
[26.580s] -- Installing: /home/haruki/dev_ws/install/turtlesim/include/turtlesim/action/rotate_absolute__rosidl_typesupport_connext_cpp.hpp
[26.580s] -- Up-to-date: /home/haruki/dev_ws/install/turtlesim/include/turtlesim/action/dds_connext
[26.580s] -- Installing: /home/haruki/dev_ws/install/turtlesim/include/turtlesim/action/dds_connext/RotateAbsolute_Plugin.h
[26.580s] -- Installing: /home/haruki/dev_ws/install/turtlesim/include/turtlesim/action/dds_connext/RotateAbsolute_.cxx
[26.580s] -- Installing: /home/haruki/dev_ws/install/turtlesim/include/turtlesim/action/dds_connext/RotateAbsolute_Support.cxx
[26.580s] -- Installing: /home/haruki/dev_ws/install/turtlesim/include/turtlesim/action/dds_connext/RotateAbsolute_.h
[26.581s] -- Installing: /home/haruki/dev_ws/install/turtlesim/include/turtlesim/action/dds_connext/RotateAbsolute_Support.h
[26.581s] -- Installing: /home/haruki/dev_ws/install/turtlesim/include/turtlesim/action/dds_connext/RotateAbsolute_Plugin.cxx
[26.581s] -- Up-to-date: /home/haruki/dev_ws/install/turtlesim/include/turtlesim/srv
[26.581s] -- Installing: /home/haruki/dev_ws/install/turtlesim/include/turtlesim/srv/kill__rosidl_typesupport_connext_cpp.hpp
[26.581s] -- Installing: /home/haruki/dev_ws/install/turtlesim/include/turtlesim/srv/teleport_relative__rosidl_typesupport_connext_cpp.hpp
[26.581s] -- Installing: /home/haruki/dev_ws/install/turtlesim/include/turtlesim/srv/spawn__rosidl_typesupport_connext_cpp.hpp
[26.581s] -- Installing: /home/haruki/dev_ws/install/turtlesim/include/turtlesim/srv/teleport_absolute__rosidl_typesupport_connext_cpp.hpp
[26.581s] -- Installing: /home/haruki/dev_ws/install/turtlesim/include/turtlesim/srv/set_pen__rosidl_typesupport_connext_cpp.hpp
[26.581s] -- Up-to-date: /home/haruki/dev_ws/install/turtlesim/include/turtlesim/srv/dds_connext
[26.581s] -- Installing: /home/haruki/dev_ws/install/turtlesim/include/turtlesim/srv/dds_connext/Spawn_Plugin.h
[26.581s] -- Installing: /home/haruki/dev_ws/install/turtlesim/include/turtlesim/srv/dds_connext/SetPen_Plugin.cxx
[26.581s] -- Installing: /home/haruki/dev_ws/install/turtlesim/include/turtlesim/srv/dds_connext/Spawn_Plugin.cxx
[26.582s] -- Installing: /home/haruki/dev_ws/install/turtlesim/include/turtlesim/srv/dds_connext/TeleportAbsolute_.h
[26.582s] -- Installing: /home/haruki/dev_ws/install/turtlesim/include/turtlesim/srv/dds_connext/Kill_.cxx
[26.582s] -- Installing: /home/haruki/dev_ws/install/turtlesim/include/turtlesim/srv/dds_connext/TeleportRelative_.cxx
[26.582s] -- Installing: /home/haruki/dev_ws/install/turtlesim/include/turtlesim/srv/dds_connext/SetPen_Support.cxx
[26.582s] -- Installing: /home/haruki/dev_ws/install/turtlesim/include/turtlesim/srv/dds_connext/TeleportRelative_Plugin.cxx
[26.582s] -- Installing: /home/haruki/dev_ws/install/turtlesim/include/turtlesim/srv/dds_connext/Kill_Support.cxx
[26.582s] -- Installing: /home/haruki/dev_ws/install/turtlesim/include/turtlesim/srv/dds_connext/Spawn_.h
[26.582s] -- Installing: /home/haruki/dev_ws/install/turtlesim/include/turtlesim/srv/dds_connext/TeleportAbsolute_Support.cxx
[26.582s] -- Installing: /home/haruki/dev_ws/install/turtlesim/include/turtlesim/srv/dds_connext/Kill_.h
[26.582s] -- Installing: /home/haruki/dev_ws/install/turtlesim/include/turtlesim/srv/dds_connext/TeleportRelative_.h
[26.582s] -- Installing: /home/haruki/dev_ws/install/turtlesim/include/turtlesim/srv/dds_connext/TeleportAbsolute_Plugin.cxx
[26.582s] -- Installing: /home/haruki/dev_ws/install/turtlesim/include/turtlesim/srv/dds_connext/SetPen_Plugin.h
[26.582s] -- Installing: /home/haruki/dev_ws/install/turtlesim/include/turtlesim/srv/dds_connext/Kill_Support.h
[26.583s] -- Installing: /home/haruki/dev_ws/install/turtlesim/include/turtlesim/srv/dds_connext/Kill_Plugin.h
[26.583s] -- Installing: /home/haruki/dev_ws/install/turtlesim/include/turtlesim/srv/dds_connext/Spawn_.cxx
[26.583s] -- Installing: /home/haruki/dev_ws/install/turtlesim/include/turtlesim/srv/dds_connext/Spawn_Support.cxx
[26.583s] -- Installing: /home/haruki/dev_ws/install/turtlesim/include/turtlesim/srv/dds_connext/TeleportRelative_Support.h
[26.583s] -- Installing: /home/haruki/dev_ws/install/turtlesim/include/turtlesim/srv/dds_connext/TeleportAbsolute_Plugin.h
[26.583s] -- Installing: /home/haruki/dev_ws/install/turtlesim/include/turtlesim/srv/dds_connext/SetPen_Support.h
[26.583s] -- Installing: /home/haruki/dev_ws/install/turtlesim/include/turtlesim/srv/dds_connext/SetPen_.h
[26.583s] -- Installing: /home/haruki/dev_ws/install/turtlesim/include/turtlesim/srv/dds_connext/SetPen_.cxx
[26.583s] -- Installing: /home/haruki/dev_ws/install/turtlesim/include/turtlesim/srv/dds_connext/TeleportRelative_Plugin.h
[26.583s] -- Installing: /home/haruki/dev_ws/install/turtlesim/include/turtlesim/srv/dds_connext/TeleportRelative_Support.cxx
[26.583s] -- Installing: /home/haruki/dev_ws/install/turtlesim/include/turtlesim/srv/dds_connext/Kill_Plugin.cxx
[26.583s] -- Installing: /home/haruki/dev_ws/install/turtlesim/include/turtlesim/srv/dds_connext/TeleportAbsolute_.cxx
[26.583s] -- Installing: /home/haruki/dev_ws/install/turtlesim/include/turtlesim/srv/dds_connext/Spawn_Support.h
[26.583s] -- Installing: /home/haruki/dev_ws/install/turtlesim/include/turtlesim/srv/dds_connext/TeleportAbsolute_Support.h
[26.584s] -- Up-to-date: /home/haruki/dev_ws/install/turtlesim/include/turtlesim/msg
[26.584s] -- Installing: /home/haruki/dev_ws/install/turtlesim/include/turtlesim/msg/rosidl_typesupport_connext_cpp__visibility_control.h
[26.584s] -- Installing: /home/haruki/dev_ws/install/turtlesim/include/turtlesim/msg/color__rosidl_typesupport_connext_cpp.hpp
[26.584s] -- Installing: /home/haruki/dev_ws/install/turtlesim/include/turtlesim/msg/pose__rosidl_typesupport_connext_cpp.hpp
[26.584s] -- Up-to-date: /home/haruki/dev_ws/install/turtlesim/include/turtlesim/msg/dds_connext
[26.584s] -- Installing: /home/haruki/dev_ws/install/turtlesim/include/turtlesim/msg/dds_connext/Color_.h
[26.584s] -- Installing: /home/haruki/dev_ws/install/turtlesim/include/turtlesim/msg/dds_connext/Color_Support.cxx
[26.584s] -- Installing: /home/haruki/dev_ws/install/turtlesim/include/turtlesim/msg/dds_connext/Pose_Support.cxx
[26.584s] -- Installing: /home/haruki/dev_ws/install/turtlesim/include/turtlesim/msg/dds_connext/Pose_Plugin.cxx
[26.584s] -- Installing: /home/haruki/dev_ws/install/turtlesim/include/turtlesim/msg/dds_connext/Pose_.h
[26.584s] -- Installing: /home/haruki/dev_ws/install/turtlesim/include/turtlesim/msg/dds_connext/Color_Plugin.h
[26.584s] -- Installing: /home/haruki/dev_ws/install/turtlesim/include/turtlesim/msg/dds_connext/Color_Support.h
[26.584s] -- Installing: /home/haruki/dev_ws/install/turtlesim/include/turtlesim/msg/dds_connext/Color_.cxx
[26.584s] -- Installing: /home/haruki/dev_ws/install/turtlesim/include/turtlesim/msg/dds_connext/Pose_Support.h
[26.584s] -- Installing: /home/haruki/dev_ws/install/turtlesim/include/turtlesim/msg/dds_connext/Pose_Plugin.h
[26.584s] -- Installing: /home/haruki/dev_ws/install/turtlesim/include/turtlesim/msg/dds_connext/Pose_.cxx
[26.585s] -- Installing: /home/haruki/dev_ws/install/turtlesim/include/turtlesim/msg/dds_connext/Color_Plugin.cxx
[26.585s] -- Installing: /home/haruki/dev_ws/install/turtlesim/lib/libturtlesim__rosidl_typesupport_connext_cpp.so
[26.587s] -- Set runtime path of "/home/haruki/dev_ws/install/turtlesim/lib/libturtlesim__rosidl_typesupport_connext_cpp.so" to ""
[26.588s] -- Up-to-date: /home/haruki/dev_ws/install/turtlesim/include/turtlesim
[26.588s] -- Up-to-date: /home/haruki/dev_ws/install/turtlesim/include/turtlesim/action
[26.588s] -- Up-to-date: /home/haruki/dev_ws/install/turtlesim/include/turtlesim/action/detail
[26.588s] -- Installing: /home/haruki/dev_ws/install/turtlesim/include/turtlesim/action/detail/rotate_absolute__rosidl_typesupport_fastrtps_c.h
[26.588s] -- Up-to-date: /home/haruki/dev_ws/install/turtlesim/include/turtlesim/srv
[26.588s] -- Up-to-date: /home/haruki/dev_ws/install/turtlesim/include/turtlesim/srv/detail
[26.588s] -- Installing: /home/haruki/dev_ws/install/turtlesim/include/turtlesim/srv/detail/teleport_absolute__rosidl_typesupport_fastrtps_c.h
[26.588s] -- Installing: /home/haruki/dev_ws/install/turtlesim/include/turtlesim/srv/detail/kill__rosidl_typesupport_fastrtps_c.h
[26.588s] -- Installing: /home/haruki/dev_ws/install/turtlesim/include/turtlesim/srv/detail/spawn__rosidl_typesupport_fastrtps_c.h
[26.588s] -- Installing: /home/haruki/dev_ws/install/turtlesim/include/turtlesim/srv/detail/set_pen__rosidl_typesupport_fastrtps_c.h
[26.588s] -- Installing: /home/haruki/dev_ws/install/turtlesim/include/turtlesim/srv/detail/teleport_relative__rosidl_typesupport_fastrtps_c.h
[26.588s] -- Up-to-date: /home/haruki/dev_ws/install/turtlesim/include/turtlesim/msg
[26.588s] -- Up-to-date: /home/haruki/dev_ws/install/turtlesim/include/turtlesim/msg/detail
[26.588s] -- Installing: /home/haruki/dev_ws/install/turtlesim/include/turtlesim/msg/detail/pose__rosidl_typesupport_fastrtps_c.h
[26.588s] -- Installing: /home/haruki/dev_ws/install/turtlesim/include/turtlesim/msg/detail/color__rosidl_typesupport_fastrtps_c.h
[26.588s] -- Installing: /home/haruki/dev_ws/install/turtlesim/include/turtlesim/msg/rosidl_typesupport_fastrtps_c__visibility_control.h
[26.589s] -- Installing: /home/haruki/dev_ws/install/turtlesim/lib/libturtlesim__rosidl_typesupport_fastrtps_c.so
[26.589s] -- Set runtime path of "/home/haruki/dev_ws/install/turtlesim/lib/libturtlesim__rosidl_typesupport_fastrtps_c.so" to ""
[26.589s] -- Up-to-date: /home/haruki/dev_ws/install/turtlesim/include/turtlesim
[26.589s] -- Up-to-date: /home/haruki/dev_ws/install/turtlesim/include/turtlesim/action
[26.589s] -- Up-to-date: /home/haruki/dev_ws/install/turtlesim/include/turtlesim/action/detail
[26.589s] -- Installing: /home/haruki/dev_ws/install/turtlesim/include/turtlesim/action/detail/rotate_absolute__rosidl_typesupport_fastrtps_cpp.hpp
[26.589s] -- Installing: /home/haruki/dev_ws/install/turtlesim/include/turtlesim/action/detail/dds_fastrtps
[26.589s] -- Up-to-date: /home/haruki/dev_ws/install/turtlesim/include/turtlesim/srv
[26.589s] -- Up-to-date: /home/haruki/dev_ws/install/turtlesim/include/turtlesim/srv/detail
[26.589s] -- Installing: /home/haruki/dev_ws/install/turtlesim/include/turtlesim/srv/detail/kill__rosidl_typesupport_fastrtps_cpp.hpp
[26.589s] -- Installing: /home/haruki/dev_ws/install/turtlesim/include/turtlesim/srv/detail/set_pen__rosidl_typesupport_fastrtps_cpp.hpp
[26.589s] -- Installing: /home/haruki/dev_ws/install/turtlesim/include/turtlesim/srv/detail/spawn__rosidl_typesupport_fastrtps_cpp.hpp
[26.589s] -- Installing: /home/haruki/dev_ws/install/turtlesim/include/turtlesim/srv/detail/dds_fastrtps
[26.589s] -- Installing: /home/haruki/dev_ws/install/turtlesim/include/turtlesim/srv/detail/teleport_absolute__rosidl_typesupport_fastrtps_cpp.hpp
[26.590s] -- Installing: /home/haruki/dev_ws/install/turtlesim/include/turtlesim/srv/detail/teleport_relative__rosidl_typesupport_fastrtps_cpp.hpp
[26.590s] -- Up-to-date: /home/haruki/dev_ws/install/turtlesim/include/turtlesim/msg
[26.590s] -- Installing: /home/haruki/dev_ws/install/turtlesim/include/turtlesim/msg/rosidl_typesupport_fastrtps_cpp__visibility_control.h
[26.590s] -- Up-to-date: /home/haruki/dev_ws/install/turtlesim/include/turtlesim/msg/detail
[26.590s] -- Installing: /home/haruki/dev_ws/install/turtlesim/include/turtlesim/msg/detail/dds_fastrtps
[26.590s] -- Installing: /home/haruki/dev_ws/install/turtlesim/include/turtlesim/msg/detail/pose__rosidl_typesupport_fastrtps_cpp.hpp
[26.590s] -- Installing: /home/haruki/dev_ws/install/turtlesim/include/turtlesim/msg/detail/color__rosidl_typesupport_fastrtps_cpp.hpp
[26.590s] -- Installing: /home/haruki/dev_ws/install/turtlesim/lib/libturtlesim__rosidl_typesupport_fastrtps_cpp.so
[26.590s] -- Set runtime path of "/home/haruki/dev_ws/install/turtlesim/lib/libturtlesim__rosidl_typesupport_fastrtps_cpp.so" to ""
[26.590s] -- Up-to-date: /home/haruki/dev_ws/install/turtlesim/include/turtlesim
[26.590s] -- Up-to-date: /home/haruki/dev_ws/install/turtlesim/include/turtlesim/action
[26.590s] -- Up-to-date: /home/haruki/dev_ws/install/turtlesim/include/turtlesim/action/detail
[26.590s] -- Installing: /home/haruki/dev_ws/install/turtlesim/include/turtlesim/action/detail/rotate_absolute__rosidl_typesupport_introspection_c.h
[26.590s] -- Installing: /home/haruki/dev_ws/install/turtlesim/include/turtlesim/action/detail/rotate_absolute__type_support.c
[26.590s] -- Up-to-date: /home/haruki/dev_ws/install/turtlesim/include/turtlesim/srv
[26.591s] -- Up-to-date: /home/haruki/dev_ws/install/turtlesim/include/turtlesim/srv/detail
[26.591s] -- Installing: /home/haruki/dev_ws/install/turtlesim/include/turtlesim/srv/detail/set_pen__rosidl_typesupport_introspection_c.h
[26.591s] -- Installing: /home/haruki/dev_ws/install/turtlesim/include/turtlesim/srv/detail/teleport_absolute__rosidl_typesupport_introspection_c.h
[26.591s] -- Installing: /home/haruki/dev_ws/install/turtlesim/include/turtlesim/srv/detail/spawn__type_support.c
[26.591s] -- Installing: /home/haruki/dev_ws/install/turtlesim/include/turtlesim/srv/detail/kill__type_support.c
[26.591s] -- Installing: /home/haruki/dev_ws/install/turtlesim/include/turtlesim/srv/detail/spawn__rosidl_typesupport_introspection_c.h
[26.591s] -- Installing: /home/haruki/dev_ws/install/turtlesim/include/turtlesim/srv/detail/teleport_absolute__type_support.c
[26.591s] -- Installing: /home/haruki/dev_ws/install/turtlesim/include/turtlesim/srv/detail/teleport_relative__rosidl_typesupport_introspection_c.h
[26.591s] -- Installing: /home/haruki/dev_ws/install/turtlesim/include/turtlesim/srv/detail/kill__rosidl_typesupport_introspection_c.h
[26.591s] -- Installing: /home/haruki/dev_ws/install/turtlesim/include/turtlesim/srv/detail/teleport_relative__type_support.c
[26.591s] -- Installing: /home/haruki/dev_ws/install/turtlesim/include/turtlesim/srv/detail/set_pen__type_support.c
[26.591s] -- Up-to-date: /home/haruki/dev_ws/install/turtlesim/include/turtlesim/msg
[26.591s] -- Up-to-date: /home/haruki/dev_ws/install/turtlesim/include/turtlesim/msg/detail
[26.591s] -- Installing: /home/haruki/dev_ws/install/turtlesim/include/turtlesim/msg/detail/color__rosidl_typesupport_introspection_c.h
[26.591s] -- Installing: /home/haruki/dev_ws/install/turtlesim/include/turtlesim/msg/detail/pose__type_support.c
[26.591s] -- Installing: /home/haruki/dev_ws/install/turtlesim/include/turtlesim/msg/detail/color__type_support.c
[26.592s] -- Installing: /home/haruki/dev_ws/install/turtlesim/include/turtlesim/msg/detail/pose__rosidl_typesupport_introspection_c.h
[26.592s] -- Installing: /home/haruki/dev_ws/install/turtlesim/include/turtlesim/msg/rosidl_typesupport_introspection_c__visibility_control.h
[26.592s] -- Installing: /home/haruki/dev_ws/install/turtlesim/lib/libturtlesim__rosidl_typesupport_introspection_c.so
[26.592s] -- Set runtime path of "/home/haruki/dev_ws/install/turtlesim/lib/libturtlesim__rosidl_typesupport_introspection_c.so" to ""
[26.592s] -- Installing: /home/haruki/dev_ws/install/turtlesim/lib/libturtlesim__rosidl_typesupport_c.so
[26.592s] -- Set runtime path of "/home/haruki/dev_ws/install/turtlesim/lib/libturtlesim__rosidl_typesupport_c.so" to ""
[26.592s] -- Up-to-date: /home/haruki/dev_ws/install/turtlesim/include/turtlesim
[26.593s] -- Up-to-date: /home/haruki/dev_ws/install/turtlesim/include/turtlesim/action
[26.593s] -- Installing: /home/haruki/dev_ws/install/turtlesim/include/turtlesim/action/rotate_absolute.hpp
[26.593s] -- Up-to-date: /home/haruki/dev_ws/install/turtlesim/include/turtlesim/action/detail
[26.593s] -- Installing: /home/haruki/dev_ws/install/turtlesim/include/turtlesim/action/detail/rotate_absolute__struct.hpp
[26.593s] -- Installing: /home/haruki/dev_ws/install/turtlesim/include/turtlesim/action/detail/rotate_absolute__traits.hpp
[26.593s] -- Installing: /home/haruki/dev_ws/install/turtlesim/include/turtlesim/action/detail/rotate_absolute__builder.hpp
[26.593s] -- Up-to-date: /home/haruki/dev_ws/install/turtlesim/include/turtlesim/srv
[26.593s] -- Installing: /home/haruki/dev_ws/install/turtlesim/include/turtlesim/srv/set_pen.hpp
[26.593s] -- Installing: /home/haruki/dev_ws/install/turtlesim/include/turtlesim/srv/teleport_absolute.hpp
[26.593s] -- Installing: /home/haruki/dev_ws/install/turtlesim/include/turtlesim/srv/spawn.hpp
[26.593s] -- Installing: /home/haruki/dev_ws/install/turtlesim/include/turtlesim/srv/kill.hpp
[26.593s] -- Up-to-date: /home/haruki/dev_ws/install/turtlesim/include/turtlesim/srv/detail
[26.593s] -- Installing: /home/haruki/dev_ws/install/turtlesim/include/turtlesim/srv/detail/teleport_relative__traits.hpp
[26.593s] -- Installing: /home/haruki/dev_ws/install/turtlesim/include/turtlesim/srv/detail/teleport_relative__struct.hpp
[26.593s] -- Installing: /home/haruki/dev_ws/install/turtlesim/include/turtlesim/srv/detail/spawn__struct.hpp
[26.593s] -- Installing: /home/haruki/dev_ws/install/turtlesim/include/turtlesim/srv/detail/teleport_absolute__struct.hpp
[26.594s] -- Installing: /home/haruki/dev_ws/install/turtlesim/include/turtlesim/srv/detail/kill__struct.hpp
[26.594s] -- Installing: /home/haruki/dev_ws/install/turtlesim/include/turtlesim/srv/detail/teleport_absolute__builder.hpp
[26.594s] -- Installing: /home/haruki/dev_ws/install/turtlesim/include/turtlesim/srv/detail/spawn__traits.hpp
[26.594s] -- Installing: /home/haruki/dev_ws/install/turtlesim/include/turtlesim/srv/detail/set_pen__traits.hpp
[26.594s] -- Installing: /home/haruki/dev_ws/install/turtlesim/include/turtlesim/srv/detail/kill__traits.hpp
[26.594s] -- Installing: /home/haruki/dev_ws/install/turtlesim/include/turtlesim/srv/detail/kill__builder.hpp
[26.594s] -- Installing: /home/haruki/dev_ws/install/turtlesim/include/turtlesim/srv/detail/set_pen__builder.hpp
[26.594s] -- Installing: /home/haruki/dev_ws/install/turtlesim/include/turtlesim/srv/detail/teleport_relative__builder.hpp
[26.594s] -- Installing: /home/haruki/dev_ws/install/turtlesim/include/turtlesim/srv/detail/teleport_absolute__traits.hpp
[26.594s] -- Installing: /home/haruki/dev_ws/install/turtlesim/include/turtlesim/srv/detail/set_pen__struct.hpp
[26.594s] -- Installing: /home/haruki/dev_ws/install/turtlesim/include/turtlesim/srv/detail/spawn__builder.hpp
[26.594s] -- Installing: /home/haruki/dev_ws/install/turtlesim/include/turtlesim/srv/teleport_relative.hpp
[26.594s] -- Up-to-date: /home/haruki/dev_ws/install/turtlesim/include/turtlesim/msg
[26.594s] -- Installing: /home/haruki/dev_ws/install/turtlesim/include/turtlesim/msg/pose.hpp
[26.594s] -- Installing: /home/haruki/dev_ws/install/turtlesim/include/turtlesim/msg/color.hpp
[26.594s] -- Up-to-date: /home/haruki/dev_ws/install/turtlesim/include/turtlesim/msg/detail
[26.594s] -- Installing: /home/haruki/dev_ws/install/turtlesim/include/turtlesim/msg/detail/pose__struct.hpp
[26.595s] -- Installing: /home/haruki/dev_ws/install/turtlesim/include/turtlesim/msg/detail/color__builder.hpp
[26.595s] -- Installing: /home/haruki/dev_ws/install/turtlesim/include/turtlesim/msg/detail/color__traits.hpp
[26.595s] -- Installing: /home/haruki/dev_ws/install/turtlesim/include/turtlesim/msg/detail/color__struct.hpp
[26.595s] -- Installing: /home/haruki/dev_ws/install/turtlesim/include/turtlesim/msg/detail/pose__traits.hpp
[26.595s] -- Installing: /home/haruki/dev_ws/install/turtlesim/include/turtlesim/msg/detail/pose__builder.hpp
[26.595s] -- Up-to-date: /home/haruki/dev_ws/install/turtlesim/include/turtlesim
[26.595s] -- Up-to-date: /home/haruki/dev_ws/install/turtlesim/include/turtlesim/action
[26.595s] -- Up-to-date: /home/haruki/dev_ws/install/turtlesim/include/turtlesim/action/detail
[26.595s] -- Installing: /home/haruki/dev_ws/install/turtlesim/include/turtlesim/action/detail/rotate_absolute__type_support.cpp
[26.595s] -- Installing: /home/haruki/dev_ws/install/turtlesim/include/turtlesim/action/detail/rotate_absolute__rosidl_typesupport_introspection_cpp.hpp
[26.595s] -- Up-to-date: /home/haruki/dev_ws/install/turtlesim/include/turtlesim/srv
[26.595s] -- Up-to-date: /home/haruki/dev_ws/install/turtlesim/include/turtlesim/srv/detail
[26.595s] -- Installing: /home/haruki/dev_ws/install/turtlesim/include/turtlesim/srv/detail/kill__type_support.cpp
[26.596s] -- Installing: /home/haruki/dev_ws/install/turtlesim/include/turtlesim/srv/detail/spawn__rosidl_typesupport_introspection_cpp.hpp
[26.596s] -- Installing: /home/haruki/dev_ws/install/turtlesim/include/turtlesim/srv/detail/teleport_relative__rosidl_typesupport_introspection_cpp.hpp
[26.596s] -- Installing: /home/haruki/dev_ws/install/turtlesim/include/turtlesim/srv/detail/teleport_absolute__type_support.cpp
[26.596s] -- Installing: /home/haruki/dev_ws/install/turtlesim/include/turtlesim/srv/detail/set_pen__type_support.cpp
[26.596s] -- Installing: /home/haruki/dev_ws/install/turtlesim/include/turtlesim/srv/detail/spawn__type_support.cpp
[26.596s] -- Installing: /home/haruki/dev_ws/install/turtlesim/include/turtlesim/srv/detail/kill__rosidl_typesupport_introspection_cpp.hpp
[26.596s] -- Installing: /home/haruki/dev_ws/install/turtlesim/include/turtlesim/srv/detail/teleport_relative__type_support.cpp
[26.596s] -- Installing: /home/haruki/dev_ws/install/turtlesim/include/turtlesim/srv/detail/set_pen__rosidl_typesupport_introspection_cpp.hpp
[26.596s] -- Installing: /home/haruki/dev_ws/install/turtlesim/include/turtlesim/srv/detail/teleport_absolute__rosidl_typesupport_introspection_cpp.hpp
[26.596s] -- Up-to-date: /home/haruki/dev_ws/install/turtlesim/include/turtlesim/msg
[26.596s] -- Up-to-date: /home/haruki/dev_ws/install/turtlesim/include/turtlesim/msg/detail
[26.596s] -- Installing: /home/haruki/dev_ws/install/turtlesim/include/turtlesim/msg/detail/pose__rosidl_typesupport_introspection_cpp.hpp
[26.596s] -- Installing: /home/haruki/dev_ws/install/turtlesim/include/turtlesim/msg/detail/color__type_support.cpp
[26.596s] -- Installing: /home/haruki/dev_ws/install/turtlesim/include/turtlesim/msg/detail/color__rosidl_typesupport_introspection_cpp.hpp
[26.596s] -- Installing: /home/haruki/dev_ws/install/turtlesim/include/turtlesim/msg/detail/pose__type_support.cpp
[26.596s] -- Installing: /home/haruki/dev_ws/install/turtlesim/lib/libturtlesim__rosidl_typesupport_introspection_cpp.so
[26.597s] -- Set runtime path of "/home/haruki/dev_ws/install/turtlesim/lib/libturtlesim__rosidl_typesupport_introspection_cpp.so" to ""
[26.597s] -- Installing: /home/haruki/dev_ws/install/turtlesim/lib/libturtlesim__rosidl_typesupport_cpp.so
[26.597s] -- Set runtime path of "/home/haruki/dev_ws/install/turtlesim/lib/libturtlesim__rosidl_typesupport_cpp.so" to ""
[26.597s] -- Installing: /home/haruki/dev_ws/install/turtlesim/share/turtlesim/environment/pythonpath.sh
[26.597s] -- Installing: /home/haruki/dev_ws/install/turtlesim/share/turtlesim/environment/pythonpath.dsv
[26.597s] -- Installing: /home/haruki/dev_ws/install/turtlesim/lib/python3.8/site-packages/turtlesim/__init__.py
[26.620s] Compiling '/home/haruki/dev_ws/install/turtlesim/lib/python3.8/site-packages/turtlesim/__init__.py'...
[26.623s] -- Installing: /home/haruki/dev_ws/install/turtlesim/lib/python3.8/site-packages/turtlesim/action
[26.623s] -- Installing: /home/haruki/dev_ws/install/turtlesim/lib/python3.8/site-packages/turtlesim/action/_rotate_absolute_s.c
[26.623s] -- Installing: /home/haruki/dev_ws/install/turtlesim/lib/python3.8/site-packages/turtlesim/action/__init__.py
[26.623s] -- Installing: /home/haruki/dev_ws/install/turtlesim/lib/python3.8/site-packages/turtlesim/action/_rotate_absolute.py
[26.623s] -- Installing: /home/haruki/dev_ws/install/turtlesim/lib/python3.8/site-packages/turtlesim/msg
[26.623s] -- Installing: /home/haruki/dev_ws/install/turtlesim/lib/python3.8/site-packages/turtlesim/msg/_pose_s.c
[26.623s] -- Installing: /home/haruki/dev_ws/install/turtlesim/lib/python3.8/site-packages/turtlesim/msg/_color.py
[26.623s] -- Installing: /home/haruki/dev_ws/install/turtlesim/lib/python3.8/site-packages/turtlesim/msg/_color_s.c
[26.623s] -- Installing: /home/haruki/dev_ws/install/turtlesim/lib/python3.8/site-packages/turtlesim/msg/__init__.py
[26.624s] -- Installing: /home/haruki/dev_ws/install/turtlesim/lib/python3.8/site-packages/turtlesim/msg/_pose.py
[26.624s] -- Installing: /home/haruki/dev_ws/install/turtlesim/lib/python3.8/site-packages/turtlesim/srv
[26.624s] -- Installing: /home/haruki/dev_ws/install/turtlesim/lib/python3.8/site-packages/turtlesim/srv/_spawn_s.c
[26.624s] -- Installing: /home/haruki/dev_ws/install/turtlesim/lib/python3.8/site-packages/turtlesim/srv/_set_pen.py
[26.624s] -- Installing: /home/haruki/dev_ws/install/turtlesim/lib/python3.8/site-packages/turtlesim/srv/_set_pen_s.c
[26.624s] -- Installing: /home/haruki/dev_ws/install/turtlesim/lib/python3.8/site-packages/turtlesim/srv/_teleport_absolute_s.c
[26.624s] -- Installing: /home/haruki/dev_ws/install/turtlesim/lib/python3.8/site-packages/turtlesim/srv/_teleport_relative_s.c
[26.624s] -- Installing: /home/haruki/dev_ws/install/turtlesim/lib/python3.8/site-packages/turtlesim/srv/_teleport_relative.py
[26.624s] -- Installing: /home/haruki/dev_ws/install/turtlesim/lib/python3.8/site-packages/turtlesim/srv/_kill.py
[26.624s] -- Installing: /home/haruki/dev_ws/install/turtlesim/lib/python3.8/site-packages/turtlesim/srv/__init__.py
[26.624s] -- Installing: /home/haruki/dev_ws/install/turtlesim/lib/python3.8/site-packages/turtlesim/srv/_kill_s.c
[26.624s] -- Installing: /home/haruki/dev_ws/install/turtlesim/lib/python3.8/site-packages/turtlesim/srv/_teleport_absolute.py
[26.624s] -- Installing: /home/haruki/dev_ws/install/turtlesim/lib/python3.8/site-packages/turtlesim/srv/_spawn.py
[26.625s] -- Installing: /home/haruki/dev_ws/install/turtlesim/lib/python3.8/site-packages/turtlesim/turtlesim_s__rosidl_typesupport_connext_c.cpython-38-x86_64-linux-gnu.so
[26.625s] -- Set runtime path of "/home/haruki/dev_ws/install/turtlesim/lib/python3.8/site-packages/turtlesim/turtlesim_s__rosidl_typesupport_connext_c.cpython-38-x86_64-linux-gnu.so" to ""
[26.625s] -- Installing: /home/haruki/dev_ws/install/turtlesim/lib/python3.8/site-packages/turtlesim/turtlesim_s__rosidl_typesupport_fastrtps_c.cpython-38-x86_64-linux-gnu.so
[26.626s] -- Set runtime path of "/home/haruki/dev_ws/install/turtlesim/lib/python3.8/site-packages/turtlesim/turtlesim_s__rosidl_typesupport_fastrtps_c.cpython-38-x86_64-linux-gnu.so" to ""
[26.626s] -- Installing: /home/haruki/dev_ws/install/turtlesim/lib/python3.8/site-packages/turtlesim/turtlesim_s__rosidl_typesupport_introspection_c.cpython-38-x86_64-linux-gnu.so
[26.626s] -- Set runtime path of "/home/haruki/dev_ws/install/turtlesim/lib/python3.8/site-packages/turtlesim/turtlesim_s__rosidl_typesupport_introspection_c.cpython-38-x86_64-linux-gnu.so" to ""
[26.627s] -- Installing: /home/haruki/dev_ws/install/turtlesim/lib/python3.8/site-packages/turtlesim/turtlesim_s__rosidl_typesupport_c.cpython-38-x86_64-linux-gnu.so
[26.627s] -- Set runtime path of "/home/haruki/dev_ws/install/turtlesim/lib/python3.8/site-packages/turtlesim/turtlesim_s__rosidl_typesupport_c.cpython-38-x86_64-linux-gnu.so" to ""
[26.627s] -- Installing: /home/haruki/dev_ws/install/turtlesim/lib/libturtlesim__python.so
[26.627s] -- Set runtime path of "/home/haruki/dev_ws/install/turtlesim/lib/libturtlesim__python.so" to ""
[26.628s] -- Installing: /home/haruki/dev_ws/install/turtlesim/share/turtlesim/action/RotateAbsolute.idl
[26.628s] -- Installing: /home/haruki/dev_ws/install/turtlesim/share/turtlesim/msg/Color.idl
[26.628s] -- Installing: /home/haruki/dev_ws/install/turtlesim/share/turtlesim/msg/Pose.idl
[26.628s] -- Installing: /home/haruki/dev_ws/install/turtlesim/share/turtlesim/srv/Kill.idl
[26.628s] -- Installing: /home/haruki/dev_ws/install/turtlesim/share/turtlesim/srv/SetPen.idl
[26.628s] -- Installing: /home/haruki/dev_ws/install/turtlesim/share/turtlesim/srv/Spawn.idl
[26.628s] -- Installing: /home/haruki/dev_ws/install/turtlesim/share/turtlesim/srv/TeleportAbsolute.idl
[26.628s] -- Installing: /home/haruki/dev_ws/install/turtlesim/share/turtlesim/srv/TeleportRelative.idl
[26.628s] -- Installing: /home/haruki/dev_ws/install/turtlesim/share/turtlesim/action/RotateAbsolute.action
[26.628s] -- Installing: /home/haruki/dev_ws/install/turtlesim/share/turtlesim/msg/Color.msg
[26.628s] -- Installing: /home/haruki/dev_ws/install/turtlesim/share/turtlesim/msg/Pose.msg
[26.629s] -- Installing: /home/haruki/dev_ws/install/turtlesim/share/turtlesim/srv/Kill.srv
[26.629s] -- Installing: /home/haruki/dev_ws/install/turtlesim/share/turtlesim/srv/Kill_Request.msg
[26.629s] -- Installing: /home/haruki/dev_ws/install/turtlesim/share/turtlesim/srv/Kill_Response.msg
[26.629s] -- Installing: /home/haruki/dev_ws/install/turtlesim/share/turtlesim/srv/SetPen.srv
[26.629s] -- Installing: /home/haruki/dev_ws/install/turtlesim/share/turtlesim/srv/SetPen_Request.msg
[26.629s] -- Installing: /home/haruki/dev_ws/install/turtlesim/share/turtlesim/srv/SetPen_Response.msg
[26.629s] -- Installing: /home/haruki/dev_ws/install/turtlesim/share/turtlesim/srv/Spawn.srv
[26.629s] -- Installing: /home/haruki/dev_ws/install/turtlesim/share/turtlesim/srv/Spawn_Request.msg
[26.629s] -- Installing: /home/haruki/dev_ws/install/turtlesim/share/turtlesim/srv/Spawn_Response.msg
[26.630s] -- Installing: /home/haruki/dev_ws/install/turtlesim/share/turtlesim/srv/TeleportAbsolute.srv
[26.630s] -- Installing: /home/haruki/dev_ws/install/turtlesim/share/turtlesim/srv/TeleportAbsolute_Request.msg
[26.630s] -- Installing: /home/haruki/dev_ws/install/turtlesim/share/turtlesim/srv/TeleportAbsolute_Response.msg
[26.630s] -- Installing: /home/haruki/dev_ws/install/turtlesim/share/turtlesim/srv/TeleportRelative.srv
[26.630s] -- Installing: /home/haruki/dev_ws/install/turtlesim/share/turtlesim/srv/TeleportRelative_Request.msg
[26.630s] -- Installing: /home/haruki/dev_ws/install/turtlesim/share/turtlesim/srv/TeleportRelative_Response.msg
[26.630s] -- Installing: /home/haruki/dev_ws/install/turtlesim/lib/turtlesim/turtlesim_node
[26.633s] -- Set runtime path of "/home/haruki/dev_ws/install/turtlesim/lib/turtlesim/turtlesim_node" to ""
[26.633s] -- Installing: /home/haruki/dev_ws/install/turtlesim/lib/turtlesim/turtle_teleop_key
[26.635s] -- Set runtime path of "/home/haruki/dev_ws/install/turtlesim/lib/turtlesim/turtle_teleop_key" to ""
[26.635s] -- Installing: /home/haruki/dev_ws/install/turtlesim/lib/turtlesim/draw_square
[26.636s] -- Set runtime path of "/home/haruki/dev_ws/install/turtlesim/lib/turtlesim/draw_square" to ""
[26.636s] -- Installing: /home/haruki/dev_ws/install/turtlesim/lib/turtlesim/mimic
[26.638s] -- Set runtime path of "/home/haruki/dev_ws/install/turtlesim/lib/turtlesim/mimic" to ""
[26.638s] -- Installing: /home/haruki/dev_ws/install/turtlesim/share/turtlesim/images
[26.638s] -- Installing: /home/haruki/dev_ws/install/turtlesim/share/turtlesim/images/eloquent.png
[26.638s] -- Installing: /home/haruki/dev_ws/install/turtlesim/share/turtlesim/images/ardent.png
[26.638s] -- Installing: /home/haruki/dev_ws/install/turtlesim/share/turtlesim/images/bouncy.png
[26.639s] -- Installing: /home/haruki/dev_ws/install/turtlesim/share/turtlesim/images/crystal.png
[26.639s] -- Installing: /home/haruki/dev_ws/install/turtlesim/share/turtlesim/images/dashing.png
[26.639s] -- Installing: /home/haruki/dev_ws/install/turtlesim/share/turtlesim/images/foxy.png
[26.639s] -- Installing: /home/haruki/dev_ws/install/turtlesim/share/turtlesim/launch
[26.639s] -- Installing: /home/haruki/dev_ws/install/turtlesim/share/turtlesim/launch/multisim.launch.py
[26.639s] -- Installing: /home/haruki/dev_ws/install/turtlesim/share/ament_index/resource_index/package_run_dependencies/turtlesim
[26.639s] -- Installing: /home/haruki/dev_ws/install/turtlesim/share/ament_index/resource_index/parent_prefix_path/turtlesim
[26.640s] -- Installing: /home/haruki/dev_ws/install/turtlesim/share/turtlesim/environment/ament_prefix_path.sh
[26.640s] -- Installing: /home/haruki/dev_ws/install/turtlesim/share/turtlesim/environment/ament_prefix_path.dsv
[26.640s] -- Installing: /home/haruki/dev_ws/install/turtlesim/share/turtlesim/environment/path.sh
[26.640s] -- Installing: /home/haruki/dev_ws/install/turtlesim/share/turtlesim/environment/path.dsv
[26.640s] -- Installing: /home/haruki/dev_ws/install/turtlesim/share/turtlesim/local_setup.bash
[26.640s] -- Installing: /home/haruki/dev_ws/install/turtlesim/share/turtlesim/local_setup.sh
[26.640s] -- Installing: /home/haruki/dev_ws/install/turtlesim/share/turtlesim/local_setup.zsh
[26.640s] -- Installing: /home/haruki/dev_ws/install/turtlesim/share/turtlesim/local_setup.dsv
[26.640s] -- Installing: /home/haruki/dev_ws/install/turtlesim/share/turtlesim/package.dsv
[26.640s] -- Installing: /home/haruki/dev_ws/install/turtlesim/share/ament_index/resource_index/packages/turtlesim
[26.641s] -- Installing: /home/haruki/dev_ws/install/turtlesim/share/turtlesim/cmake/turtlesim__rosidl_generator_cExport.cmake
[26.641s] -- Installing: /home/haruki/dev_ws/install/turtlesim/share/turtlesim/cmake/turtlesim__rosidl_generator_cExport-noconfig.cmake
[26.641s] -- Installing: /home/haruki/dev_ws/install/turtlesim/share/turtlesim/cmake/turtlesim__rosidl_typesupport_introspection_cExport.cmake
[26.641s] -- Installing: /home/haruki/dev_ws/install/turtlesim/share/turtlesim/cmake/turtlesim__rosidl_typesupport_introspection_cExport-noconfig.cmake
[26.641s] -- Installing: /home/haruki/dev_ws/install/turtlesim/share/turtlesim/cmake/turtlesim__rosidl_typesupport_cExport.cmake
[26.641s] -- Installing: /home/haruki/dev_ws/install/turtlesim/share/turtlesim/cmake/turtlesim__rosidl_typesupport_cExport-noconfig.cmake
[26.641s] -- Installing: /home/haruki/dev_ws/install/turtlesim/share/turtlesim/cmake/turtlesim__rosidl_generator_cppExport.cmake
[26.641s] -- Installing: /home/haruki/dev_ws/install/turtlesim/share/turtlesim/cmake/turtlesim__rosidl_typesupport_introspection_cppExport.cmake
[26.641s] -- Installing: /home/haruki/dev_ws/install/turtlesim/share/turtlesim/cmake/turtlesim__rosidl_typesupport_introspection_cppExport-noconfig.cmake
[26.642s] -- Installing: /home/haruki/dev_ws/install/turtlesim/share/turtlesim/cmake/turtlesim__rosidl_typesupport_cppExport.cmake
[26.642s] -- Installing: /home/haruki/dev_ws/install/turtlesim/share/turtlesim/cmake/turtlesim__rosidl_typesupport_cppExport-noconfig.cmake
[26.642s] -- Installing: /home/haruki/dev_ws/install/turtlesim/share/turtlesim/cmake/rosidl_cmake-extras.cmake
[26.642s] -- Installing: /home/haruki/dev_ws/install/turtlesim/share/turtlesim/cmake/ament_cmake_export_dependencies-extras.cmake
[26.642s] -- Installing: /home/haruki/dev_ws/install/turtlesim/share/turtlesim/cmake/ament_cmake_export_libraries-extras.cmake
[26.642s] -- Installing: /home/haruki/dev_ws/install/turtlesim/share/turtlesim/cmake/ament_cmake_export_targets-extras.cmake
[26.642s] -- Installing: /home/haruki/dev_ws/install/turtlesim/share/turtlesim/cmake/ament_cmake_export_include_directories-extras.cmake
[26.642s] -- Installing: /home/haruki/dev_ws/install/turtlesim/share/turtlesim/cmake/rosidl_cmake_export_typesupport_libraries-extras.cmake
[26.642s] -- Installing: /home/haruki/dev_ws/install/turtlesim/share/turtlesim/cmake/rosidl_cmake_export_typesupport_targets-extras.cmake
[26.642s] -- Installing: /home/haruki/dev_ws/install/turtlesim/share/turtlesim/cmake/turtlesimConfig.cmake
[26.643s] -- Installing: /home/haruki/dev_ws/install/turtlesim/share/turtlesim/cmake/turtlesimConfig-version.cmake
[26.643s] -- Installing: /home/haruki/dev_ws/install/turtlesim/share/turtlesim/package.xml
[26.645s] Invoked command in '/home/haruki/dev_ws/build/turtlesim' returned '0': CMAKE_PREFIX_PATH=/opt/ros/foxy /usr/bin/cmake --install /home/haruki/dev_ws/build/turtlesim
